[2021-08-21 01:25:32,896] {taskinstance.py:896} INFO - Dependencies all met for <TaskInstance: user_processing.storing_user 2021-08-21T01:25:26.638183+00:00 [queued]>
[2021-08-21 01:25:32,920] {taskinstance.py:896} INFO - Dependencies all met for <TaskInstance: user_processing.storing_user 2021-08-21T01:25:26.638183+00:00 [queued]>
[2021-08-21 01:25:32,921] {taskinstance.py:1087} INFO - 
--------------------------------------------------------------------------------
[2021-08-21 01:25:32,921] {taskinstance.py:1088} INFO - Starting attempt 1 of 1
[2021-08-21 01:25:32,921] {taskinstance.py:1089} INFO - 
--------------------------------------------------------------------------------
[2021-08-21 01:25:32,934] {taskinstance.py:1107} INFO - Executing <Task(BashOperator): storing_user> on 2021-08-21T01:25:26.638183+00:00
[2021-08-21 01:25:32,940] {standard_task_runner.py:52} INFO - Started process 11860 to run task
[2021-08-21 01:25:32,945] {standard_task_runner.py:76} INFO - Running: ['***', 'tasks', 'run', 'user_processing', 'storing_user', '2021-08-21T01:25:26.638183+00:00', '--job-id', '32', '--pool', 'default_pool', '--raw', '--subdir', 'DAGS_FOLDER/user_processing.py', '--cfg-path', '/tmp/tmp2ah1bsnc', '--error-file', '/tmp/tmpmd5zh_fp']
[2021-08-21 01:25:32,945] {standard_task_runner.py:77} INFO - Job 32: Subtask storing_user
[2021-08-21 01:25:32,991] {logging_mixin.py:104} INFO - Running <TaskInstance: user_processing.storing_user 2021-08-21T01:25:26.638183+00:00 [running]> on host 07cd8e03eca8
[2021-08-21 01:25:33,063] {taskinstance.py:1302} INFO - Exporting the following env vars:
AIRFLOW_CTX_DAG_OWNER=***
AIRFLOW_CTX_DAG_ID=user_processing
AIRFLOW_CTX_TASK_ID=storing_user
AIRFLOW_CTX_EXECUTION_DATE=2021-08-21T01:25:26.638183+00:00
AIRFLOW_CTX_DAG_RUN_ID=manual__2021-08-21T01:25:26.638183+00:00
[2021-08-21 01:25:33,064] {subprocess.py:52} INFO - Tmp dir root location: 
 /tmp
[2021-08-21 01:25:33,065] {subprocess.py:63} INFO - Running command: ['bash', '-c', 'psql postgresql://***:***@postgres/*** -c "\\copy users FROM \'/tmp/processed_user.csv\' delimiter \',\' csv"']
[2021-08-21 01:25:33,081] {subprocess.py:74} INFO - Output:
[2021-08-21 01:25:33,135] {subprocess.py:78} INFO - COPY 2
[2021-08-21 01:25:33,136] {subprocess.py:82} INFO - Command exited with return code 0
[2021-08-21 01:25:33,176] {taskinstance.py:1211} INFO - Marking task as SUCCESS. dag_id=user_processing, task_id=storing_user, execution_date=20210821T012526, start_date=20210821T012532, end_date=20210821T012533
[2021-08-21 01:25:33,219] {taskinstance.py:1265} INFO - 1 downstream tasks scheduled from follow-on schedule check
[2021-08-21 01:25:33,235] {local_task_job.py:149} INFO - Task exited with return code 0
