[2021-08-21 01:21:12,347] {taskinstance.py:896} INFO - Dependencies all met for <TaskInstance: user_processing.extracting_user 2021-08-21T01:21:07.877900+00:00 [queued]>
[2021-08-21 01:21:12,373] {taskinstance.py:896} INFO - Dependencies all met for <TaskInstance: user_processing.extracting_user 2021-08-21T01:21:07.877900+00:00 [queued]>
[2021-08-21 01:21:12,374] {taskinstance.py:1087} INFO - 
--------------------------------------------------------------------------------
[2021-08-21 01:21:12,374] {taskinstance.py:1088} INFO - Starting attempt 1 of 1
[2021-08-21 01:21:12,374] {taskinstance.py:1089} INFO - 
--------------------------------------------------------------------------------
[2021-08-21 01:21:12,385] {taskinstance.py:1107} INFO - Executing <Task(SimpleHttpOperator): extracting_user> on 2021-08-21T01:21:07.877900+00:00
[2021-08-21 01:21:12,390] {standard_task_runner.py:52} INFO - Started process 11293 to run task
[2021-08-21 01:21:12,395] {standard_task_runner.py:76} INFO - Running: ['***', 'tasks', 'run', 'user_processing', 'extracting_user', '2021-08-21T01:21:07.877900+00:00', '--job-id', '20', '--pool', 'default_pool', '--raw', '--subdir', 'DAGS_FOLDER/user_processing.py', '--cfg-path', '/tmp/tmpi97op5eh', '--error-file', '/tmp/tmpk1xoprgw']
[2021-08-21 01:21:12,396] {standard_task_runner.py:77} INFO - Job 20: Subtask extracting_user
[2021-08-21 01:21:12,446] {logging_mixin.py:104} INFO - Running <TaskInstance: user_processing.extracting_user 2021-08-21T01:21:07.877900+00:00 [running]> on host 07cd8e03eca8
[2021-08-21 01:21:12,518] {taskinstance.py:1302} INFO - Exporting the following env vars:
AIRFLOW_CTX_DAG_OWNER=***
AIRFLOW_CTX_DAG_ID=user_processing
AIRFLOW_CTX_TASK_ID=extracting_user
AIRFLOW_CTX_EXECUTION_DATE=2021-08-21T01:21:07.877900+00:00
AIRFLOW_CTX_DAG_RUN_ID=manual__2021-08-21T01:21:07.877900+00:00
[2021-08-21 01:21:12,519] {http.py:111} INFO - Calling HTTP method
[2021-08-21 01:21:12,531] {base.py:78} INFO - Using connection to: id: user_api. Host: https://randomuser.me/, Port: None, Schema: , Login: , Password: None, extra: {}
[2021-08-21 01:21:12,535] {http.py:140} INFO - Sending 'GET' to url: https://randomuser.me/api/?nat=us,gb
[2021-08-21 01:21:12,956] {http.py:115} INFO - {"results":[{"gender":"female","name":{"title":"Miss","first":"Amy","last":"Lowe"},"location":{"street":{"number":2329,"name":"School Lane"},"city":"Swansea","state":"Humberside","country":"United Kingdom","postcode":"A20 7TY","coordinates":{"latitude":"31.8275","longitude":"12.5983"},"timezone":{"offset":"+6:00","description":"Almaty, Dhaka, Colombo"}},"email":"amy.lowe@example.com","login":{"uuid":"180c3be8-92b4-4020-b846-8311e837b442","username":"greenleopard299","password":"diesel","salt":"jRpdkdoH","md5":"c3819ce6a710e7e18d3f5363fa5e9b03","sha1":"a5da77b4c8c8dd8e70eb56f972a537148a6ade71","sha256":"2ec93db418c48b6c9aed073f2861cbb7b1aff599096eb5b0aa31ad921f3697cc"},"dob":{"date":"1950-10-16T03:36:12.623Z","age":71},"registered":{"date":"2004-03-07T06:28:47.639Z","age":17},"phone":"017683 11483","cell":"0732-532-692","id":{"name":"NINO","value":"EE 40 89 53 B"},"picture":{"large":"https://randomuser.me/api/portraits/women/90.jpg","medium":"https://randomuser.me/api/portraits/med/women/90.jpg","thumbnail":"https://randomuser.me/api/portraits/thumb/women/90.jpg"},"nat":"GB"}],"info":{"seed":"bfb817cf4ca672ce","results":1,"page":1,"version":"1.3"}}
[2021-08-21 01:21:12,990] {taskinstance.py:1211} INFO - Marking task as SUCCESS. dag_id=user_processing, task_id=extracting_user, execution_date=20210821T012107, start_date=20210821T012112, end_date=20210821T012112
[2021-08-21 01:21:13,026] {taskinstance.py:1265} INFO - 1 downstream tasks scheduled from follow-on schedule check
[2021-08-21 01:21:13,046] {local_task_job.py:149} INFO - Task exited with return code 0
