[2021-08-21 01:25:45,344] {taskinstance.py:896} INFO - Dependencies all met for <TaskInstance: user_processing.storing_user 2021-08-21T01:25:39.186200+00:00 [queued]>
[2021-08-21 01:25:45,366] {taskinstance.py:896} INFO - Dependencies all met for <TaskInstance: user_processing.storing_user 2021-08-21T01:25:39.186200+00:00 [queued]>
[2021-08-21 01:25:45,367] {taskinstance.py:1087} INFO - 
--------------------------------------------------------------------------------
[2021-08-21 01:25:45,367] {taskinstance.py:1088} INFO - Starting attempt 1 of 1
[2021-08-21 01:25:45,367] {taskinstance.py:1089} INFO - 
--------------------------------------------------------------------------------
[2021-08-21 01:25:45,379] {taskinstance.py:1107} INFO - Executing <Task(BashOperator): storing_user> on 2021-08-21T01:25:39.186200+00:00
[2021-08-21 01:25:45,385] {standard_task_runner.py:52} INFO - Started process 11906 to run task
[2021-08-21 01:25:45,387] {standard_task_runner.py:76} INFO - Running: ['***', 'tasks', 'run', 'user_processing', 'storing_user', '2021-08-21T01:25:39.186200+00:00', '--job-id', '38', '--pool', 'default_pool', '--raw', '--subdir', 'DAGS_FOLDER/user_processing.py', '--cfg-path', '/tmp/tmpu9kwxcd2', '--error-file', '/tmp/tmpteuej1bi']
[2021-08-21 01:25:45,388] {standard_task_runner.py:77} INFO - Job 38: Subtask storing_user
[2021-08-21 01:25:45,437] {logging_mixin.py:104} INFO - Running <TaskInstance: user_processing.storing_user 2021-08-21T01:25:39.186200+00:00 [running]> on host 07cd8e03eca8
[2021-08-21 01:25:45,508] {taskinstance.py:1302} INFO - Exporting the following env vars:
AIRFLOW_CTX_DAG_OWNER=***
AIRFLOW_CTX_DAG_ID=user_processing
AIRFLOW_CTX_TASK_ID=storing_user
AIRFLOW_CTX_EXECUTION_DATE=2021-08-21T01:25:39.186200+00:00
AIRFLOW_CTX_DAG_RUN_ID=manual__2021-08-21T01:25:39.186200+00:00
[2021-08-21 01:25:45,510] {subprocess.py:52} INFO - Tmp dir root location: 
 /tmp
[2021-08-21 01:25:45,511] {subprocess.py:63} INFO - Running command: ['bash', '-c', 'psql postgresql://***:***@postgres/*** -c "\\copy users FROM \'/tmp/processed_user.csv\' delimiter \',\' csv"']
[2021-08-21 01:25:45,529] {subprocess.py:74} INFO - Output:
[2021-08-21 01:25:45,587] {subprocess.py:78} INFO - ERROR:  duplicate key value violates unique constraint "users_pkey"
[2021-08-21 01:25:45,588] {subprocess.py:78} INFO - DETAIL:  Key (email)=(email) already exists.
[2021-08-21 01:25:45,588] {subprocess.py:78} INFO - CONTEXT:  COPY users, line 1
[2021-08-21 01:25:45,588] {subprocess.py:82} INFO - Command exited with return code 1
[2021-08-21 01:25:45,601] {taskinstance.py:1501} ERROR - Task failed with exception
Traceback (most recent call last):
  File "/home/airflow/.local/lib/python3.6/site-packages/airflow/models/taskinstance.py", line 1157, in _run_raw_task
    self._prepare_and_execute_task_with_callbacks(context, task)
  File "/home/airflow/.local/lib/python3.6/site-packages/airflow/models/taskinstance.py", line 1331, in _prepare_and_execute_task_with_callbacks
    result = self._execute_task(context, task_copy)
  File "/home/airflow/.local/lib/python3.6/site-packages/airflow/models/taskinstance.py", line 1361, in _execute_task
    result = task_copy.execute(context=context)
  File "/home/airflow/.local/lib/python3.6/site-packages/airflow/operators/bash.py", line 176, in execute
    raise AirflowException('Bash command failed. The command returned a non-zero exit code.')
airflow.exceptions.AirflowException: Bash command failed. The command returned a non-zero exit code.
[2021-08-21 01:25:45,603] {taskinstance.py:1551} INFO - Marking task as FAILED. dag_id=user_processing, task_id=storing_user, execution_date=20210821T012539, start_date=20210821T012545, end_date=20210821T012545
[2021-08-21 01:25:45,639] {local_task_job.py:149} INFO - Task exited with return code 1
