[2021-08-20 23:14:54,643] {scheduler_job.py:181} INFO - Started process (PID=1327) to work on /opt/airflow/dags/user_processing.py
[2021-08-20 23:14:54,644] {scheduler_job.py:632} INFO - Processing file /opt/airflow/dags/user_processing.py for tasks to queue
[2021-08-20 23:14:54,644] {logging_mixin.py:104} INFO - [2021-08-20 23:14:54,644] {dagbag.py:496} INFO - Filling up the DagBag from /opt/airflow/dags/user_processing.py
[2021-08-20 23:14:54,694] {scheduler_job.py:642} INFO - DAG(s) dict_keys(['user_processing']) retrieved from /opt/airflow/dags/user_processing.py
[2021-08-20 23:14:59,130] {logging_mixin.py:104} INFO - [2021-08-20 23:14:59,130] {dag.py:1833} INFO - Sync 1 DAGs
[2021-08-20 23:14:59,142] {logging_mixin.py:104} INFO - [2021-08-20 23:14:59,141] {dag.py:1852} INFO - Creating ORM DAG for user_processing
[2021-08-20 23:14:59,150] {logging_mixin.py:104} INFO - [2021-08-20 23:14:59,150] {dag.py:2306} INFO - Setting next_dagrun for user_processing to 2021-08-19 00:00:00+00:00
[2021-08-20 23:14:59,161] {scheduler_job.py:189} INFO - Processing /opt/airflow/dags/user_processing.py took 4.522 seconds
[2021-08-20 23:15:14,223] {scheduler_job.py:181} INFO - Started process (PID=24) to work on /opt/airflow/dags/user_processing.py
[2021-08-20 23:15:14,225] {scheduler_job.py:632} INFO - Processing file /opt/airflow/dags/user_processing.py for tasks to queue
[2021-08-20 23:15:14,226] {logging_mixin.py:104} INFO - [2021-08-20 23:15:14,225] {dagbag.py:496} INFO - Filling up the DagBag from /opt/airflow/dags/user_processing.py
[2021-08-20 23:15:14,241] {scheduler_job.py:642} INFO - DAG(s) dict_keys(['user_processing']) retrieved from /opt/airflow/dags/user_processing.py
[2021-08-20 23:15:14,255] {logging_mixin.py:104} INFO - [2021-08-20 23:15:14,255] {dag.py:1833} INFO - Sync 1 DAGs
[2021-08-20 23:15:14,283] {logging_mixin.py:104} INFO - [2021-08-20 23:15:14,283] {dag.py:2306} INFO - Setting next_dagrun for user_processing to 2021-08-19 00:00:00+00:00
[2021-08-20 23:15:14,293] {scheduler_job.py:189} INFO - Processing /opt/airflow/dags/user_processing.py took 0.074 seconds
[2021-08-20 23:15:44,333] {scheduler_job.py:181} INFO - Started process (PID=45) to work on /opt/airflow/dags/user_processing.py
[2021-08-20 23:15:44,335] {scheduler_job.py:632} INFO - Processing file /opt/airflow/dags/user_processing.py for tasks to queue
[2021-08-20 23:15:44,335] {logging_mixin.py:104} INFO - [2021-08-20 23:15:44,335] {dagbag.py:496} INFO - Filling up the DagBag from /opt/airflow/dags/user_processing.py
[2021-08-20 23:15:44,349] {scheduler_job.py:642} INFO - DAG(s) dict_keys(['user_processing']) retrieved from /opt/airflow/dags/user_processing.py
[2021-08-20 23:15:44,371] {logging_mixin.py:104} INFO - [2021-08-20 23:15:44,371] {dag.py:1833} INFO - Sync 1 DAGs
[2021-08-20 23:15:44,392] {logging_mixin.py:104} INFO - [2021-08-20 23:15:44,392] {dag.py:2306} INFO - Setting next_dagrun for user_processing to 2021-08-19 00:00:00+00:00
[2021-08-20 23:15:44,400] {scheduler_job.py:189} INFO - Processing /opt/airflow/dags/user_processing.py took 0.071 seconds
[2021-08-20 23:16:14,456] {scheduler_job.py:181} INFO - Started process (PID=77) to work on /opt/airflow/dags/user_processing.py
[2021-08-20 23:16:14,457] {scheduler_job.py:632} INFO - Processing file /opt/airflow/dags/user_processing.py for tasks to queue
[2021-08-20 23:16:14,457] {logging_mixin.py:104} INFO - [2021-08-20 23:16:14,457] {dagbag.py:496} INFO - Filling up the DagBag from /opt/airflow/dags/user_processing.py
[2021-08-20 23:16:14,474] {scheduler_job.py:642} INFO - DAG(s) dict_keys(['user_processing']) retrieved from /opt/airflow/dags/user_processing.py
[2021-08-20 23:16:14,496] {logging_mixin.py:104} INFO - [2021-08-20 23:16:14,496] {dag.py:1833} INFO - Sync 1 DAGs
[2021-08-20 23:16:14,515] {logging_mixin.py:104} INFO - [2021-08-20 23:16:14,515] {dag.py:2306} INFO - Setting next_dagrun for user_processing to 2021-08-19 00:00:00+00:00
[2021-08-20 23:16:14,524] {scheduler_job.py:189} INFO - Processing /opt/airflow/dags/user_processing.py took 0.072 seconds
[2021-08-20 23:16:44,553] {scheduler_job.py:181} INFO - Started process (PID=108) to work on /opt/airflow/dags/user_processing.py
[2021-08-20 23:16:44,555] {scheduler_job.py:632} INFO - Processing file /opt/airflow/dags/user_processing.py for tasks to queue
[2021-08-20 23:16:44,555] {logging_mixin.py:104} INFO - [2021-08-20 23:16:44,555] {dagbag.py:496} INFO - Filling up the DagBag from /opt/airflow/dags/user_processing.py
[2021-08-20 23:16:44,568] {scheduler_job.py:642} INFO - DAG(s) dict_keys(['user_processing']) retrieved from /opt/airflow/dags/user_processing.py
[2021-08-20 23:16:44,584] {logging_mixin.py:104} INFO - [2021-08-20 23:16:44,584] {dag.py:1833} INFO - Sync 1 DAGs
[2021-08-20 23:16:44,605] {logging_mixin.py:104} INFO - [2021-08-20 23:16:44,605] {dag.py:2306} INFO - Setting next_dagrun for user_processing to 2021-08-19 00:00:00+00:00
[2021-08-20 23:16:44,613] {scheduler_job.py:189} INFO - Processing /opt/airflow/dags/user_processing.py took 0.064 seconds
[2021-08-20 23:17:14,691] {scheduler_job.py:181} INFO - Started process (PID=129) to work on /opt/airflow/dags/user_processing.py
[2021-08-20 23:17:14,692] {scheduler_job.py:632} INFO - Processing file /opt/airflow/dags/user_processing.py for tasks to queue
[2021-08-20 23:17:14,693] {logging_mixin.py:104} INFO - [2021-08-20 23:17:14,693] {dagbag.py:496} INFO - Filling up the DagBag from /opt/airflow/dags/user_processing.py
[2021-08-20 23:17:14,708] {scheduler_job.py:642} INFO - DAG(s) dict_keys(['user_processing']) retrieved from /opt/airflow/dags/user_processing.py
[2021-08-20 23:17:14,731] {logging_mixin.py:104} INFO - [2021-08-20 23:17:14,730] {dag.py:1833} INFO - Sync 1 DAGs
[2021-08-20 23:17:14,751] {logging_mixin.py:104} INFO - [2021-08-20 23:17:14,751] {dag.py:2306} INFO - Setting next_dagrun for user_processing to 2021-08-19 00:00:00+00:00
[2021-08-20 23:17:14,758] {scheduler_job.py:189} INFO - Processing /opt/airflow/dags/user_processing.py took 0.071 seconds
[2021-08-20 23:17:44,789] {scheduler_job.py:181} INFO - Started process (PID=160) to work on /opt/airflow/dags/user_processing.py
[2021-08-20 23:17:44,793] {scheduler_job.py:632} INFO - Processing file /opt/airflow/dags/user_processing.py for tasks to queue
[2021-08-20 23:17:44,793] {logging_mixin.py:104} INFO - [2021-08-20 23:17:44,793] {dagbag.py:496} INFO - Filling up the DagBag from /opt/airflow/dags/user_processing.py
[2021-08-20 23:17:44,806] {scheduler_job.py:642} INFO - DAG(s) dict_keys(['user_processing']) retrieved from /opt/airflow/dags/user_processing.py
[2021-08-20 23:17:44,831] {logging_mixin.py:104} INFO - [2021-08-20 23:17:44,831] {dag.py:1833} INFO - Sync 1 DAGs
[2021-08-20 23:17:44,849] {logging_mixin.py:104} INFO - [2021-08-20 23:17:44,849] {dag.py:2306} INFO - Setting next_dagrun for user_processing to 2021-08-19 00:00:00+00:00
[2021-08-20 23:17:44,858] {scheduler_job.py:189} INFO - Processing /opt/airflow/dags/user_processing.py took 0.072 seconds
[2021-08-20 23:18:14,905] {scheduler_job.py:181} INFO - Started process (PID=183) to work on /opt/airflow/dags/user_processing.py
[2021-08-20 23:18:14,906] {scheduler_job.py:632} INFO - Processing file /opt/airflow/dags/user_processing.py for tasks to queue
[2021-08-20 23:18:14,906] {logging_mixin.py:104} INFO - [2021-08-20 23:18:14,906] {dagbag.py:496} INFO - Filling up the DagBag from /opt/airflow/dags/user_processing.py
[2021-08-20 23:18:14,922] {scheduler_job.py:642} INFO - DAG(s) dict_keys(['user_processing']) retrieved from /opt/airflow/dags/user_processing.py
[2021-08-20 23:18:14,940] {logging_mixin.py:104} INFO - [2021-08-20 23:18:14,940] {dag.py:1833} INFO - Sync 1 DAGs
[2021-08-20 23:18:14,958] {logging_mixin.py:104} INFO - [2021-08-20 23:18:14,958] {dag.py:2306} INFO - Setting next_dagrun for user_processing to 2021-08-19 00:00:00+00:00
[2021-08-20 23:18:14,965] {scheduler_job.py:189} INFO - Processing /opt/airflow/dags/user_processing.py took 0.063 seconds
[2021-08-20 23:18:45,019] {scheduler_job.py:181} INFO - Started process (PID=215) to work on /opt/airflow/dags/user_processing.py
[2021-08-20 23:18:45,020] {scheduler_job.py:632} INFO - Processing file /opt/airflow/dags/user_processing.py for tasks to queue
[2021-08-20 23:18:45,020] {logging_mixin.py:104} INFO - [2021-08-20 23:18:45,020] {dagbag.py:496} INFO - Filling up the DagBag from /opt/airflow/dags/user_processing.py
[2021-08-20 23:18:45,035] {scheduler_job.py:642} INFO - DAG(s) dict_keys(['user_processing']) retrieved from /opt/airflow/dags/user_processing.py
[2021-08-20 23:18:45,061] {logging_mixin.py:104} INFO - [2021-08-20 23:18:45,061] {dag.py:1833} INFO - Sync 1 DAGs
[2021-08-20 23:18:45,081] {logging_mixin.py:104} INFO - [2021-08-20 23:18:45,081] {dag.py:2306} INFO - Setting next_dagrun for user_processing to 2021-08-19 00:00:00+00:00
[2021-08-20 23:18:45,092] {scheduler_job.py:189} INFO - Processing /opt/airflow/dags/user_processing.py took 0.077 seconds
[2021-08-20 23:19:15,119] {scheduler_job.py:181} INFO - Started process (PID=245) to work on /opt/airflow/dags/user_processing.py
[2021-08-20 23:19:15,121] {scheduler_job.py:632} INFO - Processing file /opt/airflow/dags/user_processing.py for tasks to queue
[2021-08-20 23:19:15,122] {logging_mixin.py:104} INFO - [2021-08-20 23:19:15,121] {dagbag.py:496} INFO - Filling up the DagBag from /opt/airflow/dags/user_processing.py
[2021-08-20 23:19:15,137] {scheduler_job.py:642} INFO - DAG(s) dict_keys(['user_processing']) retrieved from /opt/airflow/dags/user_processing.py
[2021-08-20 23:19:15,159] {logging_mixin.py:104} INFO - [2021-08-20 23:19:15,159] {dag.py:1833} INFO - Sync 1 DAGs
[2021-08-20 23:19:15,180] {logging_mixin.py:104} INFO - [2021-08-20 23:19:15,180] {dag.py:2306} INFO - Setting next_dagrun for user_processing to 2021-08-19 00:00:00+00:00
[2021-08-20 23:19:15,189] {scheduler_job.py:189} INFO - Processing /opt/airflow/dags/user_processing.py took 0.073 seconds
[2021-08-20 23:19:45,251] {scheduler_job.py:181} INFO - Started process (PID=267) to work on /opt/airflow/dags/user_processing.py
[2021-08-20 23:19:45,252] {scheduler_job.py:632} INFO - Processing file /opt/airflow/dags/user_processing.py for tasks to queue
[2021-08-20 23:19:45,253] {logging_mixin.py:104} INFO - [2021-08-20 23:19:45,253] {dagbag.py:496} INFO - Filling up the DagBag from /opt/airflow/dags/user_processing.py
[2021-08-20 23:19:45,268] {scheduler_job.py:642} INFO - DAG(s) dict_keys(['user_processing']) retrieved from /opt/airflow/dags/user_processing.py
[2021-08-20 23:19:45,285] {logging_mixin.py:104} INFO - [2021-08-20 23:19:45,285] {dag.py:1833} INFO - Sync 1 DAGs
[2021-08-20 23:19:45,306] {logging_mixin.py:104} INFO - [2021-08-20 23:19:45,305] {dag.py:2306} INFO - Setting next_dagrun for user_processing to 2021-08-19 00:00:00+00:00
[2021-08-20 23:19:45,314] {scheduler_job.py:189} INFO - Processing /opt/airflow/dags/user_processing.py took 0.066 seconds
[2021-08-20 23:20:15,380] {scheduler_job.py:181} INFO - Started process (PID=298) to work on /opt/airflow/dags/user_processing.py
[2021-08-20 23:20:15,380] {scheduler_job.py:632} INFO - Processing file /opt/airflow/dags/user_processing.py for tasks to queue
[2021-08-20 23:20:15,381] {logging_mixin.py:104} INFO - [2021-08-20 23:20:15,381] {dagbag.py:496} INFO - Filling up the DagBag from /opt/airflow/dags/user_processing.py
[2021-08-20 23:20:15,393] {scheduler_job.py:642} INFO - DAG(s) dict_keys(['user_processing']) retrieved from /opt/airflow/dags/user_processing.py
[2021-08-20 23:20:15,417] {logging_mixin.py:104} INFO - [2021-08-20 23:20:15,417] {dag.py:1833} INFO - Sync 1 DAGs
[2021-08-20 23:20:15,435] {logging_mixin.py:104} INFO - [2021-08-20 23:20:15,435] {dag.py:2306} INFO - Setting next_dagrun for user_processing to 2021-08-19 00:00:00+00:00
[2021-08-20 23:20:15,444] {scheduler_job.py:189} INFO - Processing /opt/airflow/dags/user_processing.py took 0.068 seconds
[2021-08-20 23:20:45,480] {scheduler_job.py:181} INFO - Started process (PID=319) to work on /opt/airflow/dags/user_processing.py
[2021-08-20 23:20:45,482] {scheduler_job.py:632} INFO - Processing file /opt/airflow/dags/user_processing.py for tasks to queue
[2021-08-20 23:20:45,483] {logging_mixin.py:104} INFO - [2021-08-20 23:20:45,483] {dagbag.py:496} INFO - Filling up the DagBag from /opt/airflow/dags/user_processing.py
[2021-08-20 23:20:45,495] {scheduler_job.py:642} INFO - DAG(s) dict_keys(['user_processing']) retrieved from /opt/airflow/dags/user_processing.py
[2021-08-20 23:20:45,518] {logging_mixin.py:104} INFO - [2021-08-20 23:20:45,518] {dag.py:1833} INFO - Sync 1 DAGs
[2021-08-20 23:20:45,548] {logging_mixin.py:104} INFO - [2021-08-20 23:20:45,548] {dag.py:2306} INFO - Setting next_dagrun for user_processing to 2021-08-19 00:00:00+00:00
[2021-08-20 23:20:45,556] {scheduler_job.py:189} INFO - Processing /opt/airflow/dags/user_processing.py took 0.079 seconds
[2021-08-20 23:21:15,596] {scheduler_job.py:181} INFO - Started process (PID=351) to work on /opt/airflow/dags/user_processing.py
[2021-08-20 23:21:15,597] {scheduler_job.py:632} INFO - Processing file /opt/airflow/dags/user_processing.py for tasks to queue
[2021-08-20 23:21:15,598] {logging_mixin.py:104} INFO - [2021-08-20 23:21:15,598] {dagbag.py:496} INFO - Filling up the DagBag from /opt/airflow/dags/user_processing.py
[2021-08-20 23:21:15,614] {scheduler_job.py:642} INFO - DAG(s) dict_keys(['user_processing']) retrieved from /opt/airflow/dags/user_processing.py
[2021-08-20 23:21:15,635] {logging_mixin.py:104} INFO - [2021-08-20 23:21:15,635] {dag.py:1833} INFO - Sync 1 DAGs
[2021-08-20 23:21:15,655] {logging_mixin.py:104} INFO - [2021-08-20 23:21:15,655] {dag.py:2306} INFO - Setting next_dagrun for user_processing to 2021-08-19 00:00:00+00:00
[2021-08-20 23:21:15,665] {scheduler_job.py:189} INFO - Processing /opt/airflow/dags/user_processing.py took 0.072 seconds
[2021-08-20 23:21:45,713] {scheduler_job.py:181} INFO - Started process (PID=372) to work on /opt/airflow/dags/user_processing.py
[2021-08-20 23:21:45,713] {scheduler_job.py:632} INFO - Processing file /opt/airflow/dags/user_processing.py for tasks to queue
[2021-08-20 23:21:45,714] {logging_mixin.py:104} INFO - [2021-08-20 23:21:45,714] {dagbag.py:496} INFO - Filling up the DagBag from /opt/airflow/dags/user_processing.py
[2021-08-20 23:21:45,730] {scheduler_job.py:642} INFO - DAG(s) dict_keys(['user_processing']) retrieved from /opt/airflow/dags/user_processing.py
[2021-08-20 23:21:45,753] {logging_mixin.py:104} INFO - [2021-08-20 23:21:45,752] {dag.py:1833} INFO - Sync 1 DAGs
[2021-08-20 23:21:45,774] {logging_mixin.py:104} INFO - [2021-08-20 23:21:45,774] {dag.py:2306} INFO - Setting next_dagrun for user_processing to 2021-08-19 00:00:00+00:00
[2021-08-20 23:21:45,783] {scheduler_job.py:189} INFO - Processing /opt/airflow/dags/user_processing.py took 0.073 seconds
[2021-08-20 23:22:15,822] {scheduler_job.py:181} INFO - Started process (PID=403) to work on /opt/airflow/dags/user_processing.py
[2021-08-20 23:22:15,824] {scheduler_job.py:632} INFO - Processing file /opt/airflow/dags/user_processing.py for tasks to queue
[2021-08-20 23:22:15,825] {logging_mixin.py:104} INFO - [2021-08-20 23:22:15,825] {dagbag.py:496} INFO - Filling up the DagBag from /opt/airflow/dags/user_processing.py
[2021-08-20 23:22:15,839] {scheduler_job.py:642} INFO - DAG(s) dict_keys(['user_processing']) retrieved from /opt/airflow/dags/user_processing.py
[2021-08-20 23:22:15,862] {logging_mixin.py:104} INFO - [2021-08-20 23:22:15,862] {dag.py:1833} INFO - Sync 1 DAGs
[2021-08-20 23:22:15,881] {logging_mixin.py:104} INFO - [2021-08-20 23:22:15,880] {dag.py:2306} INFO - Setting next_dagrun for user_processing to 2021-08-19 00:00:00+00:00
[2021-08-20 23:22:15,889] {scheduler_job.py:189} INFO - Processing /opt/airflow/dags/user_processing.py took 0.072 seconds
[2021-08-20 23:22:45,947] {scheduler_job.py:181} INFO - Started process (PID=434) to work on /opt/airflow/dags/user_processing.py
[2021-08-20 23:22:45,949] {scheduler_job.py:632} INFO - Processing file /opt/airflow/dags/user_processing.py for tasks to queue
[2021-08-20 23:22:45,950] {logging_mixin.py:104} INFO - [2021-08-20 23:22:45,950] {dagbag.py:496} INFO - Filling up the DagBag from /opt/airflow/dags/user_processing.py
[2021-08-20 23:22:45,966] {scheduler_job.py:642} INFO - DAG(s) dict_keys(['user_processing']) retrieved from /opt/airflow/dags/user_processing.py
[2021-08-20 23:22:45,991] {logging_mixin.py:104} INFO - [2021-08-20 23:22:45,991] {dag.py:1833} INFO - Sync 1 DAGs
[2021-08-20 23:22:46,008] {logging_mixin.py:104} INFO - [2021-08-20 23:22:46,008] {dag.py:2306} INFO - Setting next_dagrun for user_processing to 2021-08-19 00:00:00+00:00
[2021-08-20 23:22:46,016] {scheduler_job.py:189} INFO - Processing /opt/airflow/dags/user_processing.py took 0.072 seconds
[2021-08-20 23:23:16,049] {scheduler_job.py:181} INFO - Started process (PID=455) to work on /opt/airflow/dags/user_processing.py
[2021-08-20 23:23:16,050] {scheduler_job.py:632} INFO - Processing file /opt/airflow/dags/user_processing.py for tasks to queue
[2021-08-20 23:23:16,051] {logging_mixin.py:104} INFO - [2021-08-20 23:23:16,051] {dagbag.py:496} INFO - Filling up the DagBag from /opt/airflow/dags/user_processing.py
[2021-08-20 23:23:16,064] {scheduler_job.py:642} INFO - DAG(s) dict_keys(['user_processing']) retrieved from /opt/airflow/dags/user_processing.py
[2021-08-20 23:23:16,084] {logging_mixin.py:104} INFO - [2021-08-20 23:23:16,084] {dag.py:1833} INFO - Sync 1 DAGs
[2021-08-20 23:23:16,102] {logging_mixin.py:104} INFO - [2021-08-20 23:23:16,102] {dag.py:2306} INFO - Setting next_dagrun for user_processing to 2021-08-19 00:00:00+00:00
[2021-08-20 23:23:16,109] {scheduler_job.py:189} INFO - Processing /opt/airflow/dags/user_processing.py took 0.063 seconds
[2021-08-20 23:23:46,176] {scheduler_job.py:181} INFO - Started process (PID=486) to work on /opt/airflow/dags/user_processing.py
[2021-08-20 23:23:46,177] {scheduler_job.py:632} INFO - Processing file /opt/airflow/dags/user_processing.py for tasks to queue
[2021-08-20 23:23:46,178] {logging_mixin.py:104} INFO - [2021-08-20 23:23:46,178] {dagbag.py:496} INFO - Filling up the DagBag from /opt/airflow/dags/user_processing.py
[2021-08-20 23:23:46,195] {scheduler_job.py:642} INFO - DAG(s) dict_keys(['user_processing']) retrieved from /opt/airflow/dags/user_processing.py
[2021-08-20 23:23:46,222] {logging_mixin.py:104} INFO - [2021-08-20 23:23:46,222] {dag.py:1833} INFO - Sync 1 DAGs
[2021-08-20 23:23:46,241] {logging_mixin.py:104} INFO - [2021-08-20 23:23:46,241] {dag.py:2306} INFO - Setting next_dagrun for user_processing to 2021-08-19 00:00:00+00:00
[2021-08-20 23:23:46,248] {scheduler_job.py:189} INFO - Processing /opt/airflow/dags/user_processing.py took 0.074 seconds
[2021-08-20 23:24:16,276] {scheduler_job.py:181} INFO - Started process (PID=507) to work on /opt/airflow/dags/user_processing.py
[2021-08-20 23:24:16,276] {scheduler_job.py:632} INFO - Processing file /opt/airflow/dags/user_processing.py for tasks to queue
[2021-08-20 23:24:16,277] {logging_mixin.py:104} INFO - [2021-08-20 23:24:16,277] {dagbag.py:496} INFO - Filling up the DagBag from /opt/airflow/dags/user_processing.py
[2021-08-20 23:24:16,290] {scheduler_job.py:642} INFO - DAG(s) dict_keys(['user_processing']) retrieved from /opt/airflow/dags/user_processing.py
[2021-08-20 23:24:16,310] {logging_mixin.py:104} INFO - [2021-08-20 23:24:16,310] {dag.py:1833} INFO - Sync 1 DAGs
[2021-08-20 23:24:16,331] {logging_mixin.py:104} INFO - [2021-08-20 23:24:16,331] {dag.py:2306} INFO - Setting next_dagrun for user_processing to 2021-08-19 00:00:00+00:00
[2021-08-20 23:24:16,339] {scheduler_job.py:189} INFO - Processing /opt/airflow/dags/user_processing.py took 0.067 seconds
[2021-08-20 23:24:46,417] {scheduler_job.py:181} INFO - Started process (PID=539) to work on /opt/airflow/dags/user_processing.py
[2021-08-20 23:24:46,419] {scheduler_job.py:632} INFO - Processing file /opt/airflow/dags/user_processing.py for tasks to queue
[2021-08-20 23:24:46,419] {logging_mixin.py:104} INFO - [2021-08-20 23:24:46,419] {dagbag.py:496} INFO - Filling up the DagBag from /opt/airflow/dags/user_processing.py
[2021-08-20 23:24:46,432] {scheduler_job.py:642} INFO - DAG(s) dict_keys(['user_processing']) retrieved from /opt/airflow/dags/user_processing.py
[2021-08-20 23:24:46,453] {logging_mixin.py:104} INFO - [2021-08-20 23:24:46,453] {dag.py:1833} INFO - Sync 1 DAGs
[2021-08-20 23:24:46,472] {logging_mixin.py:104} INFO - [2021-08-20 23:24:46,472] {dag.py:2306} INFO - Setting next_dagrun for user_processing to 2021-08-19 00:00:00+00:00
[2021-08-20 23:24:46,480] {scheduler_job.py:189} INFO - Processing /opt/airflow/dags/user_processing.py took 0.068 seconds
[2021-08-20 23:35:45,781] {scheduler_job.py:181} INFO - Started process (PID=164) to work on /opt/airflow/dags/user_processing.py
[2021-08-20 23:35:45,783] {scheduler_job.py:632} INFO - Processing file /opt/airflow/dags/user_processing.py for tasks to queue
[2021-08-20 23:35:45,784] {logging_mixin.py:104} INFO - [2021-08-20 23:35:45,784] {dagbag.py:496} INFO - Filling up the DagBag from /opt/airflow/dags/user_processing.py
[2021-08-20 23:35:45,807] {scheduler_job.py:642} INFO - DAG(s) dict_keys(['user_processing']) retrieved from /opt/airflow/dags/user_processing.py
[2021-08-20 23:35:45,838] {logging_mixin.py:104} INFO - [2021-08-20 23:35:45,838] {dag.py:1833} INFO - Sync 1 DAGs
[2021-08-20 23:35:45,856] {logging_mixin.py:104} INFO - [2021-08-20 23:35:45,856] {dag.py:2306} INFO - Setting next_dagrun for user_processing to 2021-08-19 00:00:00+00:00
[2021-08-20 23:35:45,867] {scheduler_job.py:189} INFO - Processing /opt/airflow/dags/user_processing.py took 0.092 seconds
[2021-08-20 23:36:15,940] {scheduler_job.py:181} INFO - Started process (PID=200) to work on /opt/airflow/dags/user_processing.py
[2021-08-20 23:36:15,941] {scheduler_job.py:632} INFO - Processing file /opt/airflow/dags/user_processing.py for tasks to queue
[2021-08-20 23:36:15,941] {logging_mixin.py:104} INFO - [2021-08-20 23:36:15,941] {dagbag.py:496} INFO - Filling up the DagBag from /opt/airflow/dags/user_processing.py
[2021-08-20 23:36:15,956] {scheduler_job.py:642} INFO - DAG(s) dict_keys(['user_processing']) retrieved from /opt/airflow/dags/user_processing.py
[2021-08-20 23:36:15,980] {logging_mixin.py:104} INFO - [2021-08-20 23:36:15,980] {dag.py:1833} INFO - Sync 1 DAGs
[2021-08-20 23:36:15,999] {logging_mixin.py:104} INFO - [2021-08-20 23:36:15,998] {dag.py:2306} INFO - Setting next_dagrun for user_processing to 2021-08-19 00:00:00+00:00
[2021-08-20 23:36:16,009] {scheduler_job.py:189} INFO - Processing /opt/airflow/dags/user_processing.py took 0.073 seconds
[2021-08-20 23:36:46,034] {scheduler_job.py:181} INFO - Started process (PID=225) to work on /opt/airflow/dags/user_processing.py
[2021-08-20 23:36:46,036] {scheduler_job.py:632} INFO - Processing file /opt/airflow/dags/user_processing.py for tasks to queue
[2021-08-20 23:36:46,037] {logging_mixin.py:104} INFO - [2021-08-20 23:36:46,037] {dagbag.py:496} INFO - Filling up the DagBag from /opt/airflow/dags/user_processing.py
[2021-08-20 23:36:46,052] {scheduler_job.py:642} INFO - DAG(s) dict_keys(['user_processing']) retrieved from /opt/airflow/dags/user_processing.py
[2021-08-20 23:36:46,075] {logging_mixin.py:104} INFO - [2021-08-20 23:36:46,075] {dag.py:1833} INFO - Sync 1 DAGs
[2021-08-20 23:36:46,094] {logging_mixin.py:104} INFO - [2021-08-20 23:36:46,094] {dag.py:2306} INFO - Setting next_dagrun for user_processing to 2021-08-19 00:00:00+00:00
[2021-08-20 23:36:46,102] {scheduler_job.py:189} INFO - Processing /opt/airflow/dags/user_processing.py took 0.073 seconds
[2021-08-20 23:37:16,189] {scheduler_job.py:181} INFO - Started process (PID=260) to work on /opt/airflow/dags/user_processing.py
[2021-08-20 23:37:16,190] {scheduler_job.py:632} INFO - Processing file /opt/airflow/dags/user_processing.py for tasks to queue
[2021-08-20 23:37:16,190] {logging_mixin.py:104} INFO - [2021-08-20 23:37:16,190] {dagbag.py:496} INFO - Filling up the DagBag from /opt/airflow/dags/user_processing.py
[2021-08-20 23:37:16,206] {scheduler_job.py:642} INFO - DAG(s) dict_keys(['user_processing']) retrieved from /opt/airflow/dags/user_processing.py
[2021-08-20 23:37:16,224] {logging_mixin.py:104} INFO - [2021-08-20 23:37:16,224] {dag.py:1833} INFO - Sync 1 DAGs
[2021-08-20 23:37:16,248] {logging_mixin.py:104} INFO - [2021-08-20 23:37:16,248] {dag.py:2306} INFO - Setting next_dagrun for user_processing to 2021-08-19 00:00:00+00:00
[2021-08-20 23:37:16,255] {scheduler_job.py:189} INFO - Processing /opt/airflow/dags/user_processing.py took 0.069 seconds
[2021-08-20 23:37:46,287] {scheduler_job.py:181} INFO - Started process (PID=285) to work on /opt/airflow/dags/user_processing.py
[2021-08-20 23:37:46,288] {scheduler_job.py:632} INFO - Processing file /opt/airflow/dags/user_processing.py for tasks to queue
[2021-08-20 23:37:46,288] {logging_mixin.py:104} INFO - [2021-08-20 23:37:46,288] {dagbag.py:496} INFO - Filling up the DagBag from /opt/airflow/dags/user_processing.py
[2021-08-20 23:37:46,303] {scheduler_job.py:642} INFO - DAG(s) dict_keys(['user_processing']) retrieved from /opt/airflow/dags/user_processing.py
[2021-08-20 23:37:46,326] {logging_mixin.py:104} INFO - [2021-08-20 23:37:46,326] {dag.py:1833} INFO - Sync 1 DAGs
[2021-08-20 23:37:46,345] {logging_mixin.py:104} INFO - [2021-08-20 23:37:46,345] {dag.py:2306} INFO - Setting next_dagrun for user_processing to 2021-08-19 00:00:00+00:00
[2021-08-20 23:37:46,352] {scheduler_job.py:189} INFO - Processing /opt/airflow/dags/user_processing.py took 0.068 seconds
[2021-08-20 23:38:16,418] {scheduler_job.py:181} INFO - Started process (PID=320) to work on /opt/airflow/dags/user_processing.py
[2021-08-20 23:38:16,418] {scheduler_job.py:632} INFO - Processing file /opt/airflow/dags/user_processing.py for tasks to queue
[2021-08-20 23:38:16,419] {logging_mixin.py:104} INFO - [2021-08-20 23:38:16,419] {dagbag.py:496} INFO - Filling up the DagBag from /opt/airflow/dags/user_processing.py
[2021-08-20 23:38:16,438] {scheduler_job.py:642} INFO - DAG(s) dict_keys(['user_processing']) retrieved from /opt/airflow/dags/user_processing.py
[2021-08-20 23:38:16,461] {logging_mixin.py:104} INFO - [2021-08-20 23:38:16,461] {dag.py:1833} INFO - Sync 1 DAGs
[2021-08-20 23:38:16,481] {logging_mixin.py:104} INFO - [2021-08-20 23:38:16,481] {dag.py:2306} INFO - Setting next_dagrun for user_processing to 2021-08-19 00:00:00+00:00
[2021-08-20 23:38:16,489] {scheduler_job.py:189} INFO - Processing /opt/airflow/dags/user_processing.py took 0.073 seconds
[2021-08-20 23:38:46,517] {scheduler_job.py:181} INFO - Started process (PID=355) to work on /opt/airflow/dags/user_processing.py
[2021-08-20 23:38:46,518] {scheduler_job.py:632} INFO - Processing file /opt/airflow/dags/user_processing.py for tasks to queue
[2021-08-20 23:38:46,522] {logging_mixin.py:104} INFO - [2021-08-20 23:38:46,521] {dagbag.py:496} INFO - Filling up the DagBag from /opt/airflow/dags/user_processing.py
[2021-08-20 23:38:46,536] {scheduler_job.py:642} INFO - DAG(s) dict_keys(['user_processing']) retrieved from /opt/airflow/dags/user_processing.py
[2021-08-20 23:38:46,553] {logging_mixin.py:104} INFO - [2021-08-20 23:38:46,553] {dag.py:1833} INFO - Sync 1 DAGs
[2021-08-20 23:38:46,571] {logging_mixin.py:104} INFO - [2021-08-20 23:38:46,571] {dag.py:2306} INFO - Setting next_dagrun for user_processing to 2021-08-19 00:00:00+00:00
[2021-08-20 23:38:46,579] {scheduler_job.py:189} INFO - Processing /opt/airflow/dags/user_processing.py took 0.064 seconds
[2021-08-20 23:39:16,660] {scheduler_job.py:181} INFO - Started process (PID=380) to work on /opt/airflow/dags/user_processing.py
[2021-08-20 23:39:16,661] {scheduler_job.py:632} INFO - Processing file /opt/airflow/dags/user_processing.py for tasks to queue
[2021-08-20 23:39:16,662] {logging_mixin.py:104} INFO - [2021-08-20 23:39:16,662] {dagbag.py:496} INFO - Filling up the DagBag from /opt/airflow/dags/user_processing.py
[2021-08-20 23:39:16,678] {scheduler_job.py:642} INFO - DAG(s) dict_keys(['user_processing']) retrieved from /opt/airflow/dags/user_processing.py
[2021-08-20 23:39:16,699] {logging_mixin.py:104} INFO - [2021-08-20 23:39:16,699] {dag.py:1833} INFO - Sync 1 DAGs
[2021-08-20 23:39:16,727] {logging_mixin.py:104} INFO - [2021-08-20 23:39:16,727] {dag.py:2306} INFO - Setting next_dagrun for user_processing to 2021-08-19 00:00:00+00:00
[2021-08-20 23:39:16,735] {scheduler_job.py:189} INFO - Processing /opt/airflow/dags/user_processing.py took 0.079 seconds
[2021-08-20 23:39:31,708] {scheduler_job.py:181} INFO - Started process (PID=395) to work on /opt/airflow/dags/user_processing.py
[2021-08-20 23:39:31,709] {scheduler_job.py:632} INFO - Processing file /opt/airflow/dags/user_processing.py for tasks to queue
[2021-08-20 23:39:31,710] {logging_mixin.py:104} INFO - [2021-08-20 23:39:31,710] {dagbag.py:496} INFO - Filling up the DagBag from /opt/airflow/dags/user_processing.py
[2021-08-20 23:39:31,724] {logging_mixin.py:104} INFO - [2021-08-20 23:39:31,723] {dagbag.py:329} ERROR - Failed to import: /opt/airflow/dags/user_processing.py
Traceback (most recent call last):
  File "/home/airflow/.local/lib/python3.6/site-packages/airflow/models/dagbag.py", line 326, in _load_modules_from_file
    loader.exec_module(new_module)
  File "<frozen importlib._bootstrap_external>", line 678, in exec_module
  File "<frozen importlib._bootstrap>", line 219, in _call_with_frames_removed
  File "/opt/airflow/dags/user_processing.py", line 31, in <module>
    '''
  File "/home/airflow/.local/lib/python3.6/site-packages/airflow/models/baseoperator.py", line 178, in apply_defaults
    result = func(self, *args, **kwargs)
  File "/home/airflow/.local/lib/python3.6/site-packages/airflow/providers/postgres/operators/postgres.py", line 59, in __init__
    super().__init__(**kwargs)
  File "/home/airflow/.local/lib/python3.6/site-packages/airflow/models/baseoperator.py", line 178, in apply_defaults
    result = func(self, *args, **kwargs)
  File "/home/airflow/.local/lib/python3.6/site-packages/airflow/models/baseoperator.py", line 508, in __init__
    "arguments were:\n**kwargs: {k}".format(c=self.__class__.__name__, k=kwargs, t=task_id),
airflow.exceptions.AirflowException: Invalid arguments were passed to PostgresOperator (task_id: creating_table). Invalid arguments were:
**kwargs: {'sqlite_conn_id': 'db_sqlite'}
[2021-08-20 23:39:31,725] {scheduler_job.py:644} WARNING - No viable dags retrieved from /opt/airflow/dags/user_processing.py
[2021-08-20 23:39:31,741] {scheduler_job.py:189} INFO - Processing /opt/airflow/dags/user_processing.py took 0.037 seconds
[2021-08-20 23:40:01,812] {scheduler_job.py:181} INFO - Started process (PID=430) to work on /opt/airflow/dags/user_processing.py
[2021-08-20 23:40:01,813] {scheduler_job.py:632} INFO - Processing file /opt/airflow/dags/user_processing.py for tasks to queue
[2021-08-20 23:40:01,813] {logging_mixin.py:104} INFO - [2021-08-20 23:40:01,813] {dagbag.py:496} INFO - Filling up the DagBag from /opt/airflow/dags/user_processing.py
[2021-08-20 23:40:01,825] {logging_mixin.py:104} INFO - [2021-08-20 23:40:01,824] {dagbag.py:329} ERROR - Failed to import: /opt/airflow/dags/user_processing.py
Traceback (most recent call last):
  File "/home/airflow/.local/lib/python3.6/site-packages/airflow/models/dagbag.py", line 326, in _load_modules_from_file
    loader.exec_module(new_module)
  File "<frozen importlib._bootstrap_external>", line 678, in exec_module
  File "<frozen importlib._bootstrap>", line 219, in _call_with_frames_removed
  File "/opt/airflow/dags/user_processing.py", line 31, in <module>
    '''
  File "/home/airflow/.local/lib/python3.6/site-packages/airflow/models/baseoperator.py", line 178, in apply_defaults
    result = func(self, *args, **kwargs)
  File "/home/airflow/.local/lib/python3.6/site-packages/airflow/providers/postgres/operators/postgres.py", line 59, in __init__
    super().__init__(**kwargs)
  File "/home/airflow/.local/lib/python3.6/site-packages/airflow/models/baseoperator.py", line 178, in apply_defaults
    result = func(self, *args, **kwargs)
  File "/home/airflow/.local/lib/python3.6/site-packages/airflow/models/baseoperator.py", line 508, in __init__
    "arguments were:\n**kwargs: {k}".format(c=self.__class__.__name__, k=kwargs, t=task_id),
airflow.exceptions.AirflowException: Invalid arguments were passed to PostgresOperator (task_id: creating_table). Invalid arguments were:
**kwargs: {'sqlite_conn_id': 'db_sqlite'}
[2021-08-20 23:40:01,825] {scheduler_job.py:644} WARNING - No viable dags retrieved from /opt/airflow/dags/user_processing.py
[2021-08-20 23:40:01,841] {scheduler_job.py:189} INFO - Processing /opt/airflow/dags/user_processing.py took 0.034 seconds
[2021-08-20 23:40:31,907] {scheduler_job.py:181} INFO - Started process (PID=466) to work on /opt/airflow/dags/user_processing.py
[2021-08-20 23:40:31,908] {scheduler_job.py:632} INFO - Processing file /opt/airflow/dags/user_processing.py for tasks to queue
[2021-08-20 23:40:31,908] {logging_mixin.py:104} INFO - [2021-08-20 23:40:31,908] {dagbag.py:496} INFO - Filling up the DagBag from /opt/airflow/dags/user_processing.py
[2021-08-20 23:40:31,919] {logging_mixin.py:104} INFO - [2021-08-20 23:40:31,918] {dagbag.py:329} ERROR - Failed to import: /opt/airflow/dags/user_processing.py
Traceback (most recent call last):
  File "/home/airflow/.local/lib/python3.6/site-packages/airflow/models/dagbag.py", line 326, in _load_modules_from_file
    loader.exec_module(new_module)
  File "<frozen importlib._bootstrap_external>", line 678, in exec_module
  File "<frozen importlib._bootstrap>", line 219, in _call_with_frames_removed
  File "/opt/airflow/dags/user_processing.py", line 31, in <module>
    '''
  File "/home/airflow/.local/lib/python3.6/site-packages/airflow/models/baseoperator.py", line 178, in apply_defaults
    result = func(self, *args, **kwargs)
  File "/home/airflow/.local/lib/python3.6/site-packages/airflow/providers/postgres/operators/postgres.py", line 59, in __init__
    super().__init__(**kwargs)
  File "/home/airflow/.local/lib/python3.6/site-packages/airflow/models/baseoperator.py", line 178, in apply_defaults
    result = func(self, *args, **kwargs)
  File "/home/airflow/.local/lib/python3.6/site-packages/airflow/models/baseoperator.py", line 508, in __init__
    "arguments were:\n**kwargs: {k}".format(c=self.__class__.__name__, k=kwargs, t=task_id),
airflow.exceptions.AirflowException: Invalid arguments were passed to PostgresOperator (task_id: creating_table). Invalid arguments were:
**kwargs: {'sqlite_conn_id': 'db_sqlite'}
[2021-08-20 23:40:31,919] {scheduler_job.py:644} WARNING - No viable dags retrieved from /opt/airflow/dags/user_processing.py
[2021-08-20 23:40:31,959] {scheduler_job.py:189} INFO - Processing /opt/airflow/dags/user_processing.py took 0.055 seconds
[2021-08-20 23:40:58,012] {scheduler_job.py:181} INFO - Started process (PID=491) to work on /opt/airflow/dags/user_processing.py
[2021-08-20 23:40:58,013] {scheduler_job.py:632} INFO - Processing file /opt/airflow/dags/user_processing.py for tasks to queue
[2021-08-20 23:40:58,014] {logging_mixin.py:104} INFO - [2021-08-20 23:40:58,014] {dagbag.py:496} INFO - Filling up the DagBag from /opt/airflow/dags/user_processing.py
[2021-08-20 23:40:58,028] {logging_mixin.py:104} INFO - [2021-08-20 23:40:58,027] {dagbag.py:329} ERROR - Failed to import: /opt/airflow/dags/user_processing.py
Traceback (most recent call last):
  File "/home/airflow/.local/lib/python3.6/site-packages/airflow/models/dagbag.py", line 326, in _load_modules_from_file
    loader.exec_module(new_module)
  File "<frozen importlib._bootstrap_external>", line 678, in exec_module
  File "<frozen importlib._bootstrap>", line 219, in _call_with_frames_removed
  File "/opt/airflow/dags/user_processing.py", line 31, in <module>
    '''
  File "/home/airflow/.local/lib/python3.6/site-packages/airflow/models/baseoperator.py", line 178, in apply_defaults
    result = func(self, *args, **kwargs)
  File "/home/airflow/.local/lib/python3.6/site-packages/airflow/providers/postgres/operators/postgres.py", line 59, in __init__
    super().__init__(**kwargs)
  File "/home/airflow/.local/lib/python3.6/site-packages/airflow/models/baseoperator.py", line 178, in apply_defaults
    result = func(self, *args, **kwargs)
  File "/home/airflow/.local/lib/python3.6/site-packages/airflow/models/baseoperator.py", line 508, in __init__
    "arguments were:\n**kwargs: {k}".format(c=self.__class__.__name__, k=kwargs, t=task_id),
airflow.exceptions.AirflowException: Invalid arguments were passed to PostgresOperator (task_id: creating_table). Invalid arguments were:
**kwargs: {'sqlite_conn_id': 'db_pg'}
[2021-08-20 23:40:58,029] {scheduler_job.py:644} WARNING - No viable dags retrieved from /opt/airflow/dags/user_processing.py
[2021-08-20 23:40:58,042] {scheduler_job.py:189} INFO - Processing /opt/airflow/dags/user_processing.py took 0.035 seconds
[2021-08-20 23:41:28,121] {scheduler_job.py:181} INFO - Started process (PID=516) to work on /opt/airflow/dags/user_processing.py
[2021-08-20 23:41:28,123] {scheduler_job.py:632} INFO - Processing file /opt/airflow/dags/user_processing.py for tasks to queue
[2021-08-20 23:41:28,124] {logging_mixin.py:104} INFO - [2021-08-20 23:41:28,124] {dagbag.py:496} INFO - Filling up the DagBag from /opt/airflow/dags/user_processing.py
[2021-08-20 23:41:28,134] {logging_mixin.py:104} INFO - [2021-08-20 23:41:28,133] {dagbag.py:329} ERROR - Failed to import: /opt/airflow/dags/user_processing.py
Traceback (most recent call last):
  File "/home/airflow/.local/lib/python3.6/site-packages/airflow/models/dagbag.py", line 326, in _load_modules_from_file
    loader.exec_module(new_module)
  File "<frozen importlib._bootstrap_external>", line 678, in exec_module
  File "<frozen importlib._bootstrap>", line 219, in _call_with_frames_removed
  File "/opt/airflow/dags/user_processing.py", line 31, in <module>
    '''
  File "/home/airflow/.local/lib/python3.6/site-packages/airflow/models/baseoperator.py", line 178, in apply_defaults
    result = func(self, *args, **kwargs)
  File "/home/airflow/.local/lib/python3.6/site-packages/airflow/providers/postgres/operators/postgres.py", line 59, in __init__
    super().__init__(**kwargs)
  File "/home/airflow/.local/lib/python3.6/site-packages/airflow/models/baseoperator.py", line 178, in apply_defaults
    result = func(self, *args, **kwargs)
  File "/home/airflow/.local/lib/python3.6/site-packages/airflow/models/baseoperator.py", line 508, in __init__
    "arguments were:\n**kwargs: {k}".format(c=self.__class__.__name__, k=kwargs, t=task_id),
airflow.exceptions.AirflowException: Invalid arguments were passed to PostgresOperator (task_id: creating_table). Invalid arguments were:
**kwargs: {'sqlite_conn_id': 'db_pg'}
[2021-08-20 23:41:28,134] {scheduler_job.py:644} WARNING - No viable dags retrieved from /opt/airflow/dags/user_processing.py
[2021-08-20 23:41:28,155] {scheduler_job.py:189} INFO - Processing /opt/airflow/dags/user_processing.py took 0.038 seconds
[2021-08-20 23:41:34,141] {scheduler_job.py:181} INFO - Started process (PID=532) to work on /opt/airflow/dags/user_processing.py
[2021-08-20 23:41:34,142] {scheduler_job.py:632} INFO - Processing file /opt/airflow/dags/user_processing.py for tasks to queue
[2021-08-20 23:41:34,142] {logging_mixin.py:104} INFO - [2021-08-20 23:41:34,142] {dagbag.py:496} INFO - Filling up the DagBag from /opt/airflow/dags/user_processing.py
[2021-08-20 23:41:34,153] {logging_mixin.py:104} INFO - [2021-08-20 23:41:34,152] {dagbag.py:329} ERROR - Failed to import: /opt/airflow/dags/user_processing.py
Traceback (most recent call last):
  File "/home/airflow/.local/lib/python3.6/site-packages/airflow/models/dagbag.py", line 326, in _load_modules_from_file
    loader.exec_module(new_module)
  File "<frozen importlib._bootstrap_external>", line 678, in exec_module
  File "<frozen importlib._bootstrap>", line 219, in _call_with_frames_removed
  File "/opt/airflow/dags/user_processing.py", line 31, in <module>
    '''
  File "/home/airflow/.local/lib/python3.6/site-packages/airflow/models/baseoperator.py", line 178, in apply_defaults
    result = func(self, *args, **kwargs)
  File "/home/airflow/.local/lib/python3.6/site-packages/airflow/providers/postgres/operators/postgres.py", line 59, in __init__
    super().__init__(**kwargs)
  File "/home/airflow/.local/lib/python3.6/site-packages/airflow/models/baseoperator.py", line 178, in apply_defaults
    result = func(self, *args, **kwargs)
  File "/home/airflow/.local/lib/python3.6/site-packages/airflow/models/baseoperator.py", line 508, in __init__
    "arguments were:\n**kwargs: {k}".format(c=self.__class__.__name__, k=kwargs, t=task_id),
airflow.exceptions.AirflowException: Invalid arguments were passed to PostgresOperator (task_id: creating_table). Invalid arguments were:
**kwargs: {'sqlite_conn_id': 'db_pg'}
[2021-08-20 23:41:34,153] {scheduler_job.py:644} WARNING - No viable dags retrieved from /opt/airflow/dags/user_processing.py
[2021-08-20 23:41:34,170] {scheduler_job.py:189} INFO - Processing /opt/airflow/dags/user_processing.py took 0.033 seconds
[2021-08-20 23:42:00,268] {scheduler_job.py:181} INFO - Started process (PID=557) to work on /opt/airflow/dags/user_processing.py
[2021-08-20 23:42:00,270] {scheduler_job.py:632} INFO - Processing file /opt/airflow/dags/user_processing.py for tasks to queue
[2021-08-20 23:42:00,270] {logging_mixin.py:104} INFO - [2021-08-20 23:42:00,270] {dagbag.py:496} INFO - Filling up the DagBag from /opt/airflow/dags/user_processing.py
[2021-08-20 23:42:00,285] {scheduler_job.py:642} INFO - DAG(s) dict_keys(['user_processing']) retrieved from /opt/airflow/dags/user_processing.py
[2021-08-20 23:42:00,732] {logging_mixin.py:104} INFO - [2021-08-20 23:42:00,732] {dag.py:1833} INFO - Sync 1 DAGs
[2021-08-20 23:42:00,753] {logging_mixin.py:104} INFO - [2021-08-20 23:42:00,752] {dag.py:2306} INFO - Setting next_dagrun for user_processing to 2021-08-19 00:00:00+00:00
[2021-08-20 23:42:00,765] {scheduler_job.py:189} INFO - Processing /opt/airflow/dags/user_processing.py took 0.501 seconds
[2021-08-20 23:42:30,844] {scheduler_job.py:181} INFO - Started process (PID=593) to work on /opt/airflow/dags/user_processing.py
[2021-08-20 23:42:30,844] {scheduler_job.py:632} INFO - Processing file /opt/airflow/dags/user_processing.py for tasks to queue
[2021-08-20 23:42:30,845] {logging_mixin.py:104} INFO - [2021-08-20 23:42:30,845] {dagbag.py:496} INFO - Filling up the DagBag from /opt/airflow/dags/user_processing.py
[2021-08-20 23:42:30,859] {scheduler_job.py:642} INFO - DAG(s) dict_keys(['user_processing']) retrieved from /opt/airflow/dags/user_processing.py
[2021-08-20 23:42:30,884] {logging_mixin.py:104} INFO - [2021-08-20 23:42:30,883] {dag.py:1833} INFO - Sync 1 DAGs
[2021-08-20 23:42:30,902] {logging_mixin.py:104} INFO - [2021-08-20 23:42:30,902] {dag.py:2306} INFO - Setting next_dagrun for user_processing to 2021-08-19 00:00:00+00:00
[2021-08-20 23:42:30,911] {scheduler_job.py:189} INFO - Processing /opt/airflow/dags/user_processing.py took 0.071 seconds
[2021-08-20 23:43:00,940] {scheduler_job.py:181} INFO - Started process (PID=618) to work on /opt/airflow/dags/user_processing.py
[2021-08-20 23:43:00,942] {scheduler_job.py:632} INFO - Processing file /opt/airflow/dags/user_processing.py for tasks to queue
[2021-08-20 23:43:00,943] {logging_mixin.py:104} INFO - [2021-08-20 23:43:00,942] {dagbag.py:496} INFO - Filling up the DagBag from /opt/airflow/dags/user_processing.py
[2021-08-20 23:43:00,957] {scheduler_job.py:642} INFO - DAG(s) dict_keys(['user_processing']) retrieved from /opt/airflow/dags/user_processing.py
[2021-08-20 23:43:00,980] {logging_mixin.py:104} INFO - [2021-08-20 23:43:00,980] {dag.py:1833} INFO - Sync 1 DAGs
[2021-08-20 23:43:00,999] {logging_mixin.py:104} INFO - [2021-08-20 23:43:00,999] {dag.py:2306} INFO - Setting next_dagrun for user_processing to 2021-08-19 00:00:00+00:00
[2021-08-20 23:43:01,007] {scheduler_job.py:189} INFO - Processing /opt/airflow/dags/user_processing.py took 0.070 seconds
[2021-08-20 23:43:31,081] {scheduler_job.py:181} INFO - Started process (PID=654) to work on /opt/airflow/dags/user_processing.py
[2021-08-20 23:43:31,082] {scheduler_job.py:632} INFO - Processing file /opt/airflow/dags/user_processing.py for tasks to queue
[2021-08-20 23:43:31,083] {logging_mixin.py:104} INFO - [2021-08-20 23:43:31,083] {dagbag.py:496} INFO - Filling up the DagBag from /opt/airflow/dags/user_processing.py
[2021-08-20 23:43:31,098] {scheduler_job.py:642} INFO - DAG(s) dict_keys(['user_processing']) retrieved from /opt/airflow/dags/user_processing.py
[2021-08-20 23:43:31,120] {logging_mixin.py:104} INFO - [2021-08-20 23:43:31,120] {dag.py:1833} INFO - Sync 1 DAGs
[2021-08-20 23:43:31,143] {logging_mixin.py:104} INFO - [2021-08-20 23:43:31,143] {dag.py:2306} INFO - Setting next_dagrun for user_processing to 2021-08-19 00:00:00+00:00
[2021-08-20 23:43:31,152] {scheduler_job.py:189} INFO - Processing /opt/airflow/dags/user_processing.py took 0.075 seconds
[2021-08-20 23:44:01,224] {scheduler_job.py:181} INFO - Started process (PID=691) to work on /opt/airflow/dags/user_processing.py
[2021-08-20 23:44:01,225] {scheduler_job.py:632} INFO - Processing file /opt/airflow/dags/user_processing.py for tasks to queue
[2021-08-20 23:44:01,225] {logging_mixin.py:104} INFO - [2021-08-20 23:44:01,225] {dagbag.py:496} INFO - Filling up the DagBag from /opt/airflow/dags/user_processing.py
[2021-08-20 23:44:01,240] {scheduler_job.py:642} INFO - DAG(s) dict_keys(['user_processing']) retrieved from /opt/airflow/dags/user_processing.py
[2021-08-20 23:44:01,265] {logging_mixin.py:104} INFO - [2021-08-20 23:44:01,264] {dag.py:1833} INFO - Sync 1 DAGs
[2021-08-20 23:44:01,284] {logging_mixin.py:104} INFO - [2021-08-20 23:44:01,283] {dag.py:2306} INFO - Setting next_dagrun for user_processing to 2021-08-19 00:00:00+00:00
[2021-08-20 23:44:01,294] {scheduler_job.py:189} INFO - Processing /opt/airflow/dags/user_processing.py took 0.075 seconds
[2021-08-20 23:44:31,367] {scheduler_job.py:181} INFO - Started process (PID=717) to work on /opt/airflow/dags/user_processing.py
[2021-08-20 23:44:31,368] {scheduler_job.py:632} INFO - Processing file /opt/airflow/dags/user_processing.py for tasks to queue
[2021-08-20 23:44:31,369] {logging_mixin.py:104} INFO - [2021-08-20 23:44:31,369] {dagbag.py:496} INFO - Filling up the DagBag from /opt/airflow/dags/user_processing.py
[2021-08-20 23:44:31,383] {scheduler_job.py:642} INFO - DAG(s) dict_keys(['user_processing']) retrieved from /opt/airflow/dags/user_processing.py
[2021-08-20 23:44:31,405] {logging_mixin.py:104} INFO - [2021-08-20 23:44:31,404] {dag.py:1833} INFO - Sync 1 DAGs
[2021-08-20 23:44:31,423] {logging_mixin.py:104} INFO - [2021-08-20 23:44:31,422] {dag.py:2306} INFO - Setting next_dagrun for user_processing to 2021-08-19 00:00:00+00:00
[2021-08-20 23:44:31,431] {scheduler_job.py:189} INFO - Processing /opt/airflow/dags/user_processing.py took 0.068 seconds
[2021-08-20 23:45:01,461] {scheduler_job.py:181} INFO - Started process (PID=752) to work on /opt/airflow/dags/user_processing.py
[2021-08-20 23:45:01,463] {scheduler_job.py:632} INFO - Processing file /opt/airflow/dags/user_processing.py for tasks to queue
[2021-08-20 23:45:01,464] {logging_mixin.py:104} INFO - [2021-08-20 23:45:01,464] {dagbag.py:496} INFO - Filling up the DagBag from /opt/airflow/dags/user_processing.py
[2021-08-20 23:45:01,478] {scheduler_job.py:642} INFO - DAG(s) dict_keys(['user_processing']) retrieved from /opt/airflow/dags/user_processing.py
[2021-08-20 23:45:01,501] {logging_mixin.py:104} INFO - [2021-08-20 23:45:01,500] {dag.py:1833} INFO - Sync 1 DAGs
[2021-08-20 23:45:01,518] {logging_mixin.py:104} INFO - [2021-08-20 23:45:01,518] {dag.py:2306} INFO - Setting next_dagrun for user_processing to 2021-08-19 00:00:00+00:00
[2021-08-20 23:45:01,526] {scheduler_job.py:189} INFO - Processing /opt/airflow/dags/user_processing.py took 0.069 seconds
[2021-08-20 23:45:31,606] {scheduler_job.py:181} INFO - Started process (PID=777) to work on /opt/airflow/dags/user_processing.py
[2021-08-20 23:45:31,607] {scheduler_job.py:632} INFO - Processing file /opt/airflow/dags/user_processing.py for tasks to queue
[2021-08-20 23:45:31,608] {logging_mixin.py:104} INFO - [2021-08-20 23:45:31,607] {dagbag.py:496} INFO - Filling up the DagBag from /opt/airflow/dags/user_processing.py
[2021-08-20 23:45:31,621] {scheduler_job.py:642} INFO - DAG(s) dict_keys(['user_processing']) retrieved from /opt/airflow/dags/user_processing.py
[2021-08-20 23:45:31,645] {logging_mixin.py:104} INFO - [2021-08-20 23:45:31,645] {dag.py:1833} INFO - Sync 1 DAGs
[2021-08-20 23:45:31,667] {logging_mixin.py:104} INFO - [2021-08-20 23:45:31,667] {dag.py:2306} INFO - Setting next_dagrun for user_processing to 2021-08-19 00:00:00+00:00
[2021-08-20 23:45:31,675] {scheduler_job.py:189} INFO - Processing /opt/airflow/dags/user_processing.py took 0.073 seconds
[2021-08-20 23:46:34,342] {scheduler_job.py:181} INFO - Started process (PID=25) to work on /opt/airflow/dags/user_processing.py
[2021-08-20 23:46:34,343] {scheduler_job.py:632} INFO - Processing file /opt/airflow/dags/user_processing.py for tasks to queue
[2021-08-20 23:46:34,344] {logging_mixin.py:104} INFO - [2021-08-20 23:46:34,344] {dagbag.py:496} INFO - Filling up the DagBag from /opt/airflow/dags/user_processing.py
[2021-08-20 23:46:34,376] {scheduler_job.py:642} INFO - DAG(s) dict_keys(['user_processing']) retrieved from /opt/airflow/dags/user_processing.py
[2021-08-20 23:46:34,395] {logging_mixin.py:104} INFO - [2021-08-20 23:46:34,394] {dag.py:1833} INFO - Sync 1 DAGs
[2021-08-20 23:46:34,418] {logging_mixin.py:104} INFO - [2021-08-20 23:46:34,418] {dag.py:2306} INFO - Setting next_dagrun for user_processing to 2021-08-19 00:00:00+00:00
[2021-08-20 23:46:34,426] {scheduler_job.py:189} INFO - Processing /opt/airflow/dags/user_processing.py took 0.087 seconds
[2021-08-20 23:47:04,460] {scheduler_job.py:181} INFO - Started process (PID=56) to work on /opt/airflow/dags/user_processing.py
[2021-08-20 23:47:04,461] {scheduler_job.py:632} INFO - Processing file /opt/airflow/dags/user_processing.py for tasks to queue
[2021-08-20 23:47:04,463] {logging_mixin.py:104} INFO - [2021-08-20 23:47:04,462] {dagbag.py:496} INFO - Filling up the DagBag from /opt/airflow/dags/user_processing.py
[2021-08-20 23:47:04,478] {scheduler_job.py:642} INFO - DAG(s) dict_keys(['user_processing']) retrieved from /opt/airflow/dags/user_processing.py
[2021-08-20 23:47:04,493] {logging_mixin.py:104} INFO - [2021-08-20 23:47:04,493] {dag.py:1833} INFO - Sync 1 DAGs
[2021-08-20 23:47:04,510] {logging_mixin.py:104} INFO - [2021-08-20 23:47:04,510] {dag.py:2306} INFO - Setting next_dagrun for user_processing to 2021-08-19 00:00:00+00:00
[2021-08-20 23:47:04,518] {scheduler_job.py:189} INFO - Processing /opt/airflow/dags/user_processing.py took 0.062 seconds
[2021-08-20 23:47:34,588] {scheduler_job.py:181} INFO - Started process (PID=77) to work on /opt/airflow/dags/user_processing.py
[2021-08-20 23:47:34,589] {scheduler_job.py:632} INFO - Processing file /opt/airflow/dags/user_processing.py for tasks to queue
[2021-08-20 23:47:34,589] {logging_mixin.py:104} INFO - [2021-08-20 23:47:34,589] {dagbag.py:496} INFO - Filling up the DagBag from /opt/airflow/dags/user_processing.py
[2021-08-20 23:47:34,602] {scheduler_job.py:642} INFO - DAG(s) dict_keys(['user_processing']) retrieved from /opt/airflow/dags/user_processing.py
[2021-08-20 23:47:34,626] {logging_mixin.py:104} INFO - [2021-08-20 23:47:34,626] {dag.py:1833} INFO - Sync 1 DAGs
[2021-08-20 23:47:34,650] {logging_mixin.py:104} INFO - [2021-08-20 23:47:34,649] {dag.py:2306} INFO - Setting next_dagrun for user_processing to 2021-08-19 00:00:00+00:00
[2021-08-20 23:47:34,658] {scheduler_job.py:189} INFO - Processing /opt/airflow/dags/user_processing.py took 0.073 seconds
[2021-08-20 23:48:04,705] {scheduler_job.py:181} INFO - Started process (PID=108) to work on /opt/airflow/dags/user_processing.py
[2021-08-20 23:48:04,706] {scheduler_job.py:632} INFO - Processing file /opt/airflow/dags/user_processing.py for tasks to queue
[2021-08-20 23:48:04,707] {logging_mixin.py:104} INFO - [2021-08-20 23:48:04,706] {dagbag.py:496} INFO - Filling up the DagBag from /opt/airflow/dags/user_processing.py
[2021-08-20 23:48:04,722] {scheduler_job.py:642} INFO - DAG(s) dict_keys(['user_processing']) retrieved from /opt/airflow/dags/user_processing.py
[2021-08-20 23:48:04,742] {logging_mixin.py:104} INFO - [2021-08-20 23:48:04,742] {dag.py:1833} INFO - Sync 1 DAGs
[2021-08-20 23:48:04,764] {logging_mixin.py:104} INFO - [2021-08-20 23:48:04,764] {dag.py:2306} INFO - Setting next_dagrun for user_processing to 2021-08-19 00:00:00+00:00
[2021-08-20 23:48:04,772] {scheduler_job.py:189} INFO - Processing /opt/airflow/dags/user_processing.py took 0.069 seconds
[2021-08-20 23:48:34,816] {scheduler_job.py:181} INFO - Started process (PID=129) to work on /opt/airflow/dags/user_processing.py
[2021-08-20 23:48:34,817] {scheduler_job.py:632} INFO - Processing file /opt/airflow/dags/user_processing.py for tasks to queue
[2021-08-20 23:48:34,818] {logging_mixin.py:104} INFO - [2021-08-20 23:48:34,818] {dagbag.py:496} INFO - Filling up the DagBag from /opt/airflow/dags/user_processing.py
[2021-08-20 23:48:34,833] {scheduler_job.py:642} INFO - DAG(s) dict_keys(['user_processing']) retrieved from /opt/airflow/dags/user_processing.py
[2021-08-20 23:48:34,854] {logging_mixin.py:104} INFO - [2021-08-20 23:48:34,854] {dag.py:1833} INFO - Sync 1 DAGs
[2021-08-20 23:48:34,872] {logging_mixin.py:104} INFO - [2021-08-20 23:48:34,872] {dag.py:2306} INFO - Setting next_dagrun for user_processing to 2021-08-19 00:00:00+00:00
[2021-08-20 23:48:34,880] {scheduler_job.py:189} INFO - Processing /opt/airflow/dags/user_processing.py took 0.067 seconds
[2021-08-20 23:49:04,933] {scheduler_job.py:181} INFO - Started process (PID=160) to work on /opt/airflow/dags/user_processing.py
[2021-08-20 23:49:04,934] {scheduler_job.py:632} INFO - Processing file /opt/airflow/dags/user_processing.py for tasks to queue
[2021-08-20 23:49:04,934] {logging_mixin.py:104} INFO - [2021-08-20 23:49:04,934] {dagbag.py:496} INFO - Filling up the DagBag from /opt/airflow/dags/user_processing.py
[2021-08-20 23:49:04,950] {scheduler_job.py:642} INFO - DAG(s) dict_keys(['user_processing']) retrieved from /opt/airflow/dags/user_processing.py
[2021-08-20 23:49:04,974] {logging_mixin.py:104} INFO - [2021-08-20 23:49:04,974] {dag.py:1833} INFO - Sync 1 DAGs
[2021-08-20 23:49:04,997] {logging_mixin.py:104} INFO - [2021-08-20 23:49:04,997] {dag.py:2306} INFO - Setting next_dagrun for user_processing to 2021-08-19 00:00:00+00:00
[2021-08-20 23:49:05,009] {scheduler_job.py:189} INFO - Processing /opt/airflow/dags/user_processing.py took 0.079 seconds
[2021-08-20 23:49:35,032] {scheduler_job.py:181} INFO - Started process (PID=191) to work on /opt/airflow/dags/user_processing.py
[2021-08-20 23:49:35,034] {scheduler_job.py:632} INFO - Processing file /opt/airflow/dags/user_processing.py for tasks to queue
[2021-08-20 23:49:35,034] {logging_mixin.py:104} INFO - [2021-08-20 23:49:35,034] {dagbag.py:496} INFO - Filling up the DagBag from /opt/airflow/dags/user_processing.py
[2021-08-20 23:49:35,049] {scheduler_job.py:642} INFO - DAG(s) dict_keys(['user_processing']) retrieved from /opt/airflow/dags/user_processing.py
[2021-08-20 23:49:35,073] {logging_mixin.py:104} INFO - [2021-08-20 23:49:35,073] {dag.py:1833} INFO - Sync 1 DAGs
[2021-08-20 23:49:35,096] {logging_mixin.py:104} INFO - [2021-08-20 23:49:35,096] {dag.py:2306} INFO - Setting next_dagrun for user_processing to 2021-08-19 00:00:00+00:00
[2021-08-20 23:49:35,104] {scheduler_job.py:189} INFO - Processing /opt/airflow/dags/user_processing.py took 0.075 seconds
[2021-08-20 23:49:54,505] {scheduler_job.py:181} INFO - Started process (PID=25) to work on /opt/airflow/dags/user_processing.py
[2021-08-20 23:49:54,506] {scheduler_job.py:632} INFO - Processing file /opt/airflow/dags/user_processing.py for tasks to queue
[2021-08-20 23:49:54,506] {logging_mixin.py:104} INFO - [2021-08-20 23:49:54,506] {dagbag.py:496} INFO - Filling up the DagBag from /opt/airflow/dags/user_processing.py
[2021-08-20 23:49:54,536] {scheduler_job.py:642} INFO - DAG(s) dict_keys(['user_processing']) retrieved from /opt/airflow/dags/user_processing.py
[2021-08-20 23:49:54,558] {logging_mixin.py:104} INFO - [2021-08-20 23:49:54,558] {dag.py:1833} INFO - Sync 1 DAGs
[2021-08-20 23:49:54,579] {logging_mixin.py:104} INFO - [2021-08-20 23:49:54,578] {dag.py:2306} INFO - Setting next_dagrun for user_processing to 2021-08-19 00:00:00+00:00
[2021-08-20 23:49:54,588] {scheduler_job.py:189} INFO - Processing /opt/airflow/dags/user_processing.py took 0.086 seconds
[2021-08-20 23:50:24,619] {scheduler_job.py:181} INFO - Started process (PID=56) to work on /opt/airflow/dags/user_processing.py
[2021-08-20 23:50:24,620] {scheduler_job.py:632} INFO - Processing file /opt/airflow/dags/user_processing.py for tasks to queue
[2021-08-20 23:50:24,620] {logging_mixin.py:104} INFO - [2021-08-20 23:50:24,620] {dagbag.py:496} INFO - Filling up the DagBag from /opt/airflow/dags/user_processing.py
[2021-08-20 23:50:24,635] {scheduler_job.py:642} INFO - DAG(s) dict_keys(['user_processing']) retrieved from /opt/airflow/dags/user_processing.py
[2021-08-20 23:50:24,657] {logging_mixin.py:104} INFO - [2021-08-20 23:50:24,656] {dag.py:1833} INFO - Sync 1 DAGs
[2021-08-20 23:50:24,678] {logging_mixin.py:104} INFO - [2021-08-20 23:50:24,678] {dag.py:2306} INFO - Setting next_dagrun for user_processing to 2021-08-19 00:00:00+00:00
[2021-08-20 23:50:24,686] {scheduler_job.py:189} INFO - Processing /opt/airflow/dags/user_processing.py took 0.072 seconds
[2021-08-20 23:50:54,742] {scheduler_job.py:181} INFO - Started process (PID=77) to work on /opt/airflow/dags/user_processing.py
[2021-08-20 23:50:54,743] {scheduler_job.py:632} INFO - Processing file /opt/airflow/dags/user_processing.py for tasks to queue
[2021-08-20 23:50:54,743] {logging_mixin.py:104} INFO - [2021-08-20 23:50:54,743] {dagbag.py:496} INFO - Filling up the DagBag from /opt/airflow/dags/user_processing.py
[2021-08-20 23:50:54,759] {scheduler_job.py:642} INFO - DAG(s) dict_keys(['user_processing']) retrieved from /opt/airflow/dags/user_processing.py
[2021-08-20 23:50:54,781] {logging_mixin.py:104} INFO - [2021-08-20 23:50:54,781] {dag.py:1833} INFO - Sync 1 DAGs
[2021-08-20 23:50:54,799] {logging_mixin.py:104} INFO - [2021-08-20 23:50:54,798] {dag.py:2306} INFO - Setting next_dagrun for user_processing to 2021-08-19 00:00:00+00:00
[2021-08-20 23:50:54,807] {scheduler_job.py:189} INFO - Processing /opt/airflow/dags/user_processing.py took 0.068 seconds
[2021-08-20 23:51:24,844] {scheduler_job.py:181} INFO - Started process (PID=108) to work on /opt/airflow/dags/user_processing.py
[2021-08-20 23:51:24,845] {scheduler_job.py:632} INFO - Processing file /opt/airflow/dags/user_processing.py for tasks to queue
[2021-08-20 23:51:24,846] {logging_mixin.py:104} INFO - [2021-08-20 23:51:24,846] {dagbag.py:496} INFO - Filling up the DagBag from /opt/airflow/dags/user_processing.py
[2021-08-20 23:51:24,862] {scheduler_job.py:642} INFO - DAG(s) dict_keys(['user_processing']) retrieved from /opt/airflow/dags/user_processing.py
[2021-08-20 23:51:24,892] {logging_mixin.py:104} INFO - [2021-08-20 23:51:24,892] {dag.py:1833} INFO - Sync 1 DAGs
[2021-08-20 23:51:24,911] {logging_mixin.py:104} INFO - [2021-08-20 23:51:24,911] {dag.py:2306} INFO - Setting next_dagrun for user_processing to 2021-08-19 00:00:00+00:00
[2021-08-20 23:51:24,920] {scheduler_job.py:189} INFO - Processing /opt/airflow/dags/user_processing.py took 0.080 seconds
[2021-08-20 23:51:54,966] {scheduler_job.py:181} INFO - Started process (PID=129) to work on /opt/airflow/dags/user_processing.py
[2021-08-20 23:51:54,968] {scheduler_job.py:632} INFO - Processing file /opt/airflow/dags/user_processing.py for tasks to queue
[2021-08-20 23:51:54,968] {logging_mixin.py:104} INFO - [2021-08-20 23:51:54,968] {dagbag.py:496} INFO - Filling up the DagBag from /opt/airflow/dags/user_processing.py
[2021-08-20 23:51:54,983] {scheduler_job.py:642} INFO - DAG(s) dict_keys(['user_processing']) retrieved from /opt/airflow/dags/user_processing.py
[2021-08-20 23:51:55,008] {logging_mixin.py:104} INFO - [2021-08-20 23:51:55,008] {dag.py:1833} INFO - Sync 1 DAGs
[2021-08-20 23:51:55,027] {logging_mixin.py:104} INFO - [2021-08-20 23:51:55,027] {dag.py:2306} INFO - Setting next_dagrun for user_processing to 2021-08-19 00:00:00+00:00
[2021-08-20 23:51:55,035] {scheduler_job.py:189} INFO - Processing /opt/airflow/dags/user_processing.py took 0.074 seconds
[2021-08-20 23:52:25,080] {scheduler_job.py:181} INFO - Started process (PID=160) to work on /opt/airflow/dags/user_processing.py
[2021-08-20 23:52:25,082] {scheduler_job.py:632} INFO - Processing file /opt/airflow/dags/user_processing.py for tasks to queue
[2021-08-20 23:52:25,083] {logging_mixin.py:104} INFO - [2021-08-20 23:52:25,083] {dagbag.py:496} INFO - Filling up the DagBag from /opt/airflow/dags/user_processing.py
[2021-08-20 23:52:25,098] {scheduler_job.py:642} INFO - DAG(s) dict_keys(['user_processing']) retrieved from /opt/airflow/dags/user_processing.py
[2021-08-20 23:52:25,117] {logging_mixin.py:104} INFO - [2021-08-20 23:52:25,116] {dag.py:1833} INFO - Sync 1 DAGs
[2021-08-20 23:52:25,139] {logging_mixin.py:104} INFO - [2021-08-20 23:52:25,139] {dag.py:2306} INFO - Setting next_dagrun for user_processing to 2021-08-19 00:00:00+00:00
[2021-08-20 23:52:25,153] {scheduler_job.py:189} INFO - Processing /opt/airflow/dags/user_processing.py took 0.077 seconds
[2021-08-20 23:52:55,195] {scheduler_job.py:181} INFO - Started process (PID=191) to work on /opt/airflow/dags/user_processing.py
[2021-08-20 23:52:55,197] {scheduler_job.py:632} INFO - Processing file /opt/airflow/dags/user_processing.py for tasks to queue
[2021-08-20 23:52:55,198] {logging_mixin.py:104} INFO - [2021-08-20 23:52:55,198] {dagbag.py:496} INFO - Filling up the DagBag from /opt/airflow/dags/user_processing.py
[2021-08-20 23:52:55,213] {scheduler_job.py:642} INFO - DAG(s) dict_keys(['user_processing']) retrieved from /opt/airflow/dags/user_processing.py
[2021-08-20 23:52:55,233] {logging_mixin.py:104} INFO - [2021-08-20 23:52:55,233] {dag.py:1833} INFO - Sync 1 DAGs
[2021-08-20 23:52:55,254] {logging_mixin.py:104} INFO - [2021-08-20 23:52:55,254] {dag.py:2306} INFO - Setting next_dagrun for user_processing to 2021-08-19 00:00:00+00:00
[2021-08-20 23:52:55,262] {scheduler_job.py:189} INFO - Processing /opt/airflow/dags/user_processing.py took 0.072 seconds
[2021-08-20 23:53:25,316] {scheduler_job.py:181} INFO - Started process (PID=212) to work on /opt/airflow/dags/user_processing.py
[2021-08-20 23:53:25,317] {scheduler_job.py:632} INFO - Processing file /opt/airflow/dags/user_processing.py for tasks to queue
[2021-08-20 23:53:25,318] {logging_mixin.py:104} INFO - [2021-08-20 23:53:25,317] {dagbag.py:496} INFO - Filling up the DagBag from /opt/airflow/dags/user_processing.py
[2021-08-20 23:53:25,333] {scheduler_job.py:642} INFO - DAG(s) dict_keys(['user_processing']) retrieved from /opt/airflow/dags/user_processing.py
[2021-08-20 23:53:25,353] {logging_mixin.py:104} INFO - [2021-08-20 23:53:25,353] {dag.py:1833} INFO - Sync 1 DAGs
[2021-08-20 23:53:25,372] {logging_mixin.py:104} INFO - [2021-08-20 23:53:25,372] {dag.py:2306} INFO - Setting next_dagrun for user_processing to 2021-08-19 00:00:00+00:00
[2021-08-20 23:53:25,382] {scheduler_job.py:189} INFO - Processing /opt/airflow/dags/user_processing.py took 0.069 seconds
[2021-08-20 23:53:50,403] {scheduler_job.py:181} INFO - Started process (PID=233) to work on /opt/airflow/dags/user_processing.py
[2021-08-20 23:53:50,405] {scheduler_job.py:632} INFO - Processing file /opt/airflow/dags/user_processing.py for tasks to queue
[2021-08-20 23:53:50,406] {logging_mixin.py:104} INFO - [2021-08-20 23:53:50,406] {dagbag.py:496} INFO - Filling up the DagBag from /opt/airflow/dags/user_processing.py
[2021-08-20 23:53:50,420] {scheduler_job.py:642} INFO - DAG(s) dict_keys(['user_processing']) retrieved from /opt/airflow/dags/user_processing.py
[2021-08-20 23:53:50,832] {logging_mixin.py:104} INFO - [2021-08-20 23:53:50,832] {dag.py:1833} INFO - Sync 1 DAGs
[2021-08-20 23:53:50,849] {logging_mixin.py:104} INFO - [2021-08-20 23:53:50,849] {dag.py:2306} INFO - Setting next_dagrun for user_processing to 2021-08-19 00:00:00+00:00
[2021-08-20 23:53:50,861] {scheduler_job.py:189} INFO - Processing /opt/airflow/dags/user_processing.py took 0.462 seconds
[2021-08-20 23:54:20,937] {scheduler_job.py:181} INFO - Started process (PID=264) to work on /opt/airflow/dags/user_processing.py
[2021-08-20 23:54:20,939] {scheduler_job.py:632} INFO - Processing file /opt/airflow/dags/user_processing.py for tasks to queue
[2021-08-20 23:54:20,939] {logging_mixin.py:104} INFO - [2021-08-20 23:54:20,939] {dagbag.py:496} INFO - Filling up the DagBag from /opt/airflow/dags/user_processing.py
[2021-08-20 23:54:20,955] {scheduler_job.py:642} INFO - DAG(s) dict_keys(['user_processing']) retrieved from /opt/airflow/dags/user_processing.py
[2021-08-20 23:54:20,977] {logging_mixin.py:104} INFO - [2021-08-20 23:54:20,977] {dag.py:1833} INFO - Sync 1 DAGs
[2021-08-20 23:54:20,995] {logging_mixin.py:104} INFO - [2021-08-20 23:54:20,995] {dag.py:2306} INFO - Setting next_dagrun for user_processing to 2021-08-19 00:00:00+00:00
[2021-08-20 23:54:21,007] {scheduler_job.py:189} INFO - Processing /opt/airflow/dags/user_processing.py took 0.074 seconds
[2021-08-20 23:54:51,033] {scheduler_job.py:181} INFO - Started process (PID=296) to work on /opt/airflow/dags/user_processing.py
[2021-08-20 23:54:51,034] {scheduler_job.py:632} INFO - Processing file /opt/airflow/dags/user_processing.py for tasks to queue
[2021-08-20 23:54:51,035] {logging_mixin.py:104} INFO - [2021-08-20 23:54:51,035] {dagbag.py:496} INFO - Filling up the DagBag from /opt/airflow/dags/user_processing.py
[2021-08-20 23:54:51,051] {scheduler_job.py:642} INFO - DAG(s) dict_keys(['user_processing']) retrieved from /opt/airflow/dags/user_processing.py
[2021-08-20 23:54:51,075] {logging_mixin.py:104} INFO - [2021-08-20 23:54:51,075] {dag.py:1833} INFO - Sync 1 DAGs
[2021-08-20 23:54:51,097] {logging_mixin.py:104} INFO - [2021-08-20 23:54:51,097] {dag.py:2306} INFO - Setting next_dagrun for user_processing to 2021-08-19 00:00:00+00:00
[2021-08-20 23:54:51,107] {scheduler_job.py:189} INFO - Processing /opt/airflow/dags/user_processing.py took 0.078 seconds
[2021-08-20 23:55:21,190] {scheduler_job.py:181} INFO - Started process (PID=317) to work on /opt/airflow/dags/user_processing.py
[2021-08-20 23:55:21,191] {scheduler_job.py:632} INFO - Processing file /opt/airflow/dags/user_processing.py for tasks to queue
[2021-08-20 23:55:21,192] {logging_mixin.py:104} INFO - [2021-08-20 23:55:21,191] {dagbag.py:496} INFO - Filling up the DagBag from /opt/airflow/dags/user_processing.py
[2021-08-20 23:55:21,206] {scheduler_job.py:642} INFO - DAG(s) dict_keys(['user_processing']) retrieved from /opt/airflow/dags/user_processing.py
[2021-08-20 23:55:21,226] {logging_mixin.py:104} INFO - [2021-08-20 23:55:21,226] {dag.py:1833} INFO - Sync 1 DAGs
[2021-08-20 23:55:21,248] {logging_mixin.py:104} INFO - [2021-08-20 23:55:21,247] {dag.py:2306} INFO - Setting next_dagrun for user_processing to 2021-08-19 00:00:00+00:00
[2021-08-20 23:55:21,255] {scheduler_job.py:189} INFO - Processing /opt/airflow/dags/user_processing.py took 0.069 seconds
[2021-08-20 23:55:51,295] {scheduler_job.py:181} INFO - Started process (PID=348) to work on /opt/airflow/dags/user_processing.py
[2021-08-20 23:55:51,297] {scheduler_job.py:632} INFO - Processing file /opt/airflow/dags/user_processing.py for tasks to queue
[2021-08-20 23:55:51,298] {logging_mixin.py:104} INFO - [2021-08-20 23:55:51,297] {dagbag.py:496} INFO - Filling up the DagBag from /opt/airflow/dags/user_processing.py
[2021-08-20 23:55:51,313] {scheduler_job.py:642} INFO - DAG(s) dict_keys(['user_processing']) retrieved from /opt/airflow/dags/user_processing.py
[2021-08-20 23:55:51,336] {logging_mixin.py:104} INFO - [2021-08-20 23:55:51,336] {dag.py:1833} INFO - Sync 1 DAGs
[2021-08-20 23:55:51,357] {logging_mixin.py:104} INFO - [2021-08-20 23:55:51,357] {dag.py:2306} INFO - Setting next_dagrun for user_processing to 2021-08-19 00:00:00+00:00
[2021-08-20 23:55:51,364] {scheduler_job.py:189} INFO - Processing /opt/airflow/dags/user_processing.py took 0.074 seconds
[2021-08-20 23:56:21,415] {scheduler_job.py:181} INFO - Started process (PID=369) to work on /opt/airflow/dags/user_processing.py
[2021-08-20 23:56:21,416] {scheduler_job.py:632} INFO - Processing file /opt/airflow/dags/user_processing.py for tasks to queue
[2021-08-20 23:56:21,416] {logging_mixin.py:104} INFO - [2021-08-20 23:56:21,416] {dagbag.py:496} INFO - Filling up the DagBag from /opt/airflow/dags/user_processing.py
[2021-08-20 23:56:21,430] {scheduler_job.py:642} INFO - DAG(s) dict_keys(['user_processing']) retrieved from /opt/airflow/dags/user_processing.py
[2021-08-20 23:56:21,455] {logging_mixin.py:104} INFO - [2021-08-20 23:56:21,455] {dag.py:1833} INFO - Sync 1 DAGs
[2021-08-20 23:56:21,474] {logging_mixin.py:104} INFO - [2021-08-20 23:56:21,474] {dag.py:2306} INFO - Setting next_dagrun for user_processing to 2021-08-19 00:00:00+00:00
[2021-08-20 23:56:21,483] {scheduler_job.py:189} INFO - Processing /opt/airflow/dags/user_processing.py took 0.072 seconds
[2021-08-20 23:56:51,527] {scheduler_job.py:181} INFO - Started process (PID=400) to work on /opt/airflow/dags/user_processing.py
[2021-08-20 23:56:51,528] {scheduler_job.py:632} INFO - Processing file /opt/airflow/dags/user_processing.py for tasks to queue
[2021-08-20 23:56:51,529] {logging_mixin.py:104} INFO - [2021-08-20 23:56:51,529] {dagbag.py:496} INFO - Filling up the DagBag from /opt/airflow/dags/user_processing.py
[2021-08-20 23:56:51,544] {scheduler_job.py:642} INFO - DAG(s) dict_keys(['user_processing']) retrieved from /opt/airflow/dags/user_processing.py
[2021-08-20 23:56:51,567] {logging_mixin.py:104} INFO - [2021-08-20 23:56:51,567] {dag.py:1833} INFO - Sync 1 DAGs
[2021-08-20 23:56:51,585] {logging_mixin.py:104} INFO - [2021-08-20 23:56:51,585] {dag.py:2306} INFO - Setting next_dagrun for user_processing to 2021-08-19 00:00:00+00:00
[2021-08-20 23:56:51,593] {scheduler_job.py:189} INFO - Processing /opt/airflow/dags/user_processing.py took 0.071 seconds
[2021-08-20 23:57:21,633] {scheduler_job.py:181} INFO - Started process (PID=430) to work on /opt/airflow/dags/user_processing.py
[2021-08-20 23:57:21,634] {scheduler_job.py:632} INFO - Processing file /opt/airflow/dags/user_processing.py for tasks to queue
[2021-08-20 23:57:21,635] {logging_mixin.py:104} INFO - [2021-08-20 23:57:21,635] {dagbag.py:496} INFO - Filling up the DagBag from /opt/airflow/dags/user_processing.py
[2021-08-20 23:57:21,650] {scheduler_job.py:642} INFO - DAG(s) dict_keys(['user_processing']) retrieved from /opt/airflow/dags/user_processing.py
[2021-08-20 23:57:21,670] {logging_mixin.py:104} INFO - [2021-08-20 23:57:21,670] {dag.py:1833} INFO - Sync 1 DAGs
[2021-08-20 23:57:21,692] {logging_mixin.py:104} INFO - [2021-08-20 23:57:21,692] {dag.py:2306} INFO - Setting next_dagrun for user_processing to 2021-08-19 00:00:00+00:00
[2021-08-20 23:57:21,702] {scheduler_job.py:189} INFO - Processing /opt/airflow/dags/user_processing.py took 0.072 seconds
[2021-08-20 23:57:51,753] {scheduler_job.py:181} INFO - Started process (PID=452) to work on /opt/airflow/dags/user_processing.py
[2021-08-20 23:57:51,755] {scheduler_job.py:632} INFO - Processing file /opt/airflow/dags/user_processing.py for tasks to queue
[2021-08-20 23:57:51,756] {logging_mixin.py:104} INFO - [2021-08-20 23:57:51,756] {dagbag.py:496} INFO - Filling up the DagBag from /opt/airflow/dags/user_processing.py
[2021-08-20 23:57:51,771] {scheduler_job.py:642} INFO - DAG(s) dict_keys(['user_processing']) retrieved from /opt/airflow/dags/user_processing.py
[2021-08-20 23:57:51,789] {logging_mixin.py:104} INFO - [2021-08-20 23:57:51,789] {dag.py:1833} INFO - Sync 1 DAGs
[2021-08-20 23:57:51,810] {logging_mixin.py:104} INFO - [2021-08-20 23:57:51,810] {dag.py:2306} INFO - Setting next_dagrun for user_processing to 2021-08-19 00:00:00+00:00
[2021-08-20 23:57:51,817] {scheduler_job.py:189} INFO - Processing /opt/airflow/dags/user_processing.py took 0.068 seconds
[2021-08-20 23:58:21,856] {scheduler_job.py:181} INFO - Started process (PID=483) to work on /opt/airflow/dags/user_processing.py
[2021-08-20 23:58:21,857] {scheduler_job.py:632} INFO - Processing file /opt/airflow/dags/user_processing.py for tasks to queue
[2021-08-20 23:58:21,857] {logging_mixin.py:104} INFO - [2021-08-20 23:58:21,857] {dagbag.py:496} INFO - Filling up the DagBag from /opt/airflow/dags/user_processing.py
[2021-08-20 23:58:21,870] {scheduler_job.py:642} INFO - DAG(s) dict_keys(['user_processing']) retrieved from /opt/airflow/dags/user_processing.py
[2021-08-20 23:58:21,891] {logging_mixin.py:104} INFO - [2021-08-20 23:58:21,891] {dag.py:1833} INFO - Sync 1 DAGs
[2021-08-20 23:58:21,906] {logging_mixin.py:104} INFO - [2021-08-20 23:58:21,906] {dag.py:2306} INFO - Setting next_dagrun for user_processing to 2021-08-19 00:00:00+00:00
[2021-08-20 23:58:21,915] {scheduler_job.py:189} INFO - Processing /opt/airflow/dags/user_processing.py took 0.061 seconds
[2021-08-20 23:58:51,972] {scheduler_job.py:181} INFO - Started process (PID=504) to work on /opt/airflow/dags/user_processing.py
[2021-08-20 23:58:51,975] {scheduler_job.py:632} INFO - Processing file /opt/airflow/dags/user_processing.py for tasks to queue
[2021-08-20 23:58:51,975] {logging_mixin.py:104} INFO - [2021-08-20 23:58:51,975] {dagbag.py:496} INFO - Filling up the DagBag from /opt/airflow/dags/user_processing.py
[2021-08-20 23:58:51,988] {scheduler_job.py:642} INFO - DAG(s) dict_keys(['user_processing']) retrieved from /opt/airflow/dags/user_processing.py
[2021-08-20 23:58:52,013] {logging_mixin.py:104} INFO - [2021-08-20 23:58:52,013] {dag.py:1833} INFO - Sync 1 DAGs
[2021-08-20 23:58:52,031] {logging_mixin.py:104} INFO - [2021-08-20 23:58:52,030] {dag.py:2306} INFO - Setting next_dagrun for user_processing to 2021-08-19 00:00:00+00:00
[2021-08-20 23:58:52,041] {scheduler_job.py:189} INFO - Processing /opt/airflow/dags/user_processing.py took 0.073 seconds
[2021-08-20 23:59:22,074] {scheduler_job.py:181} INFO - Started process (PID=535) to work on /opt/airflow/dags/user_processing.py
[2021-08-20 23:59:22,075] {scheduler_job.py:632} INFO - Processing file /opt/airflow/dags/user_processing.py for tasks to queue
[2021-08-20 23:59:22,076] {logging_mixin.py:104} INFO - [2021-08-20 23:59:22,075] {dagbag.py:496} INFO - Filling up the DagBag from /opt/airflow/dags/user_processing.py
[2021-08-20 23:59:22,090] {logging_mixin.py:104} INFO - [2021-08-20 23:59:22,089] {dagbag.py:329} ERROR - Failed to import: /opt/airflow/dags/user_processing.py
Traceback (most recent call last):
  File "/home/airflow/.local/lib/python3.6/site-packages/airflow/models/dagbag.py", line 326, in _load_modules_from_file
    loader.exec_module(new_module)
  File "<frozen importlib._bootstrap_external>", line 678, in exec_module
  File "<frozen importlib._bootstrap>", line 219, in _call_with_frames_removed
  File "/opt/airflow/dags/user_processing.py", line 38, in <module>
    endpoint='api/'
  File "/home/airflow/.local/lib/python3.6/site-packages/airflow/models/baseoperator.py", line 178, in apply_defaults
    result = func(self, *args, **kwargs)
  File "/home/airflow/.local/lib/python3.6/site-packages/airflow/providers/http/sensors/http.py", line 88, in __init__
    super().__init__(**kwargs)
  File "/home/airflow/.local/lib/python3.6/site-packages/airflow/models/baseoperator.py", line 178, in apply_defaults
    result = func(self, *args, **kwargs)
  File "/home/airflow/.local/lib/python3.6/site-packages/airflow/sensors/base.py", line 106, in __init__
    super().__init__(**kwargs)
  File "/home/airflow/.local/lib/python3.6/site-packages/airflow/models/baseoperator.py", line 178, in apply_defaults
    result = func(self, *args, **kwargs)
  File "/home/airflow/.local/lib/python3.6/site-packages/airflow/models/baseoperator.py", line 508, in __init__
    "arguments were:\n**kwargs: {k}".format(c=self.__class__.__name__, k=kwargs, t=task_id),
airflow.exceptions.AirflowException: Invalid arguments were passed to HttpSensor (task_id: is_api_available). Invalid arguments were:
**kwargs: {'htt_conn_id': 'user_api'}
[2021-08-20 23:59:22,090] {scheduler_job.py:644} WARNING - No viable dags retrieved from /opt/airflow/dags/user_processing.py
[2021-08-20 23:59:22,111] {scheduler_job.py:189} INFO - Processing /opt/airflow/dags/user_processing.py took 0.041 seconds
[2021-08-20 23:59:52,198] {scheduler_job.py:181} INFO - Started process (PID=556) to work on /opt/airflow/dags/user_processing.py
[2021-08-20 23:59:52,199] {scheduler_job.py:632} INFO - Processing file /opt/airflow/dags/user_processing.py for tasks to queue
[2021-08-20 23:59:52,200] {logging_mixin.py:104} INFO - [2021-08-20 23:59:52,200] {dagbag.py:496} INFO - Filling up the DagBag from /opt/airflow/dags/user_processing.py
[2021-08-20 23:59:52,216] {logging_mixin.py:104} INFO - [2021-08-20 23:59:52,215] {dagbag.py:329} ERROR - Failed to import: /opt/airflow/dags/user_processing.py
Traceback (most recent call last):
  File "/home/airflow/.local/lib/python3.6/site-packages/airflow/models/dagbag.py", line 326, in _load_modules_from_file
    loader.exec_module(new_module)
  File "<frozen importlib._bootstrap_external>", line 678, in exec_module
  File "<frozen importlib._bootstrap>", line 219, in _call_with_frames_removed
  File "/opt/airflow/dags/user_processing.py", line 38, in <module>
    endpoint='api/'
  File "/home/airflow/.local/lib/python3.6/site-packages/airflow/models/baseoperator.py", line 178, in apply_defaults
    result = func(self, *args, **kwargs)
  File "/home/airflow/.local/lib/python3.6/site-packages/airflow/providers/http/sensors/http.py", line 88, in __init__
    super().__init__(**kwargs)
  File "/home/airflow/.local/lib/python3.6/site-packages/airflow/models/baseoperator.py", line 178, in apply_defaults
    result = func(self, *args, **kwargs)
  File "/home/airflow/.local/lib/python3.6/site-packages/airflow/sensors/base.py", line 106, in __init__
    super().__init__(**kwargs)
  File "/home/airflow/.local/lib/python3.6/site-packages/airflow/models/baseoperator.py", line 178, in apply_defaults
    result = func(self, *args, **kwargs)
  File "/home/airflow/.local/lib/python3.6/site-packages/airflow/models/baseoperator.py", line 508, in __init__
    "arguments were:\n**kwargs: {k}".format(c=self.__class__.__name__, k=kwargs, t=task_id),
airflow.exceptions.AirflowException: Invalid arguments were passed to HttpSensor (task_id: is_api_available). Invalid arguments were:
**kwargs: {'htt_conn_id': 'user_api'}
[2021-08-20 23:59:52,216] {scheduler_job.py:644} WARNING - No viable dags retrieved from /opt/airflow/dags/user_processing.py
[2021-08-20 23:59:52,238] {scheduler_job.py:189} INFO - Processing /opt/airflow/dags/user_processing.py took 0.045 seconds
