[2021-10-30 23:46:59,861] {scheduler_job.py:181} INFO - Started process (PID=25) to work on /opt/airflow/dags/user_processing.py
[2021-10-30 23:46:59,862] {scheduler_job.py:632} INFO - Processing file /opt/airflow/dags/user_processing.py for tasks to queue
[2021-10-30 23:46:59,863] {logging_mixin.py:104} INFO - [2021-10-30 23:46:59,863] {dagbag.py:496} INFO - Filling up the DagBag from /opt/airflow/dags/user_processing.py
[2021-10-30 23:47:01,283] {scheduler_job.py:642} INFO - DAG(s) dict_keys(['user_processing']) retrieved from /opt/airflow/dags/user_processing.py
[2021-10-30 23:47:05,041] {logging_mixin.py:104} INFO - [2021-10-30 23:47:05,039] {dag.py:1833} INFO - Sync 1 DAGs
[2021-10-30 23:47:05,052] {logging_mixin.py:104} INFO - [2021-10-30 23:47:05,051] {dag.py:1852} INFO - Creating ORM DAG for user_processing
[2021-10-30 23:47:05,065] {logging_mixin.py:104} INFO - [2021-10-30 23:47:05,065] {dag.py:2306} INFO - Setting next_dagrun for user_processing to 2021-10-29 00:00:00+00:00
[2021-10-30 23:47:05,088] {scheduler_job.py:189} INFO - Processing /opt/airflow/dags/user_processing.py took 5.230 seconds
[2021-10-30 23:47:35,170] {scheduler_job.py:181} INFO - Started process (PID=72) to work on /opt/airflow/dags/user_processing.py
[2021-10-30 23:47:35,171] {scheduler_job.py:632} INFO - Processing file /opt/airflow/dags/user_processing.py for tasks to queue
[2021-10-30 23:47:35,172] {logging_mixin.py:104} INFO - [2021-10-30 23:47:35,172] {dagbag.py:496} INFO - Filling up the DagBag from /opt/airflow/dags/user_processing.py
[2021-10-30 23:47:35,585] {scheduler_job.py:642} INFO - DAG(s) dict_keys(['user_processing']) retrieved from /opt/airflow/dags/user_processing.py
[2021-10-30 23:47:35,605] {logging_mixin.py:104} INFO - [2021-10-30 23:47:35,605] {dag.py:1833} INFO - Sync 1 DAGs
[2021-10-30 23:47:35,627] {logging_mixin.py:104} INFO - [2021-10-30 23:47:35,626] {dag.py:2306} INFO - Setting next_dagrun for user_processing to 2021-10-29 00:00:00+00:00
[2021-10-30 23:47:35,634] {scheduler_job.py:189} INFO - Processing /opt/airflow/dags/user_processing.py took 0.468 seconds
[2021-10-30 23:48:05,712] {scheduler_job.py:181} INFO - Started process (PID=118) to work on /opt/airflow/dags/user_processing.py
[2021-10-30 23:48:05,713] {scheduler_job.py:632} INFO - Processing file /opt/airflow/dags/user_processing.py for tasks to queue
[2021-10-30 23:48:05,714] {logging_mixin.py:104} INFO - [2021-10-30 23:48:05,714] {dagbag.py:496} INFO - Filling up the DagBag from /opt/airflow/dags/user_processing.py
[2021-10-30 23:48:06,142] {scheduler_job.py:642} INFO - DAG(s) dict_keys(['user_processing']) retrieved from /opt/airflow/dags/user_processing.py
[2021-10-30 23:48:06,158] {logging_mixin.py:104} INFO - [2021-10-30 23:48:06,158] {dag.py:1833} INFO - Sync 1 DAGs
[2021-10-30 23:48:06,176] {logging_mixin.py:104} INFO - [2021-10-30 23:48:06,176] {dag.py:2306} INFO - Setting next_dagrun for user_processing to 2021-10-29 00:00:00+00:00
[2021-10-30 23:48:06,184] {scheduler_job.py:189} INFO - Processing /opt/airflow/dags/user_processing.py took 0.476 seconds
[2021-10-30 23:48:36,260] {scheduler_job.py:181} INFO - Started process (PID=154) to work on /opt/airflow/dags/user_processing.py
[2021-10-30 23:48:36,262] {scheduler_job.py:632} INFO - Processing file /opt/airflow/dags/user_processing.py for tasks to queue
[2021-10-30 23:48:36,263] {logging_mixin.py:104} INFO - [2021-10-30 23:48:36,263] {dagbag.py:496} INFO - Filling up the DagBag from /opt/airflow/dags/user_processing.py
[2021-10-30 23:48:36,662] {scheduler_job.py:642} INFO - DAG(s) dict_keys(['user_processing']) retrieved from /opt/airflow/dags/user_processing.py
[2021-10-30 23:48:36,687] {logging_mixin.py:104} INFO - [2021-10-30 23:48:36,687] {dag.py:1833} INFO - Sync 1 DAGs
[2021-10-30 23:48:36,704] {logging_mixin.py:104} INFO - [2021-10-30 23:48:36,704] {dag.py:2306} INFO - Setting next_dagrun for user_processing to 2021-10-29 00:00:00+00:00
[2021-10-30 23:48:36,713] {scheduler_job.py:189} INFO - Processing /opt/airflow/dags/user_processing.py took 0.457 seconds
[2021-10-30 23:49:06,793] {scheduler_job.py:181} INFO - Started process (PID=200) to work on /opt/airflow/dags/user_processing.py
[2021-10-30 23:49:06,795] {scheduler_job.py:632} INFO - Processing file /opt/airflow/dags/user_processing.py for tasks to queue
[2021-10-30 23:49:06,796] {logging_mixin.py:104} INFO - [2021-10-30 23:49:06,795] {dagbag.py:496} INFO - Filling up the DagBag from /opt/airflow/dags/user_processing.py
[2021-10-30 23:49:07,188] {scheduler_job.py:642} INFO - DAG(s) dict_keys(['user_processing']) retrieved from /opt/airflow/dags/user_processing.py
[2021-10-30 23:49:07,211] {logging_mixin.py:104} INFO - [2021-10-30 23:49:07,211] {dag.py:1833} INFO - Sync 1 DAGs
[2021-10-30 23:49:07,232] {logging_mixin.py:104} INFO - [2021-10-30 23:49:07,231] {dag.py:2306} INFO - Setting next_dagrun for user_processing to 2021-10-29 00:00:00+00:00
[2021-10-30 23:49:07,242] {scheduler_job.py:189} INFO - Processing /opt/airflow/dags/user_processing.py took 0.453 seconds
[2021-10-30 23:49:37,322] {scheduler_job.py:181} INFO - Started process (PID=248) to work on /opt/airflow/dags/user_processing.py
[2021-10-30 23:49:37,323] {scheduler_job.py:632} INFO - Processing file /opt/airflow/dags/user_processing.py for tasks to queue
[2021-10-30 23:49:37,324] {logging_mixin.py:104} INFO - [2021-10-30 23:49:37,324] {dagbag.py:496} INFO - Filling up the DagBag from /opt/airflow/dags/user_processing.py
[2021-10-30 23:49:37,724] {scheduler_job.py:642} INFO - DAG(s) dict_keys(['user_processing']) retrieved from /opt/airflow/dags/user_processing.py
[2021-10-30 23:49:37,747] {logging_mixin.py:104} INFO - [2021-10-30 23:49:37,747] {dag.py:1833} INFO - Sync 1 DAGs
[2021-10-30 23:49:37,767] {logging_mixin.py:104} INFO - [2021-10-30 23:49:37,767] {dag.py:2306} INFO - Setting next_dagrun for user_processing to 2021-10-29 00:00:00+00:00
[2021-10-30 23:49:37,776] {scheduler_job.py:189} INFO - Processing /opt/airflow/dags/user_processing.py took 0.458 seconds
[2021-10-30 23:50:07,849] {scheduler_job.py:181} INFO - Started process (PID=284) to work on /opt/airflow/dags/user_processing.py
[2021-10-30 23:50:07,850] {scheduler_job.py:632} INFO - Processing file /opt/airflow/dags/user_processing.py for tasks to queue
[2021-10-30 23:50:07,850] {logging_mixin.py:104} INFO - [2021-10-30 23:50:07,850] {dagbag.py:496} INFO - Filling up the DagBag from /opt/airflow/dags/user_processing.py
[2021-10-30 23:50:08,262] {scheduler_job.py:642} INFO - DAG(s) dict_keys(['user_processing']) retrieved from /opt/airflow/dags/user_processing.py
[2021-10-30 23:50:08,280] {logging_mixin.py:104} INFO - [2021-10-30 23:50:08,279] {dag.py:1833} INFO - Sync 1 DAGs
[2021-10-30 23:50:08,298] {logging_mixin.py:104} INFO - [2021-10-30 23:50:08,298] {dag.py:2306} INFO - Setting next_dagrun for user_processing to 2021-10-29 00:00:00+00:00
[2021-10-30 23:50:08,306] {scheduler_job.py:189} INFO - Processing /opt/airflow/dags/user_processing.py took 0.460 seconds
[2021-10-30 23:50:38,384] {scheduler_job.py:181} INFO - Started process (PID=331) to work on /opt/airflow/dags/user_processing.py
[2021-10-30 23:50:38,385] {scheduler_job.py:632} INFO - Processing file /opt/airflow/dags/user_processing.py for tasks to queue
[2021-10-30 23:50:38,386] {logging_mixin.py:104} INFO - [2021-10-30 23:50:38,386] {dagbag.py:496} INFO - Filling up the DagBag from /opt/airflow/dags/user_processing.py
[2021-10-30 23:50:38,788] {scheduler_job.py:642} INFO - DAG(s) dict_keys(['user_processing']) retrieved from /opt/airflow/dags/user_processing.py
[2021-10-30 23:50:38,814] {logging_mixin.py:104} INFO - [2021-10-30 23:50:38,814] {dag.py:1833} INFO - Sync 1 DAGs
[2021-10-30 23:50:38,834] {logging_mixin.py:104} INFO - [2021-10-30 23:50:38,834] {dag.py:2306} INFO - Setting next_dagrun for user_processing to 2021-10-29 00:00:00+00:00
[2021-10-30 23:50:38,843] {scheduler_job.py:189} INFO - Processing /opt/airflow/dags/user_processing.py took 0.463 seconds
[2021-10-30 23:51:08,920] {scheduler_job.py:181} INFO - Started process (PID=378) to work on /opt/airflow/dags/user_processing.py
[2021-10-30 23:51:08,921] {scheduler_job.py:632} INFO - Processing file /opt/airflow/dags/user_processing.py for tasks to queue
[2021-10-30 23:51:08,922] {logging_mixin.py:104} INFO - [2021-10-30 23:51:08,921] {dagbag.py:496} INFO - Filling up the DagBag from /opt/airflow/dags/user_processing.py
[2021-10-30 23:51:09,359] {scheduler_job.py:642} INFO - DAG(s) dict_keys(['user_processing']) retrieved from /opt/airflow/dags/user_processing.py
[2021-10-30 23:51:09,386] {logging_mixin.py:104} INFO - [2021-10-30 23:51:09,386] {dag.py:1833} INFO - Sync 1 DAGs
[2021-10-30 23:51:09,401] {logging_mixin.py:104} INFO - [2021-10-30 23:51:09,401] {dag.py:2306} INFO - Setting next_dagrun for user_processing to 2021-10-29 00:00:00+00:00
[2021-10-30 23:51:09,408] {scheduler_job.py:189} INFO - Processing /opt/airflow/dags/user_processing.py took 0.491 seconds
[2021-10-30 23:51:39,485] {scheduler_job.py:181} INFO - Started process (PID=414) to work on /opt/airflow/dags/user_processing.py
[2021-10-30 23:51:39,486] {scheduler_job.py:632} INFO - Processing file /opt/airflow/dags/user_processing.py for tasks to queue
[2021-10-30 23:51:39,486] {logging_mixin.py:104} INFO - [2021-10-30 23:51:39,486] {dagbag.py:496} INFO - Filling up the DagBag from /opt/airflow/dags/user_processing.py
[2021-10-30 23:51:39,874] {scheduler_job.py:642} INFO - DAG(s) dict_keys(['user_processing']) retrieved from /opt/airflow/dags/user_processing.py
[2021-10-30 23:51:39,893] {logging_mixin.py:104} INFO - [2021-10-30 23:51:39,892] {dag.py:1833} INFO - Sync 1 DAGs
[2021-10-30 23:51:39,913] {logging_mixin.py:104} INFO - [2021-10-30 23:51:39,912] {dag.py:2306} INFO - Setting next_dagrun for user_processing to 2021-10-29 00:00:00+00:00
[2021-10-30 23:51:39,921] {scheduler_job.py:189} INFO - Processing /opt/airflow/dags/user_processing.py took 0.438 seconds
[2021-10-30 23:52:10,013] {scheduler_job.py:181} INFO - Started process (PID=460) to work on /opt/airflow/dags/user_processing.py
[2021-10-30 23:52:10,014] {scheduler_job.py:632} INFO - Processing file /opt/airflow/dags/user_processing.py for tasks to queue
[2021-10-30 23:52:10,015] {logging_mixin.py:104} INFO - [2021-10-30 23:52:10,015] {dagbag.py:496} INFO - Filling up the DagBag from /opt/airflow/dags/user_processing.py
[2021-10-30 23:52:10,436] {scheduler_job.py:642} INFO - DAG(s) dict_keys(['user_processing']) retrieved from /opt/airflow/dags/user_processing.py
[2021-10-30 23:52:10,463] {logging_mixin.py:104} INFO - [2021-10-30 23:52:10,463] {dag.py:1833} INFO - Sync 1 DAGs
[2021-10-30 23:52:10,479] {logging_mixin.py:104} INFO - [2021-10-30 23:52:10,479] {dag.py:2306} INFO - Setting next_dagrun for user_processing to 2021-10-29 00:00:00+00:00
[2021-10-30 23:52:10,488] {scheduler_job.py:189} INFO - Processing /opt/airflow/dags/user_processing.py took 0.480 seconds
[2021-10-30 23:52:40,578] {scheduler_job.py:181} INFO - Started process (PID=497) to work on /opt/airflow/dags/user_processing.py
[2021-10-30 23:52:40,579] {scheduler_job.py:632} INFO - Processing file /opt/airflow/dags/user_processing.py for tasks to queue
[2021-10-30 23:52:40,580] {logging_mixin.py:104} INFO - [2021-10-30 23:52:40,580] {dagbag.py:496} INFO - Filling up the DagBag from /opt/airflow/dags/user_processing.py
[2021-10-30 23:52:40,999] {scheduler_job.py:642} INFO - DAG(s) dict_keys(['user_processing']) retrieved from /opt/airflow/dags/user_processing.py
[2021-10-30 23:52:41,024] {logging_mixin.py:104} INFO - [2021-10-30 23:52:41,024] {dag.py:1833} INFO - Sync 1 DAGs
[2021-10-30 23:52:41,044] {logging_mixin.py:104} INFO - [2021-10-30 23:52:41,043] {dag.py:2306} INFO - Setting next_dagrun for user_processing to 2021-10-29 00:00:00+00:00
[2021-10-30 23:52:41,053] {scheduler_job.py:189} INFO - Processing /opt/airflow/dags/user_processing.py took 0.479 seconds
[2021-10-30 23:53:11,133] {scheduler_job.py:181} INFO - Started process (PID=543) to work on /opt/airflow/dags/user_processing.py
[2021-10-30 23:53:11,133] {scheduler_job.py:632} INFO - Processing file /opt/airflow/dags/user_processing.py for tasks to queue
[2021-10-30 23:53:11,134] {logging_mixin.py:104} INFO - [2021-10-30 23:53:11,134] {dagbag.py:496} INFO - Filling up the DagBag from /opt/airflow/dags/user_processing.py
[2021-10-30 23:53:11,526] {scheduler_job.py:642} INFO - DAG(s) dict_keys(['user_processing']) retrieved from /opt/airflow/dags/user_processing.py
[2021-10-30 23:53:11,545] {logging_mixin.py:104} INFO - [2021-10-30 23:53:11,545] {dag.py:1833} INFO - Sync 1 DAGs
[2021-10-30 23:53:11,563] {logging_mixin.py:104} INFO - [2021-10-30 23:53:11,563] {dag.py:2306} INFO - Setting next_dagrun for user_processing to 2021-10-29 00:00:00+00:00
[2021-10-30 23:53:11,572] {scheduler_job.py:189} INFO - Processing /opt/airflow/dags/user_processing.py took 0.443 seconds
[2021-10-30 23:53:41,651] {scheduler_job.py:181} INFO - Started process (PID=590) to work on /opt/airflow/dags/user_processing.py
[2021-10-30 23:53:41,652] {scheduler_job.py:632} INFO - Processing file /opt/airflow/dags/user_processing.py for tasks to queue
[2021-10-30 23:53:41,653] {logging_mixin.py:104} INFO - [2021-10-30 23:53:41,653] {dagbag.py:496} INFO - Filling up the DagBag from /opt/airflow/dags/user_processing.py
[2021-10-30 23:53:42,035] {scheduler_job.py:642} INFO - DAG(s) dict_keys(['user_processing']) retrieved from /opt/airflow/dags/user_processing.py
[2021-10-30 23:53:42,057] {logging_mixin.py:104} INFO - [2021-10-30 23:53:42,057] {dag.py:1833} INFO - Sync 1 DAGs
[2021-10-30 23:53:42,079] {logging_mixin.py:104} INFO - [2021-10-30 23:53:42,079] {dag.py:2306} INFO - Setting next_dagrun for user_processing to 2021-10-29 00:00:00+00:00
[2021-10-30 23:53:42,088] {scheduler_job.py:189} INFO - Processing /opt/airflow/dags/user_processing.py took 0.441 seconds
[2021-10-30 23:54:12,171] {scheduler_job.py:181} INFO - Started process (PID=626) to work on /opt/airflow/dags/user_processing.py
[2021-10-30 23:54:12,175] {scheduler_job.py:632} INFO - Processing file /opt/airflow/dags/user_processing.py for tasks to queue
[2021-10-30 23:54:12,175] {logging_mixin.py:104} INFO - [2021-10-30 23:54:12,175] {dagbag.py:496} INFO - Filling up the DagBag from /opt/airflow/dags/user_processing.py
[2021-10-30 23:54:12,576] {scheduler_job.py:642} INFO - DAG(s) dict_keys(['user_processing']) retrieved from /opt/airflow/dags/user_processing.py
[2021-10-30 23:54:12,598] {logging_mixin.py:104} INFO - [2021-10-30 23:54:12,598] {dag.py:1833} INFO - Sync 1 DAGs
[2021-10-30 23:54:12,617] {logging_mixin.py:104} INFO - [2021-10-30 23:54:12,617] {dag.py:2306} INFO - Setting next_dagrun for user_processing to 2021-10-29 00:00:00+00:00
[2021-10-30 23:54:12,627] {scheduler_job.py:189} INFO - Processing /opt/airflow/dags/user_processing.py took 0.462 seconds
[2021-10-30 23:54:42,709] {scheduler_job.py:181} INFO - Started process (PID=672) to work on /opt/airflow/dags/user_processing.py
[2021-10-30 23:54:42,711] {scheduler_job.py:632} INFO - Processing file /opt/airflow/dags/user_processing.py for tasks to queue
[2021-10-30 23:54:42,711] {logging_mixin.py:104} INFO - [2021-10-30 23:54:42,711] {dagbag.py:496} INFO - Filling up the DagBag from /opt/airflow/dags/user_processing.py
[2021-10-30 23:54:43,102] {scheduler_job.py:642} INFO - DAG(s) dict_keys(['user_processing']) retrieved from /opt/airflow/dags/user_processing.py
[2021-10-30 23:54:43,124] {logging_mixin.py:104} INFO - [2021-10-30 23:54:43,124] {dag.py:1833} INFO - Sync 1 DAGs
[2021-10-30 23:54:43,146] {logging_mixin.py:104} INFO - [2021-10-30 23:54:43,146] {dag.py:2306} INFO - Setting next_dagrun for user_processing to 2021-10-29 00:00:00+00:00
[2021-10-30 23:54:43,155] {scheduler_job.py:189} INFO - Processing /opt/airflow/dags/user_processing.py took 0.449 seconds
[2021-10-30 23:55:13,237] {scheduler_job.py:181} INFO - Started process (PID=718) to work on /opt/airflow/dags/user_processing.py
[2021-10-30 23:55:13,239] {scheduler_job.py:632} INFO - Processing file /opt/airflow/dags/user_processing.py for tasks to queue
[2021-10-30 23:55:13,239] {logging_mixin.py:104} INFO - [2021-10-30 23:55:13,239] {dagbag.py:496} INFO - Filling up the DagBag from /opt/airflow/dags/user_processing.py
[2021-10-30 23:55:13,656] {scheduler_job.py:642} INFO - DAG(s) dict_keys(['user_processing']) retrieved from /opt/airflow/dags/user_processing.py
[2021-10-30 23:55:13,676] {logging_mixin.py:104} INFO - [2021-10-30 23:55:13,676] {dag.py:1833} INFO - Sync 1 DAGs
[2021-10-30 23:55:13,697] {logging_mixin.py:104} INFO - [2021-10-30 23:55:13,697] {dag.py:2306} INFO - Setting next_dagrun for user_processing to 2021-10-29 00:00:00+00:00
[2021-10-30 23:55:13,706] {scheduler_job.py:189} INFO - Processing /opt/airflow/dags/user_processing.py took 0.473 seconds
[2021-10-30 23:55:43,791] {scheduler_job.py:181} INFO - Started process (PID=754) to work on /opt/airflow/dags/user_processing.py
[2021-10-30 23:55:43,792] {scheduler_job.py:632} INFO - Processing file /opt/airflow/dags/user_processing.py for tasks to queue
[2021-10-30 23:55:43,793] {logging_mixin.py:104} INFO - [2021-10-30 23:55:43,793] {dagbag.py:496} INFO - Filling up the DagBag from /opt/airflow/dags/user_processing.py
[2021-10-30 23:55:44,189] {scheduler_job.py:642} INFO - DAG(s) dict_keys(['user_processing']) retrieved from /opt/airflow/dags/user_processing.py
[2021-10-30 23:55:44,207] {logging_mixin.py:104} INFO - [2021-10-30 23:55:44,207] {dag.py:1833} INFO - Sync 1 DAGs
[2021-10-30 23:55:44,228] {logging_mixin.py:104} INFO - [2021-10-30 23:55:44,228] {dag.py:2306} INFO - Setting next_dagrun for user_processing to 2021-10-29 00:00:00+00:00
[2021-10-30 23:55:44,236] {scheduler_job.py:189} INFO - Processing /opt/airflow/dags/user_processing.py took 0.448 seconds
[2021-10-30 23:56:14,316] {scheduler_job.py:181} INFO - Started process (PID=800) to work on /opt/airflow/dags/user_processing.py
[2021-10-30 23:56:14,317] {scheduler_job.py:632} INFO - Processing file /opt/airflow/dags/user_processing.py for tasks to queue
[2021-10-30 23:56:14,317] {logging_mixin.py:104} INFO - [2021-10-30 23:56:14,317] {dagbag.py:496} INFO - Filling up the DagBag from /opt/airflow/dags/user_processing.py
[2021-10-30 23:56:14,743] {scheduler_job.py:642} INFO - DAG(s) dict_keys(['user_processing']) retrieved from /opt/airflow/dags/user_processing.py
[2021-10-30 23:56:14,766] {logging_mixin.py:104} INFO - [2021-10-30 23:56:14,766] {dag.py:1833} INFO - Sync 1 DAGs
[2021-10-30 23:56:14,784] {logging_mixin.py:104} INFO - [2021-10-30 23:56:14,784] {dag.py:2306} INFO - Setting next_dagrun for user_processing to 2021-10-29 00:00:00+00:00
[2021-10-30 23:56:14,793] {scheduler_job.py:189} INFO - Processing /opt/airflow/dags/user_processing.py took 0.481 seconds
[2021-10-30 23:56:44,872] {scheduler_job.py:181} INFO - Started process (PID=836) to work on /opt/airflow/dags/user_processing.py
[2021-10-30 23:56:44,872] {scheduler_job.py:632} INFO - Processing file /opt/airflow/dags/user_processing.py for tasks to queue
[2021-10-30 23:56:44,873] {logging_mixin.py:104} INFO - [2021-10-30 23:56:44,873] {dagbag.py:496} INFO - Filling up the DagBag from /opt/airflow/dags/user_processing.py
[2021-10-30 23:56:45,271] {scheduler_job.py:642} INFO - DAG(s) dict_keys(['user_processing']) retrieved from /opt/airflow/dags/user_processing.py
[2021-10-30 23:56:45,291] {logging_mixin.py:104} INFO - [2021-10-30 23:56:45,291] {dag.py:1833} INFO - Sync 1 DAGs
[2021-10-30 23:56:45,314] {logging_mixin.py:104} INFO - [2021-10-30 23:56:45,314] {dag.py:2306} INFO - Setting next_dagrun for user_processing to 2021-10-29 00:00:00+00:00
[2021-10-30 23:56:45,322] {scheduler_job.py:189} INFO - Processing /opt/airflow/dags/user_processing.py took 0.454 seconds
[2021-10-30 23:57:15,421] {scheduler_job.py:181} INFO - Started process (PID=882) to work on /opt/airflow/dags/user_processing.py
[2021-10-30 23:57:15,423] {scheduler_job.py:632} INFO - Processing file /opt/airflow/dags/user_processing.py for tasks to queue
[2021-10-30 23:57:15,424] {logging_mixin.py:104} INFO - [2021-10-30 23:57:15,424] {dagbag.py:496} INFO - Filling up the DagBag from /opt/airflow/dags/user_processing.py
[2021-10-30 23:57:15,835] {scheduler_job.py:642} INFO - DAG(s) dict_keys(['user_processing']) retrieved from /opt/airflow/dags/user_processing.py
[2021-10-30 23:57:15,861] {logging_mixin.py:104} INFO - [2021-10-30 23:57:15,861] {dag.py:1833} INFO - Sync 1 DAGs
[2021-10-30 23:57:15,881] {logging_mixin.py:104} INFO - [2021-10-30 23:57:15,880] {dag.py:2306} INFO - Setting next_dagrun for user_processing to 2021-10-29 00:00:00+00:00
[2021-10-30 23:57:15,889] {scheduler_job.py:189} INFO - Processing /opt/airflow/dags/user_processing.py took 0.472 seconds
[2021-10-30 23:57:45,971] {scheduler_job.py:181} INFO - Started process (PID=929) to work on /opt/airflow/dags/user_processing.py
[2021-10-30 23:57:45,973] {scheduler_job.py:632} INFO - Processing file /opt/airflow/dags/user_processing.py for tasks to queue
[2021-10-30 23:57:45,973] {logging_mixin.py:104} INFO - [2021-10-30 23:57:45,973] {dagbag.py:496} INFO - Filling up the DagBag from /opt/airflow/dags/user_processing.py
[2021-10-30 23:57:46,353] {scheduler_job.py:642} INFO - DAG(s) dict_keys(['user_processing']) retrieved from /opt/airflow/dags/user_processing.py
[2021-10-30 23:57:46,378] {logging_mixin.py:104} INFO - [2021-10-30 23:57:46,378] {dag.py:1833} INFO - Sync 1 DAGs
[2021-10-30 23:57:46,394] {logging_mixin.py:104} INFO - [2021-10-30 23:57:46,394] {dag.py:2306} INFO - Setting next_dagrun for user_processing to 2021-10-29 00:00:00+00:00
[2021-10-30 23:57:46,403] {scheduler_job.py:189} INFO - Processing /opt/airflow/dags/user_processing.py took 0.436 seconds
[2021-10-30 23:58:16,481] {scheduler_job.py:181} INFO - Started process (PID=965) to work on /opt/airflow/dags/user_processing.py
[2021-10-30 23:58:16,482] {scheduler_job.py:632} INFO - Processing file /opt/airflow/dags/user_processing.py for tasks to queue
[2021-10-30 23:58:16,483] {logging_mixin.py:104} INFO - [2021-10-30 23:58:16,483] {dagbag.py:496} INFO - Filling up the DagBag from /opt/airflow/dags/user_processing.py
[2021-10-30 23:58:16,903] {scheduler_job.py:642} INFO - DAG(s) dict_keys(['user_processing']) retrieved from /opt/airflow/dags/user_processing.py
[2021-10-30 23:58:16,922] {logging_mixin.py:104} INFO - [2021-10-30 23:58:16,922] {dag.py:1833} INFO - Sync 1 DAGs
[2021-10-30 23:58:16,941] {logging_mixin.py:104} INFO - [2021-10-30 23:58:16,941] {dag.py:2306} INFO - Setting next_dagrun for user_processing to 2021-10-29 00:00:00+00:00
[2021-10-30 23:58:16,950] {scheduler_job.py:189} INFO - Processing /opt/airflow/dags/user_processing.py took 0.473 seconds
[2021-10-30 23:58:47,044] {scheduler_job.py:181} INFO - Started process (PID=1011) to work on /opt/airflow/dags/user_processing.py
[2021-10-30 23:58:47,045] {scheduler_job.py:632} INFO - Processing file /opt/airflow/dags/user_processing.py for tasks to queue
[2021-10-30 23:58:47,045] {logging_mixin.py:104} INFO - [2021-10-30 23:58:47,045] {dagbag.py:496} INFO - Filling up the DagBag from /opt/airflow/dags/user_processing.py
[2021-10-30 23:58:47,449] {scheduler_job.py:642} INFO - DAG(s) dict_keys(['user_processing']) retrieved from /opt/airflow/dags/user_processing.py
[2021-10-30 23:58:47,472] {logging_mixin.py:104} INFO - [2021-10-30 23:58:47,472] {dag.py:1833} INFO - Sync 1 DAGs
[2021-10-30 23:58:47,491] {logging_mixin.py:104} INFO - [2021-10-30 23:58:47,491] {dag.py:2306} INFO - Setting next_dagrun for user_processing to 2021-10-29 00:00:00+00:00
[2021-10-30 23:58:47,499] {scheduler_job.py:189} INFO - Processing /opt/airflow/dags/user_processing.py took 0.458 seconds
[2021-10-30 23:59:17,581] {scheduler_job.py:181} INFO - Started process (PID=1057) to work on /opt/airflow/dags/user_processing.py
[2021-10-30 23:59:17,583] {scheduler_job.py:632} INFO - Processing file /opt/airflow/dags/user_processing.py for tasks to queue
[2021-10-30 23:59:17,583] {logging_mixin.py:104} INFO - [2021-10-30 23:59:17,583] {dagbag.py:496} INFO - Filling up the DagBag from /opt/airflow/dags/user_processing.py
[2021-10-30 23:59:18,003] {scheduler_job.py:642} INFO - DAG(s) dict_keys(['user_processing']) retrieved from /opt/airflow/dags/user_processing.py
[2021-10-30 23:59:18,026] {logging_mixin.py:104} INFO - [2021-10-30 23:59:18,025] {dag.py:1833} INFO - Sync 1 DAGs
[2021-10-30 23:59:18,044] {logging_mixin.py:104} INFO - [2021-10-30 23:59:18,044] {dag.py:2306} INFO - Setting next_dagrun for user_processing to 2021-10-29 00:00:00+00:00
[2021-10-30 23:59:18,053] {scheduler_job.py:189} INFO - Processing /opt/airflow/dags/user_processing.py took 0.476 seconds
[2021-10-30 23:59:48,135] {scheduler_job.py:181} INFO - Started process (PID=1093) to work on /opt/airflow/dags/user_processing.py
[2021-10-30 23:59:48,136] {scheduler_job.py:632} INFO - Processing file /opt/airflow/dags/user_processing.py for tasks to queue
[2021-10-30 23:59:48,137] {logging_mixin.py:104} INFO - [2021-10-30 23:59:48,137] {dagbag.py:496} INFO - Filling up the DagBag from /opt/airflow/dags/user_processing.py
[2021-10-30 23:59:48,518] {scheduler_job.py:642} INFO - DAG(s) dict_keys(['user_processing']) retrieved from /opt/airflow/dags/user_processing.py
[2021-10-30 23:59:48,540] {logging_mixin.py:104} INFO - [2021-10-30 23:59:48,540] {dag.py:1833} INFO - Sync 1 DAGs
[2021-10-30 23:59:48,561] {logging_mixin.py:104} INFO - [2021-10-30 23:59:48,561] {dag.py:2306} INFO - Setting next_dagrun for user_processing to 2021-10-29 00:00:00+00:00
[2021-10-30 23:59:48,569] {scheduler_job.py:189} INFO - Processing /opt/airflow/dags/user_processing.py took 0.438 seconds
