[2021-08-16 23:25:20,470] {taskinstance.py:896} INFO - Dependencies all met for <TaskInstance: example_bash_operator.also_run_this 2021-08-15T00:00:00+00:00 [queued]>
[2021-08-16 23:25:20,492] {taskinstance.py:896} INFO - Dependencies all met for <TaskInstance: example_bash_operator.also_run_this 2021-08-15T00:00:00+00:00 [queued]>
[2021-08-16 23:25:20,492] {taskinstance.py:1087} INFO - 
--------------------------------------------------------------------------------
[2021-08-16 23:25:20,492] {taskinstance.py:1088} INFO - Starting attempt 1 of 1
[2021-08-16 23:25:20,492] {taskinstance.py:1089} INFO - 
--------------------------------------------------------------------------------
[2021-08-16 23:25:20,507] {taskinstance.py:1107} INFO - Executing <Task(BashOperator): also_run_this> on 2021-08-15T00:00:00+00:00
[2021-08-16 23:25:20,516] {standard_task_runner.py:76} INFO - Running: ['***', 'tasks', 'run', 'example_bash_operator', 'also_run_this', '2021-08-15T00:00:00+00:00', '--job-id', '8', '--pool', 'default_pool', '--raw', '--subdir', '/home/***/.local/lib/python3.6/site-packages/***/example_dags/example_bash_operator.py', '--cfg-path', '/tmp/tmpazwoqazj', '--error-file', '/tmp/tmpc5_viwsw']
[2021-08-16 23:25:20,513] {standard_task_runner.py:52} INFO - Started process 4720 to run task
[2021-08-16 23:25:20,517] {standard_task_runner.py:77} INFO - Job 8: Subtask also_run_this
[2021-08-16 23:25:20,575] {logging_mixin.py:104} INFO - Running <TaskInstance: example_bash_operator.also_run_this 2021-08-15T00:00:00+00:00 [running]> on host eae9e873ba11
[2021-08-16 23:25:20,639] {taskinstance.py:1302} INFO - Exporting the following env vars:
AIRFLOW_CTX_DAG_OWNER=***
AIRFLOW_CTX_DAG_ID=example_bash_operator
AIRFLOW_CTX_TASK_ID=also_run_this
AIRFLOW_CTX_EXECUTION_DATE=2021-08-15T00:00:00+00:00
AIRFLOW_CTX_DAG_RUN_ID=scheduled__2021-08-15T00:00:00+00:00
[2021-08-16 23:25:20,640] {subprocess.py:52} INFO - Tmp dir root location: 
 /tmp
[2021-08-16 23:25:20,641] {subprocess.py:63} INFO - Running command: ['bash', '-c', 'echo "run_id=scheduled__2021-08-15T00:00:00+00:00 | dag_run=<DagRun example_bash_operator @ 2021-08-15 00:00:00+00:00: scheduled__2021-08-15T00:00:00+00:00, externally triggered: False>"']
[2021-08-16 23:25:20,655] {subprocess.py:74} INFO - Output:
[2021-08-16 23:25:20,656] {subprocess.py:78} INFO - run_id=scheduled__2021-08-15T00:00:00+00:00 | dag_run=<DagRun example_bash_operator @ 2021-08-15 00:00:00+00:00: scheduled__2021-08-15T00:00:00+00:00, externally triggered: False>
[2021-08-16 23:25:20,656] {subprocess.py:82} INFO - Command exited with return code 0
[2021-08-16 23:25:20,690] {taskinstance.py:1211} INFO - Marking task as SUCCESS. dag_id=example_bash_operator, task_id=also_run_this, execution_date=20210815T000000, start_date=20210816T232520, end_date=20210816T232520
[2021-08-16 23:25:20,729] {taskinstance.py:1265} INFO - 0 downstream tasks scheduled from follow-on schedule check
[2021-08-16 23:25:20,771] {local_task_job.py:149} INFO - Task exited with return code 0
