[2021-08-28 00:00:17,980] {scheduler_job.py:181} INFO - Started process (PID=532161) to work on /opt/airflow/dags/user_processing.py
[2021-08-28 00:00:17,981] {scheduler_job.py:632} INFO - Processing file /opt/airflow/dags/user_processing.py for tasks to queue
[2021-08-28 00:00:17,982] {logging_mixin.py:104} INFO - [2021-08-28 00:00:17,982] {dagbag.py:496} INFO - Filling up the DagBag from /opt/airflow/dags/user_processing.py
[2021-08-28 00:00:18,450] {scheduler_job.py:642} INFO - DAG(s) dict_keys(['user_processing']) retrieved from /opt/airflow/dags/user_processing.py
[2021-08-28 00:00:18,473] {logging_mixin.py:104} INFO - [2021-08-28 00:00:18,473] {dag.py:1833} INFO - Sync 1 DAGs
[2021-08-28 00:00:18,492] {logging_mixin.py:104} INFO - [2021-08-28 00:00:18,492] {dag.py:2306} INFO - Setting next_dagrun for user_processing to 2021-08-27 00:00:00+00:00
[2021-08-28 00:00:18,500] {scheduler_job.py:189} INFO - Processing /opt/airflow/dags/user_processing.py took 0.526 seconds
[2021-08-28 00:00:48,566] {scheduler_job.py:181} INFO - Started process (PID=532209) to work on /opt/airflow/dags/user_processing.py
[2021-08-28 00:00:48,567] {scheduler_job.py:632} INFO - Processing file /opt/airflow/dags/user_processing.py for tasks to queue
[2021-08-28 00:00:48,568] {logging_mixin.py:104} INFO - [2021-08-28 00:00:48,567] {dagbag.py:496} INFO - Filling up the DagBag from /opt/airflow/dags/user_processing.py
[2021-08-28 00:00:49,040] {scheduler_job.py:642} INFO - DAG(s) dict_keys(['user_processing']) retrieved from /opt/airflow/dags/user_processing.py
[2021-08-28 00:00:49,062] {logging_mixin.py:104} INFO - [2021-08-28 00:00:49,062] {dag.py:1833} INFO - Sync 1 DAGs
[2021-08-28 00:00:49,081] {logging_mixin.py:104} INFO - [2021-08-28 00:00:49,081] {dag.py:2306} INFO - Setting next_dagrun for user_processing to 2021-08-27 00:00:00+00:00
[2021-08-28 00:00:49,092] {scheduler_job.py:189} INFO - Processing /opt/airflow/dags/user_processing.py took 0.528 seconds
[2021-08-28 00:01:19,172] {scheduler_job.py:181} INFO - Started process (PID=532245) to work on /opt/airflow/dags/user_processing.py
[2021-08-28 00:01:19,173] {scheduler_job.py:632} INFO - Processing file /opt/airflow/dags/user_processing.py for tasks to queue
[2021-08-28 00:01:19,173] {logging_mixin.py:104} INFO - [2021-08-28 00:01:19,173] {dagbag.py:496} INFO - Filling up the DagBag from /opt/airflow/dags/user_processing.py
[2021-08-28 00:01:19,615] {scheduler_job.py:642} INFO - DAG(s) dict_keys(['user_processing']) retrieved from /opt/airflow/dags/user_processing.py
[2021-08-28 00:01:19,636] {logging_mixin.py:104} INFO - [2021-08-28 00:01:19,636] {dag.py:1833} INFO - Sync 1 DAGs
[2021-08-28 00:01:19,654] {logging_mixin.py:104} INFO - [2021-08-28 00:01:19,654] {dag.py:2306} INFO - Setting next_dagrun for user_processing to 2021-08-27 00:00:00+00:00
[2021-08-28 00:01:19,663] {scheduler_job.py:189} INFO - Processing /opt/airflow/dags/user_processing.py took 0.494 seconds
[2021-08-28 00:01:49,746] {scheduler_job.py:181} INFO - Started process (PID=532293) to work on /opt/airflow/dags/user_processing.py
[2021-08-28 00:01:49,747] {scheduler_job.py:632} INFO - Processing file /opt/airflow/dags/user_processing.py for tasks to queue
[2021-08-28 00:01:49,749] {logging_mixin.py:104} INFO - [2021-08-28 00:01:49,748] {dagbag.py:496} INFO - Filling up the DagBag from /opt/airflow/dags/user_processing.py
[2021-08-28 00:01:50,199] {scheduler_job.py:642} INFO - DAG(s) dict_keys(['user_processing']) retrieved from /opt/airflow/dags/user_processing.py
[2021-08-28 00:01:50,224] {logging_mixin.py:104} INFO - [2021-08-28 00:01:50,224] {dag.py:1833} INFO - Sync 1 DAGs
[2021-08-28 00:01:50,244] {logging_mixin.py:104} INFO - [2021-08-28 00:01:50,244] {dag.py:2306} INFO - Setting next_dagrun for user_processing to 2021-08-27 00:00:00+00:00
[2021-08-28 00:01:50,251] {scheduler_job.py:189} INFO - Processing /opt/airflow/dags/user_processing.py took 0.510 seconds
[2021-08-28 00:02:20,328] {scheduler_job.py:181} INFO - Started process (PID=532336) to work on /opt/airflow/dags/user_processing.py
[2021-08-28 00:02:20,329] {scheduler_job.py:632} INFO - Processing file /opt/airflow/dags/user_processing.py for tasks to queue
[2021-08-28 00:02:20,329] {logging_mixin.py:104} INFO - [2021-08-28 00:02:20,329] {dagbag.py:496} INFO - Filling up the DagBag from /opt/airflow/dags/user_processing.py
[2021-08-28 00:02:20,809] {scheduler_job.py:642} INFO - DAG(s) dict_keys(['user_processing']) retrieved from /opt/airflow/dags/user_processing.py
[2021-08-28 00:02:20,834] {logging_mixin.py:104} INFO - [2021-08-28 00:02:20,834] {dag.py:1833} INFO - Sync 1 DAGs
[2021-08-28 00:02:20,853] {logging_mixin.py:104} INFO - [2021-08-28 00:02:20,853] {dag.py:2306} INFO - Setting next_dagrun for user_processing to 2021-08-27 00:00:00+00:00
[2021-08-28 00:02:20,861] {scheduler_job.py:189} INFO - Processing /opt/airflow/dags/user_processing.py took 0.537 seconds
[2021-08-28 00:02:50,941] {scheduler_job.py:181} INFO - Started process (PID=532375) to work on /opt/airflow/dags/user_processing.py
[2021-08-28 00:02:50,942] {scheduler_job.py:632} INFO - Processing file /opt/airflow/dags/user_processing.py for tasks to queue
[2021-08-28 00:02:50,943] {logging_mixin.py:104} INFO - [2021-08-28 00:02:50,943] {dagbag.py:496} INFO - Filling up the DagBag from /opt/airflow/dags/user_processing.py
[2021-08-28 00:02:51,414] {scheduler_job.py:642} INFO - DAG(s) dict_keys(['user_processing']) retrieved from /opt/airflow/dags/user_processing.py
[2021-08-28 00:02:51,435] {logging_mixin.py:104} INFO - [2021-08-28 00:02:51,435] {dag.py:1833} INFO - Sync 1 DAGs
[2021-08-28 00:02:51,456] {logging_mixin.py:104} INFO - [2021-08-28 00:02:51,456] {dag.py:2306} INFO - Setting next_dagrun for user_processing to 2021-08-27 00:00:00+00:00
[2021-08-28 00:02:51,465] {scheduler_job.py:189} INFO - Processing /opt/airflow/dags/user_processing.py took 0.527 seconds
[2021-08-28 00:03:21,541] {scheduler_job.py:181} INFO - Started process (PID=532422) to work on /opt/airflow/dags/user_processing.py
[2021-08-28 00:03:21,542] {scheduler_job.py:632} INFO - Processing file /opt/airflow/dags/user_processing.py for tasks to queue
[2021-08-28 00:03:21,543] {logging_mixin.py:104} INFO - [2021-08-28 00:03:21,542] {dagbag.py:496} INFO - Filling up the DagBag from /opt/airflow/dags/user_processing.py
[2021-08-28 00:03:22,016] {scheduler_job.py:642} INFO - DAG(s) dict_keys(['user_processing']) retrieved from /opt/airflow/dags/user_processing.py
[2021-08-28 00:03:22,035] {logging_mixin.py:104} INFO - [2021-08-28 00:03:22,035] {dag.py:1833} INFO - Sync 1 DAGs
[2021-08-28 00:03:22,054] {logging_mixin.py:104} INFO - [2021-08-28 00:03:22,054] {dag.py:2306} INFO - Setting next_dagrun for user_processing to 2021-08-27 00:00:00+00:00
[2021-08-28 00:03:22,065] {scheduler_job.py:189} INFO - Processing /opt/airflow/dags/user_processing.py took 0.527 seconds
[2021-08-28 00:03:52,123] {scheduler_job.py:181} INFO - Started process (PID=532459) to work on /opt/airflow/dags/user_processing.py
[2021-08-28 00:03:52,124] {scheduler_job.py:632} INFO - Processing file /opt/airflow/dags/user_processing.py for tasks to queue
[2021-08-28 00:03:52,124] {logging_mixin.py:104} INFO - [2021-08-28 00:03:52,124] {dagbag.py:496} INFO - Filling up the DagBag from /opt/airflow/dags/user_processing.py
[2021-08-28 00:03:52,572] {scheduler_job.py:642} INFO - DAG(s) dict_keys(['user_processing']) retrieved from /opt/airflow/dags/user_processing.py
[2021-08-28 00:03:52,593] {logging_mixin.py:104} INFO - [2021-08-28 00:03:52,593] {dag.py:1833} INFO - Sync 1 DAGs
[2021-08-28 00:03:52,612] {logging_mixin.py:104} INFO - [2021-08-28 00:03:52,612] {dag.py:2306} INFO - Setting next_dagrun for user_processing to 2021-08-27 00:00:00+00:00
[2021-08-28 00:03:52,621] {scheduler_job.py:189} INFO - Processing /opt/airflow/dags/user_processing.py took 0.501 seconds
[2021-08-28 00:04:22,703] {scheduler_job.py:181} INFO - Started process (PID=532507) to work on /opt/airflow/dags/user_processing.py
[2021-08-28 00:04:22,704] {scheduler_job.py:632} INFO - Processing file /opt/airflow/dags/user_processing.py for tasks to queue
[2021-08-28 00:04:22,705] {logging_mixin.py:104} INFO - [2021-08-28 00:04:22,704] {dagbag.py:496} INFO - Filling up the DagBag from /opt/airflow/dags/user_processing.py
[2021-08-28 00:04:23,170] {scheduler_job.py:642} INFO - DAG(s) dict_keys(['user_processing']) retrieved from /opt/airflow/dags/user_processing.py
[2021-08-28 00:04:23,192] {logging_mixin.py:104} INFO - [2021-08-28 00:04:23,192] {dag.py:1833} INFO - Sync 1 DAGs
[2021-08-28 00:04:23,216] {logging_mixin.py:104} INFO - [2021-08-28 00:04:23,216] {dag.py:2306} INFO - Setting next_dagrun for user_processing to 2021-08-27 00:00:00+00:00
[2021-08-28 00:04:23,225] {scheduler_job.py:189} INFO - Processing /opt/airflow/dags/user_processing.py took 0.525 seconds
[2021-08-28 00:04:53,302] {scheduler_job.py:181} INFO - Started process (PID=532544) to work on /opt/airflow/dags/user_processing.py
[2021-08-28 00:04:53,305] {scheduler_job.py:632} INFO - Processing file /opt/airflow/dags/user_processing.py for tasks to queue
[2021-08-28 00:04:53,306] {logging_mixin.py:104} INFO - [2021-08-28 00:04:53,306] {dagbag.py:496} INFO - Filling up the DagBag from /opt/airflow/dags/user_processing.py
[2021-08-28 00:04:53,767] {scheduler_job.py:642} INFO - DAG(s) dict_keys(['user_processing']) retrieved from /opt/airflow/dags/user_processing.py
[2021-08-28 00:04:53,788] {logging_mixin.py:104} INFO - [2021-08-28 00:04:53,788] {dag.py:1833} INFO - Sync 1 DAGs
[2021-08-28 00:04:53,807] {logging_mixin.py:104} INFO - [2021-08-28 00:04:53,807] {dag.py:2306} INFO - Setting next_dagrun for user_processing to 2021-08-27 00:00:00+00:00
[2021-08-28 00:04:53,816] {scheduler_job.py:189} INFO - Processing /opt/airflow/dags/user_processing.py took 0.517 seconds
[2021-08-28 00:05:23,887] {scheduler_job.py:181} INFO - Started process (PID=532590) to work on /opt/airflow/dags/user_processing.py
[2021-08-28 00:05:23,888] {scheduler_job.py:632} INFO - Processing file /opt/airflow/dags/user_processing.py for tasks to queue
[2021-08-28 00:05:23,888] {logging_mixin.py:104} INFO - [2021-08-28 00:05:23,888] {dagbag.py:496} INFO - Filling up the DagBag from /opt/airflow/dags/user_processing.py
[2021-08-28 00:05:24,402] {scheduler_job.py:642} INFO - DAG(s) dict_keys(['user_processing']) retrieved from /opt/airflow/dags/user_processing.py
[2021-08-28 00:05:24,424] {logging_mixin.py:104} INFO - [2021-08-28 00:05:24,424] {dag.py:1833} INFO - Sync 1 DAGs
[2021-08-28 00:05:24,446] {logging_mixin.py:104} INFO - [2021-08-28 00:05:24,446] {dag.py:2306} INFO - Setting next_dagrun for user_processing to 2021-08-27 00:00:00+00:00
[2021-08-28 00:05:24,455] {scheduler_job.py:189} INFO - Processing /opt/airflow/dags/user_processing.py took 0.571 seconds
[2021-08-28 00:05:54,527] {scheduler_job.py:181} INFO - Started process (PID=532636) to work on /opt/airflow/dags/user_processing.py
[2021-08-28 00:05:54,528] {scheduler_job.py:632} INFO - Processing file /opt/airflow/dags/user_processing.py for tasks to queue
[2021-08-28 00:05:54,528] {logging_mixin.py:104} INFO - [2021-08-28 00:05:54,528] {dagbag.py:496} INFO - Filling up the DagBag from /opt/airflow/dags/user_processing.py
[2021-08-28 00:05:55,023] {scheduler_job.py:642} INFO - DAG(s) dict_keys(['user_processing']) retrieved from /opt/airflow/dags/user_processing.py
[2021-08-28 00:05:55,049] {logging_mixin.py:104} INFO - [2021-08-28 00:05:55,049] {dag.py:1833} INFO - Sync 1 DAGs
[2021-08-28 00:05:55,069] {logging_mixin.py:104} INFO - [2021-08-28 00:05:55,069] {dag.py:2306} INFO - Setting next_dagrun for user_processing to 2021-08-27 00:00:00+00:00
[2021-08-28 00:05:55,078] {scheduler_job.py:189} INFO - Processing /opt/airflow/dags/user_processing.py took 0.557 seconds
[2021-08-28 00:06:25,152] {scheduler_job.py:181} INFO - Started process (PID=532672) to work on /opt/airflow/dags/user_processing.py
[2021-08-28 00:06:25,153] {scheduler_job.py:632} INFO - Processing file /opt/airflow/dags/user_processing.py for tasks to queue
[2021-08-28 00:06:25,153] {logging_mixin.py:104} INFO - [2021-08-28 00:06:25,153] {dagbag.py:496} INFO - Filling up the DagBag from /opt/airflow/dags/user_processing.py
[2021-08-28 00:06:25,627] {scheduler_job.py:642} INFO - DAG(s) dict_keys(['user_processing']) retrieved from /opt/airflow/dags/user_processing.py
[2021-08-28 00:06:25,651] {logging_mixin.py:104} INFO - [2021-08-28 00:06:25,650] {dag.py:1833} INFO - Sync 1 DAGs
[2021-08-28 00:06:25,668] {logging_mixin.py:104} INFO - [2021-08-28 00:06:25,668] {dag.py:2306} INFO - Setting next_dagrun for user_processing to 2021-08-27 00:00:00+00:00
[2021-08-28 00:06:25,678] {scheduler_job.py:189} INFO - Processing /opt/airflow/dags/user_processing.py took 0.529 seconds
[2021-08-28 00:06:55,747] {scheduler_job.py:181} INFO - Started process (PID=532718) to work on /opt/airflow/dags/user_processing.py
[2021-08-28 00:06:55,748] {scheduler_job.py:632} INFO - Processing file /opt/airflow/dags/user_processing.py for tasks to queue
[2021-08-28 00:06:55,749] {logging_mixin.py:104} INFO - [2021-08-28 00:06:55,749] {dagbag.py:496} INFO - Filling up the DagBag from /opt/airflow/dags/user_processing.py
[2021-08-28 00:06:56,221] {scheduler_job.py:642} INFO - DAG(s) dict_keys(['user_processing']) retrieved from /opt/airflow/dags/user_processing.py
[2021-08-28 00:06:56,246] {logging_mixin.py:104} INFO - [2021-08-28 00:06:56,246] {dag.py:1833} INFO - Sync 1 DAGs
[2021-08-28 00:06:56,263] {logging_mixin.py:104} INFO - [2021-08-28 00:06:56,263] {dag.py:2306} INFO - Setting next_dagrun for user_processing to 2021-08-27 00:00:00+00:00
[2021-08-28 00:06:56,272] {scheduler_job.py:189} INFO - Processing /opt/airflow/dags/user_processing.py took 0.528 seconds
[2021-08-28 00:07:26,375] {scheduler_job.py:181} INFO - Started process (PID=532754) to work on /opt/airflow/dags/user_processing.py
[2021-08-28 00:07:26,377] {scheduler_job.py:632} INFO - Processing file /opt/airflow/dags/user_processing.py for tasks to queue
[2021-08-28 00:07:26,377] {logging_mixin.py:104} INFO - [2021-08-28 00:07:26,377] {dagbag.py:496} INFO - Filling up the DagBag from /opt/airflow/dags/user_processing.py
[2021-08-28 00:07:26,823] {scheduler_job.py:642} INFO - DAG(s) dict_keys(['user_processing']) retrieved from /opt/airflow/dags/user_processing.py
[2021-08-28 00:07:26,844] {logging_mixin.py:104} INFO - [2021-08-28 00:07:26,844] {dag.py:1833} INFO - Sync 1 DAGs
[2021-08-28 00:07:26,867] {logging_mixin.py:104} INFO - [2021-08-28 00:07:26,866] {dag.py:2306} INFO - Setting next_dagrun for user_processing to 2021-08-27 00:00:00+00:00
[2021-08-28 00:07:26,875] {scheduler_job.py:189} INFO - Processing /opt/airflow/dags/user_processing.py took 0.506 seconds
[2021-08-28 00:07:56,932] {scheduler_job.py:181} INFO - Started process (PID=532800) to work on /opt/airflow/dags/user_processing.py
[2021-08-28 00:07:56,933] {scheduler_job.py:632} INFO - Processing file /opt/airflow/dags/user_processing.py for tasks to queue
[2021-08-28 00:07:56,934] {logging_mixin.py:104} INFO - [2021-08-28 00:07:56,934] {dagbag.py:496} INFO - Filling up the DagBag from /opt/airflow/dags/user_processing.py
[2021-08-28 00:07:57,370] {scheduler_job.py:642} INFO - DAG(s) dict_keys(['user_processing']) retrieved from /opt/airflow/dags/user_processing.py
[2021-08-28 00:07:57,389] {logging_mixin.py:104} INFO - [2021-08-28 00:07:57,389] {dag.py:1833} INFO - Sync 1 DAGs
[2021-08-28 00:07:57,407] {logging_mixin.py:104} INFO - [2021-08-28 00:07:57,407] {dag.py:2306} INFO - Setting next_dagrun for user_processing to 2021-08-27 00:00:00+00:00
[2021-08-28 00:07:57,417] {scheduler_job.py:189} INFO - Processing /opt/airflow/dags/user_processing.py took 0.490 seconds
[2021-08-28 00:08:27,491] {scheduler_job.py:181} INFO - Started process (PID=532837) to work on /opt/airflow/dags/user_processing.py
[2021-08-28 00:08:27,492] {scheduler_job.py:632} INFO - Processing file /opt/airflow/dags/user_processing.py for tasks to queue
[2021-08-28 00:08:27,492] {logging_mixin.py:104} INFO - [2021-08-28 00:08:27,492] {dagbag.py:496} INFO - Filling up the DagBag from /opt/airflow/dags/user_processing.py
[2021-08-28 00:08:27,948] {scheduler_job.py:642} INFO - DAG(s) dict_keys(['user_processing']) retrieved from /opt/airflow/dags/user_processing.py
[2021-08-28 00:08:27,970] {logging_mixin.py:104} INFO - [2021-08-28 00:08:27,970] {dag.py:1833} INFO - Sync 1 DAGs
[2021-08-28 00:08:27,994] {logging_mixin.py:104} INFO - [2021-08-28 00:08:27,994] {dag.py:2306} INFO - Setting next_dagrun for user_processing to 2021-08-27 00:00:00+00:00
[2021-08-28 00:08:28,005] {scheduler_job.py:189} INFO - Processing /opt/airflow/dags/user_processing.py took 0.517 seconds
[2021-08-28 00:08:58,111] {scheduler_job.py:181} INFO - Started process (PID=532884) to work on /opt/airflow/dags/user_processing.py
[2021-08-28 00:08:58,112] {scheduler_job.py:632} INFO - Processing file /opt/airflow/dags/user_processing.py for tasks to queue
[2021-08-28 00:08:58,112] {logging_mixin.py:104} INFO - [2021-08-28 00:08:58,112] {dagbag.py:496} INFO - Filling up the DagBag from /opt/airflow/dags/user_processing.py
[2021-08-28 00:08:58,615] {scheduler_job.py:642} INFO - DAG(s) dict_keys(['user_processing']) retrieved from /opt/airflow/dags/user_processing.py
[2021-08-28 00:08:58,638] {logging_mixin.py:104} INFO - [2021-08-28 00:08:58,638] {dag.py:1833} INFO - Sync 1 DAGs
[2021-08-28 00:08:58,659] {logging_mixin.py:104} INFO - [2021-08-28 00:08:58,659] {dag.py:2306} INFO - Setting next_dagrun for user_processing to 2021-08-27 00:00:00+00:00
[2021-08-28 00:08:58,668] {scheduler_job.py:189} INFO - Processing /opt/airflow/dags/user_processing.py took 0.561 seconds
[2021-08-28 00:09:28,740] {scheduler_job.py:181} INFO - Started process (PID=532932) to work on /opt/airflow/dags/user_processing.py
[2021-08-28 00:09:28,741] {scheduler_job.py:632} INFO - Processing file /opt/airflow/dags/user_processing.py for tasks to queue
[2021-08-28 00:09:28,742] {logging_mixin.py:104} INFO - [2021-08-28 00:09:28,742] {dagbag.py:496} INFO - Filling up the DagBag from /opt/airflow/dags/user_processing.py
[2021-08-28 00:09:29,213] {scheduler_job.py:642} INFO - DAG(s) dict_keys(['user_processing']) retrieved from /opt/airflow/dags/user_processing.py
[2021-08-28 00:09:29,238] {logging_mixin.py:104} INFO - [2021-08-28 00:09:29,238] {dag.py:1833} INFO - Sync 1 DAGs
[2021-08-28 00:09:29,260] {logging_mixin.py:104} INFO - [2021-08-28 00:09:29,260] {dag.py:2306} INFO - Setting next_dagrun for user_processing to 2021-08-27 00:00:00+00:00
[2021-08-28 00:09:29,269] {scheduler_job.py:189} INFO - Processing /opt/airflow/dags/user_processing.py took 0.532 seconds
[2021-08-28 00:09:59,339] {scheduler_job.py:181} INFO - Started process (PID=532968) to work on /opt/airflow/dags/user_processing.py
[2021-08-28 00:09:59,340] {scheduler_job.py:632} INFO - Processing file /opt/airflow/dags/user_processing.py for tasks to queue
[2021-08-28 00:09:59,341] {logging_mixin.py:104} INFO - [2021-08-28 00:09:59,341] {dagbag.py:496} INFO - Filling up the DagBag from /opt/airflow/dags/user_processing.py
[2021-08-28 00:09:59,814] {scheduler_job.py:642} INFO - DAG(s) dict_keys(['user_processing']) retrieved from /opt/airflow/dags/user_processing.py
[2021-08-28 00:09:59,838] {logging_mixin.py:104} INFO - [2021-08-28 00:09:59,838] {dag.py:1833} INFO - Sync 1 DAGs
[2021-08-28 00:09:59,856] {logging_mixin.py:104} INFO - [2021-08-28 00:09:59,856] {dag.py:2306} INFO - Setting next_dagrun for user_processing to 2021-08-27 00:00:00+00:00
[2021-08-28 00:09:59,865] {scheduler_job.py:189} INFO - Processing /opt/airflow/dags/user_processing.py took 0.531 seconds
[2021-08-28 00:10:29,939] {scheduler_job.py:181} INFO - Started process (PID=533015) to work on /opt/airflow/dags/user_processing.py
[2021-08-28 00:10:29,940] {scheduler_job.py:632} INFO - Processing file /opt/airflow/dags/user_processing.py for tasks to queue
[2021-08-28 00:10:29,941] {logging_mixin.py:104} INFO - [2021-08-28 00:10:29,941] {dagbag.py:496} INFO - Filling up the DagBag from /opt/airflow/dags/user_processing.py
[2021-08-28 00:10:30,400] {scheduler_job.py:642} INFO - DAG(s) dict_keys(['user_processing']) retrieved from /opt/airflow/dags/user_processing.py
[2021-08-28 00:10:30,426] {logging_mixin.py:104} INFO - [2021-08-28 00:10:30,426] {dag.py:1833} INFO - Sync 1 DAGs
[2021-08-28 00:10:30,449] {logging_mixin.py:104} INFO - [2021-08-28 00:10:30,449] {dag.py:2306} INFO - Setting next_dagrun for user_processing to 2021-08-27 00:00:00+00:00
[2021-08-28 00:10:30,459] {scheduler_job.py:189} INFO - Processing /opt/airflow/dags/user_processing.py took 0.523 seconds
[2021-08-28 00:11:00,513] {scheduler_job.py:181} INFO - Started process (PID=533052) to work on /opt/airflow/dags/user_processing.py
[2021-08-28 00:11:00,514] {scheduler_job.py:632} INFO - Processing file /opt/airflow/dags/user_processing.py for tasks to queue
[2021-08-28 00:11:00,514] {logging_mixin.py:104} INFO - [2021-08-28 00:11:00,514] {dagbag.py:496} INFO - Filling up the DagBag from /opt/airflow/dags/user_processing.py
[2021-08-28 00:11:00,970] {scheduler_job.py:642} INFO - DAG(s) dict_keys(['user_processing']) retrieved from /opt/airflow/dags/user_processing.py
[2021-08-28 00:11:00,991] {logging_mixin.py:104} INFO - [2021-08-28 00:11:00,991] {dag.py:1833} INFO - Sync 1 DAGs
[2021-08-28 00:11:01,016] {logging_mixin.py:104} INFO - [2021-08-28 00:11:01,016] {dag.py:2306} INFO - Setting next_dagrun for user_processing to 2021-08-27 00:00:00+00:00
[2021-08-28 00:11:01,039] {scheduler_job.py:189} INFO - Processing /opt/airflow/dags/user_processing.py took 0.529 seconds
[2021-08-28 00:11:31,119] {scheduler_job.py:181} INFO - Started process (PID=533100) to work on /opt/airflow/dags/user_processing.py
[2021-08-28 00:11:31,120] {scheduler_job.py:632} INFO - Processing file /opt/airflow/dags/user_processing.py for tasks to queue
[2021-08-28 00:11:31,120] {logging_mixin.py:104} INFO - [2021-08-28 00:11:31,120] {dagbag.py:496} INFO - Filling up the DagBag from /opt/airflow/dags/user_processing.py
[2021-08-28 00:11:31,549] {scheduler_job.py:642} INFO - DAG(s) dict_keys(['user_processing']) retrieved from /opt/airflow/dags/user_processing.py
[2021-08-28 00:11:31,568] {logging_mixin.py:104} INFO - [2021-08-28 00:11:31,568] {dag.py:1833} INFO - Sync 1 DAGs
[2021-08-28 00:11:31,592] {logging_mixin.py:104} INFO - [2021-08-28 00:11:31,592] {dag.py:2306} INFO - Setting next_dagrun for user_processing to 2021-08-27 00:00:00+00:00
[2021-08-28 00:11:31,600] {scheduler_job.py:189} INFO - Processing /opt/airflow/dags/user_processing.py took 0.486 seconds
[2021-08-28 00:12:01,705] {scheduler_job.py:181} INFO - Started process (PID=533142) to work on /opt/airflow/dags/user_processing.py
[2021-08-28 00:12:01,706] {scheduler_job.py:632} INFO - Processing file /opt/airflow/dags/user_processing.py for tasks to queue
[2021-08-28 00:12:01,707] {logging_mixin.py:104} INFO - [2021-08-28 00:12:01,707] {dagbag.py:496} INFO - Filling up the DagBag from /opt/airflow/dags/user_processing.py
[2021-08-28 00:12:02,210] {scheduler_job.py:642} INFO - DAG(s) dict_keys(['user_processing']) retrieved from /opt/airflow/dags/user_processing.py
[2021-08-28 00:12:02,231] {logging_mixin.py:104} INFO - [2021-08-28 00:12:02,231] {dag.py:1833} INFO - Sync 1 DAGs
[2021-08-28 00:12:02,251] {logging_mixin.py:104} INFO - [2021-08-28 00:12:02,251] {dag.py:2306} INFO - Setting next_dagrun for user_processing to 2021-08-27 00:00:00+00:00
[2021-08-28 00:12:02,260] {scheduler_job.py:189} INFO - Processing /opt/airflow/dags/user_processing.py took 0.558 seconds
[2021-08-28 00:12:32,341] {scheduler_job.py:181} INFO - Started process (PID=533182) to work on /opt/airflow/dags/user_processing.py
[2021-08-28 00:12:32,342] {scheduler_job.py:632} INFO - Processing file /opt/airflow/dags/user_processing.py for tasks to queue
[2021-08-28 00:12:32,343] {logging_mixin.py:104} INFO - [2021-08-28 00:12:32,342] {dagbag.py:496} INFO - Filling up the DagBag from /opt/airflow/dags/user_processing.py
[2021-08-28 00:12:32,814] {scheduler_job.py:642} INFO - DAG(s) dict_keys(['user_processing']) retrieved from /opt/airflow/dags/user_processing.py
[2021-08-28 00:12:32,834] {logging_mixin.py:104} INFO - [2021-08-28 00:12:32,834] {dag.py:1833} INFO - Sync 1 DAGs
[2021-08-28 00:12:32,854] {logging_mixin.py:104} INFO - [2021-08-28 00:12:32,854] {dag.py:2306} INFO - Setting next_dagrun for user_processing to 2021-08-27 00:00:00+00:00
[2021-08-28 00:12:32,876] {scheduler_job.py:189} INFO - Processing /opt/airflow/dags/user_processing.py took 0.540 seconds
[2021-08-28 00:13:02,905] {scheduler_job.py:181} INFO - Started process (PID=533229) to work on /opt/airflow/dags/user_processing.py
[2021-08-28 00:13:02,906] {scheduler_job.py:632} INFO - Processing file /opt/airflow/dags/user_processing.py for tasks to queue
[2021-08-28 00:13:02,907] {logging_mixin.py:104} INFO - [2021-08-28 00:13:02,906] {dagbag.py:496} INFO - Filling up the DagBag from /opt/airflow/dags/user_processing.py
[2021-08-28 00:13:03,338] {scheduler_job.py:642} INFO - DAG(s) dict_keys(['user_processing']) retrieved from /opt/airflow/dags/user_processing.py
[2021-08-28 00:13:03,363] {logging_mixin.py:104} INFO - [2021-08-28 00:13:03,362] {dag.py:1833} INFO - Sync 1 DAGs
[2021-08-28 00:13:03,383] {logging_mixin.py:104} INFO - [2021-08-28 00:13:03,383] {dag.py:2306} INFO - Setting next_dagrun for user_processing to 2021-08-27 00:00:00+00:00
[2021-08-28 00:13:03,391] {scheduler_job.py:189} INFO - Processing /opt/airflow/dags/user_processing.py took 0.490 seconds
[2021-08-28 00:13:33,464] {scheduler_job.py:181} INFO - Started process (PID=533265) to work on /opt/airflow/dags/user_processing.py
[2021-08-28 00:13:33,465] {scheduler_job.py:632} INFO - Processing file /opt/airflow/dags/user_processing.py for tasks to queue
[2021-08-28 00:13:33,465] {logging_mixin.py:104} INFO - [2021-08-28 00:13:33,465] {dagbag.py:496} INFO - Filling up the DagBag from /opt/airflow/dags/user_processing.py
[2021-08-28 00:13:33,944] {scheduler_job.py:642} INFO - DAG(s) dict_keys(['user_processing']) retrieved from /opt/airflow/dags/user_processing.py
[2021-08-28 00:13:33,969] {logging_mixin.py:104} INFO - [2021-08-28 00:13:33,969] {dag.py:1833} INFO - Sync 1 DAGs
[2021-08-28 00:13:33,992] {logging_mixin.py:104} INFO - [2021-08-28 00:13:33,992] {dag.py:2306} INFO - Setting next_dagrun for user_processing to 2021-08-27 00:00:00+00:00
[2021-08-28 00:13:34,001] {scheduler_job.py:189} INFO - Processing /opt/airflow/dags/user_processing.py took 0.541 seconds
[2021-08-28 00:14:04,111] {scheduler_job.py:181} INFO - Started process (PID=533312) to work on /opt/airflow/dags/user_processing.py
[2021-08-28 00:14:04,112] {scheduler_job.py:632} INFO - Processing file /opt/airflow/dags/user_processing.py for tasks to queue
[2021-08-28 00:14:04,112] {logging_mixin.py:104} INFO - [2021-08-28 00:14:04,112] {dagbag.py:496} INFO - Filling up the DagBag from /opt/airflow/dags/user_processing.py
[2021-08-28 00:14:04,559] {scheduler_job.py:642} INFO - DAG(s) dict_keys(['user_processing']) retrieved from /opt/airflow/dags/user_processing.py
[2021-08-28 00:14:04,581] {logging_mixin.py:104} INFO - [2021-08-28 00:14:04,581] {dag.py:1833} INFO - Sync 1 DAGs
[2021-08-28 00:14:04,603] {logging_mixin.py:104} INFO - [2021-08-28 00:14:04,603] {dag.py:2306} INFO - Setting next_dagrun for user_processing to 2021-08-27 00:00:00+00:00
[2021-08-28 00:14:04,612] {scheduler_job.py:189} INFO - Processing /opt/airflow/dags/user_processing.py took 0.505 seconds
[2021-08-28 00:14:34,688] {scheduler_job.py:181} INFO - Started process (PID=533349) to work on /opt/airflow/dags/user_processing.py
[2021-08-28 00:14:34,689] {scheduler_job.py:632} INFO - Processing file /opt/airflow/dags/user_processing.py for tasks to queue
[2021-08-28 00:14:34,689] {logging_mixin.py:104} INFO - [2021-08-28 00:14:34,689] {dagbag.py:496} INFO - Filling up the DagBag from /opt/airflow/dags/user_processing.py
[2021-08-28 00:14:35,134] {scheduler_job.py:642} INFO - DAG(s) dict_keys(['user_processing']) retrieved from /opt/airflow/dags/user_processing.py
[2021-08-28 00:14:35,156] {logging_mixin.py:104} INFO - [2021-08-28 00:14:35,156] {dag.py:1833} INFO - Sync 1 DAGs
[2021-08-28 00:14:35,177] {logging_mixin.py:104} INFO - [2021-08-28 00:14:35,176] {dag.py:2306} INFO - Setting next_dagrun for user_processing to 2021-08-27 00:00:00+00:00
[2021-08-28 00:14:35,187] {scheduler_job.py:189} INFO - Processing /opt/airflow/dags/user_processing.py took 0.501 seconds
[2021-08-28 00:15:05,282] {scheduler_job.py:181} INFO - Started process (PID=533395) to work on /opt/airflow/dags/user_processing.py
[2021-08-28 00:15:05,283] {scheduler_job.py:632} INFO - Processing file /opt/airflow/dags/user_processing.py for tasks to queue
[2021-08-28 00:15:05,284] {logging_mixin.py:104} INFO - [2021-08-28 00:15:05,284] {dagbag.py:496} INFO - Filling up the DagBag from /opt/airflow/dags/user_processing.py
[2021-08-28 00:15:05,719] {scheduler_job.py:642} INFO - DAG(s) dict_keys(['user_processing']) retrieved from /opt/airflow/dags/user_processing.py
[2021-08-28 00:15:05,742] {logging_mixin.py:104} INFO - [2021-08-28 00:15:05,742] {dag.py:1833} INFO - Sync 1 DAGs
[2021-08-28 00:15:05,761] {logging_mixin.py:104} INFO - [2021-08-28 00:15:05,760] {dag.py:2306} INFO - Setting next_dagrun for user_processing to 2021-08-27 00:00:00+00:00
[2021-08-28 00:15:05,771] {scheduler_job.py:189} INFO - Processing /opt/airflow/dags/user_processing.py took 0.494 seconds
[2021-08-28 00:15:35,854] {scheduler_job.py:181} INFO - Started process (PID=533441) to work on /opt/airflow/dags/user_processing.py
[2021-08-28 00:15:35,856] {scheduler_job.py:632} INFO - Processing file /opt/airflow/dags/user_processing.py for tasks to queue
[2021-08-28 00:15:35,856] {logging_mixin.py:104} INFO - [2021-08-28 00:15:35,856] {dagbag.py:496} INFO - Filling up the DagBag from /opt/airflow/dags/user_processing.py
[2021-08-28 00:15:36,320] {scheduler_job.py:642} INFO - DAG(s) dict_keys(['user_processing']) retrieved from /opt/airflow/dags/user_processing.py
[2021-08-28 00:15:36,343] {logging_mixin.py:104} INFO - [2021-08-28 00:15:36,343] {dag.py:1833} INFO - Sync 1 DAGs
[2021-08-28 00:15:36,360] {logging_mixin.py:104} INFO - [2021-08-28 00:15:36,360] {dag.py:2306} INFO - Setting next_dagrun for user_processing to 2021-08-27 00:00:00+00:00
[2021-08-28 00:15:36,367] {scheduler_job.py:189} INFO - Processing /opt/airflow/dags/user_processing.py took 0.516 seconds
[2021-08-28 00:16:06,451] {scheduler_job.py:181} INFO - Started process (PID=533478) to work on /opt/airflow/dags/user_processing.py
[2021-08-28 00:16:06,452] {scheduler_job.py:632} INFO - Processing file /opt/airflow/dags/user_processing.py for tasks to queue
[2021-08-28 00:16:06,452] {logging_mixin.py:104} INFO - [2021-08-28 00:16:06,452] {dagbag.py:496} INFO - Filling up the DagBag from /opt/airflow/dags/user_processing.py
[2021-08-28 00:16:06,942] {scheduler_job.py:642} INFO - DAG(s) dict_keys(['user_processing']) retrieved from /opt/airflow/dags/user_processing.py
[2021-08-28 00:16:06,968] {logging_mixin.py:104} INFO - [2021-08-28 00:16:06,968] {dag.py:1833} INFO - Sync 1 DAGs
[2021-08-28 00:16:06,987] {logging_mixin.py:104} INFO - [2021-08-28 00:16:06,987] {dag.py:2306} INFO - Setting next_dagrun for user_processing to 2021-08-27 00:00:00+00:00
[2021-08-28 00:16:06,996] {scheduler_job.py:189} INFO - Processing /opt/airflow/dags/user_processing.py took 0.548 seconds
[2021-08-28 00:16:37,069] {scheduler_job.py:181} INFO - Started process (PID=533525) to work on /opt/airflow/dags/user_processing.py
[2021-08-28 00:16:37,070] {scheduler_job.py:632} INFO - Processing file /opt/airflow/dags/user_processing.py for tasks to queue
[2021-08-28 00:16:37,071] {logging_mixin.py:104} INFO - [2021-08-28 00:16:37,070] {dagbag.py:496} INFO - Filling up the DagBag from /opt/airflow/dags/user_processing.py
[2021-08-28 00:16:37,544] {scheduler_job.py:642} INFO - DAG(s) dict_keys(['user_processing']) retrieved from /opt/airflow/dags/user_processing.py
[2021-08-28 00:16:37,565] {logging_mixin.py:104} INFO - [2021-08-28 00:16:37,565] {dag.py:1833} INFO - Sync 1 DAGs
[2021-08-28 00:16:37,585] {logging_mixin.py:104} INFO - [2021-08-28 00:16:37,585] {dag.py:2306} INFO - Setting next_dagrun for user_processing to 2021-08-27 00:00:00+00:00
[2021-08-28 00:16:37,594] {scheduler_job.py:189} INFO - Processing /opt/airflow/dags/user_processing.py took 0.528 seconds
[2021-08-28 00:17:07,628] {scheduler_job.py:181} INFO - Started process (PID=533562) to work on /opt/airflow/dags/user_processing.py
[2021-08-28 00:17:07,629] {scheduler_job.py:632} INFO - Processing file /opt/airflow/dags/user_processing.py for tasks to queue
[2021-08-28 00:17:07,630] {logging_mixin.py:104} INFO - [2021-08-28 00:17:07,630] {dagbag.py:496} INFO - Filling up the DagBag from /opt/airflow/dags/user_processing.py
[2021-08-28 00:17:08,120] {scheduler_job.py:642} INFO - DAG(s) dict_keys(['user_processing']) retrieved from /opt/airflow/dags/user_processing.py
[2021-08-28 00:17:08,144] {logging_mixin.py:104} INFO - [2021-08-28 00:17:08,144] {dag.py:1833} INFO - Sync 1 DAGs
[2021-08-28 00:17:08,167] {logging_mixin.py:104} INFO - [2021-08-28 00:17:08,167] {dag.py:2306} INFO - Setting next_dagrun for user_processing to 2021-08-27 00:00:00+00:00
[2021-08-28 00:17:08,177] {scheduler_job.py:189} INFO - Processing /opt/airflow/dags/user_processing.py took 0.553 seconds
[2021-08-28 00:17:38,280] {scheduler_job.py:181} INFO - Started process (PID=533608) to work on /opt/airflow/dags/user_processing.py
[2021-08-28 00:17:38,281] {scheduler_job.py:632} INFO - Processing file /opt/airflow/dags/user_processing.py for tasks to queue
[2021-08-28 00:17:38,282] {logging_mixin.py:104} INFO - [2021-08-28 00:17:38,281] {dagbag.py:496} INFO - Filling up the DagBag from /opt/airflow/dags/user_processing.py
[2021-08-28 00:17:38,747] {scheduler_job.py:642} INFO - DAG(s) dict_keys(['user_processing']) retrieved from /opt/airflow/dags/user_processing.py
[2021-08-28 00:17:38,771] {logging_mixin.py:104} INFO - [2021-08-28 00:17:38,771] {dag.py:1833} INFO - Sync 1 DAGs
[2021-08-28 00:17:38,788] {logging_mixin.py:104} INFO - [2021-08-28 00:17:38,788] {dag.py:2306} INFO - Setting next_dagrun for user_processing to 2021-08-27 00:00:00+00:00
[2021-08-28 00:17:38,798] {scheduler_job.py:189} INFO - Processing /opt/airflow/dags/user_processing.py took 0.524 seconds
[2021-08-28 00:18:08,845] {scheduler_job.py:181} INFO - Started process (PID=533644) to work on /opt/airflow/dags/user_processing.py
[2021-08-28 00:18:08,846] {scheduler_job.py:632} INFO - Processing file /opt/airflow/dags/user_processing.py for tasks to queue
[2021-08-28 00:18:08,846] {logging_mixin.py:104} INFO - [2021-08-28 00:18:08,846] {dagbag.py:496} INFO - Filling up the DagBag from /opt/airflow/dags/user_processing.py
[2021-08-28 00:18:09,316] {scheduler_job.py:642} INFO - DAG(s) dict_keys(['user_processing']) retrieved from /opt/airflow/dags/user_processing.py
[2021-08-28 00:18:09,338] {logging_mixin.py:104} INFO - [2021-08-28 00:18:09,338] {dag.py:1833} INFO - Sync 1 DAGs
[2021-08-28 00:18:09,357] {logging_mixin.py:104} INFO - [2021-08-28 00:18:09,356] {dag.py:2306} INFO - Setting next_dagrun for user_processing to 2021-08-27 00:00:00+00:00
[2021-08-28 00:18:09,365] {scheduler_job.py:189} INFO - Processing /opt/airflow/dags/user_processing.py took 0.524 seconds
[2021-08-28 00:18:39,452] {scheduler_job.py:181} INFO - Started process (PID=533691) to work on /opt/airflow/dags/user_processing.py
[2021-08-28 00:18:39,453] {scheduler_job.py:632} INFO - Processing file /opt/airflow/dags/user_processing.py for tasks to queue
[2021-08-28 00:18:39,453] {logging_mixin.py:104} INFO - [2021-08-28 00:18:39,453] {dagbag.py:496} INFO - Filling up the DagBag from /opt/airflow/dags/user_processing.py
[2021-08-28 00:18:39,907] {scheduler_job.py:642} INFO - DAG(s) dict_keys(['user_processing']) retrieved from /opt/airflow/dags/user_processing.py
[2021-08-28 00:18:39,929] {logging_mixin.py:104} INFO - [2021-08-28 00:18:39,929] {dag.py:1833} INFO - Sync 1 DAGs
[2021-08-28 00:18:39,950] {logging_mixin.py:104} INFO - [2021-08-28 00:18:39,950] {dag.py:2306} INFO - Setting next_dagrun for user_processing to 2021-08-27 00:00:00+00:00
[2021-08-28 00:18:39,960] {scheduler_job.py:189} INFO - Processing /opt/airflow/dags/user_processing.py took 0.514 seconds
[2021-08-28 00:19:10,034] {scheduler_job.py:181} INFO - Started process (PID=533738) to work on /opt/airflow/dags/user_processing.py
[2021-08-28 00:19:10,035] {scheduler_job.py:632} INFO - Processing file /opt/airflow/dags/user_processing.py for tasks to queue
[2021-08-28 00:19:10,036] {logging_mixin.py:104} INFO - [2021-08-28 00:19:10,036] {dagbag.py:496} INFO - Filling up the DagBag from /opt/airflow/dags/user_processing.py
[2021-08-28 00:19:10,526] {scheduler_job.py:642} INFO - DAG(s) dict_keys(['user_processing']) retrieved from /opt/airflow/dags/user_processing.py
[2021-08-28 00:19:10,547] {logging_mixin.py:104} INFO - [2021-08-28 00:19:10,547] {dag.py:1833} INFO - Sync 1 DAGs
[2021-08-28 00:19:10,566] {logging_mixin.py:104} INFO - [2021-08-28 00:19:10,566] {dag.py:2306} INFO - Setting next_dagrun for user_processing to 2021-08-27 00:00:00+00:00
[2021-08-28 00:19:10,575] {scheduler_job.py:189} INFO - Processing /opt/airflow/dags/user_processing.py took 0.544 seconds
[2021-08-28 00:19:40,658] {scheduler_job.py:181} INFO - Started process (PID=533774) to work on /opt/airflow/dags/user_processing.py
[2021-08-28 00:19:40,659] {scheduler_job.py:632} INFO - Processing file /opt/airflow/dags/user_processing.py for tasks to queue
[2021-08-28 00:19:40,660] {logging_mixin.py:104} INFO - [2021-08-28 00:19:40,660] {dagbag.py:496} INFO - Filling up the DagBag from /opt/airflow/dags/user_processing.py
[2021-08-28 00:19:41,135] {scheduler_job.py:642} INFO - DAG(s) dict_keys(['user_processing']) retrieved from /opt/airflow/dags/user_processing.py
[2021-08-28 00:19:41,157] {logging_mixin.py:104} INFO - [2021-08-28 00:19:41,157] {dag.py:1833} INFO - Sync 1 DAGs
[2021-08-28 00:19:41,181] {logging_mixin.py:104} INFO - [2021-08-28 00:19:41,181] {dag.py:2306} INFO - Setting next_dagrun for user_processing to 2021-08-27 00:00:00+00:00
[2021-08-28 00:19:41,192] {scheduler_job.py:189} INFO - Processing /opt/airflow/dags/user_processing.py took 0.537 seconds
[2021-08-28 00:20:11,256] {scheduler_job.py:181} INFO - Started process (PID=533820) to work on /opt/airflow/dags/user_processing.py
[2021-08-28 00:20:11,258] {scheduler_job.py:632} INFO - Processing file /opt/airflow/dags/user_processing.py for tasks to queue
[2021-08-28 00:20:11,259] {logging_mixin.py:104} INFO - [2021-08-28 00:20:11,258] {dagbag.py:496} INFO - Filling up the DagBag from /opt/airflow/dags/user_processing.py
[2021-08-28 00:20:11,719] {scheduler_job.py:642} INFO - DAG(s) dict_keys(['user_processing']) retrieved from /opt/airflow/dags/user_processing.py
[2021-08-28 00:20:11,738] {logging_mixin.py:104} INFO - [2021-08-28 00:20:11,738] {dag.py:1833} INFO - Sync 1 DAGs
[2021-08-28 00:20:11,758] {logging_mixin.py:104} INFO - [2021-08-28 00:20:11,758] {dag.py:2306} INFO - Setting next_dagrun for user_processing to 2021-08-27 00:00:00+00:00
[2021-08-28 00:20:11,770] {scheduler_job.py:189} INFO - Processing /opt/airflow/dags/user_processing.py took 0.517 seconds
[2021-08-28 00:20:41,859] {scheduler_job.py:181} INFO - Started process (PID=533856) to work on /opt/airflow/dags/user_processing.py
[2021-08-28 00:20:41,860] {scheduler_job.py:632} INFO - Processing file /opt/airflow/dags/user_processing.py for tasks to queue
[2021-08-28 00:20:41,861] {logging_mixin.py:104} INFO - [2021-08-28 00:20:41,861] {dagbag.py:496} INFO - Filling up the DagBag from /opt/airflow/dags/user_processing.py
[2021-08-28 00:20:42,370] {scheduler_job.py:642} INFO - DAG(s) dict_keys(['user_processing']) retrieved from /opt/airflow/dags/user_processing.py
[2021-08-28 00:20:42,394] {logging_mixin.py:104} INFO - [2021-08-28 00:20:42,394] {dag.py:1833} INFO - Sync 1 DAGs
[2021-08-28 00:20:42,419] {logging_mixin.py:104} INFO - [2021-08-28 00:20:42,419] {dag.py:2306} INFO - Setting next_dagrun for user_processing to 2021-08-27 00:00:00+00:00
[2021-08-28 00:20:42,427] {scheduler_job.py:189} INFO - Processing /opt/airflow/dags/user_processing.py took 0.572 seconds
[2021-08-28 00:21:12,492] {scheduler_job.py:181} INFO - Started process (PID=533902) to work on /opt/airflow/dags/user_processing.py
[2021-08-28 00:21:12,493] {scheduler_job.py:632} INFO - Processing file /opt/airflow/dags/user_processing.py for tasks to queue
[2021-08-28 00:21:12,494] {logging_mixin.py:104} INFO - [2021-08-28 00:21:12,494] {dagbag.py:496} INFO - Filling up the DagBag from /opt/airflow/dags/user_processing.py
[2021-08-28 00:21:12,984] {scheduler_job.py:642} INFO - DAG(s) dict_keys(['user_processing']) retrieved from /opt/airflow/dags/user_processing.py
[2021-08-28 00:21:13,000] {logging_mixin.py:104} INFO - [2021-08-28 00:21:13,000] {dag.py:1833} INFO - Sync 1 DAGs
[2021-08-28 00:21:13,021] {logging_mixin.py:104} INFO - [2021-08-28 00:21:13,021] {dag.py:2306} INFO - Setting next_dagrun for user_processing to 2021-08-27 00:00:00+00:00
[2021-08-28 00:21:13,030] {scheduler_job.py:189} INFO - Processing /opt/airflow/dags/user_processing.py took 0.540 seconds
[2021-08-28 00:21:43,108] {scheduler_job.py:181} INFO - Started process (PID=533938) to work on /opt/airflow/dags/user_processing.py
[2021-08-28 00:21:43,109] {scheduler_job.py:632} INFO - Processing file /opt/airflow/dags/user_processing.py for tasks to queue
[2021-08-28 00:21:43,110] {logging_mixin.py:104} INFO - [2021-08-28 00:21:43,109] {dagbag.py:496} INFO - Filling up the DagBag from /opt/airflow/dags/user_processing.py
[2021-08-28 00:21:43,550] {scheduler_job.py:642} INFO - DAG(s) dict_keys(['user_processing']) retrieved from /opt/airflow/dags/user_processing.py
[2021-08-28 00:21:43,574] {logging_mixin.py:104} INFO - [2021-08-28 00:21:43,574] {dag.py:1833} INFO - Sync 1 DAGs
[2021-08-28 00:21:43,593] {logging_mixin.py:104} INFO - [2021-08-28 00:21:43,593] {dag.py:2306} INFO - Setting next_dagrun for user_processing to 2021-08-27 00:00:00+00:00
[2021-08-28 00:21:43,602] {scheduler_job.py:189} INFO - Processing /opt/airflow/dags/user_processing.py took 0.499 seconds
[2021-08-28 00:22:13,667] {scheduler_job.py:181} INFO - Started process (PID=533984) to work on /opt/airflow/dags/user_processing.py
[2021-08-28 00:22:13,668] {scheduler_job.py:632} INFO - Processing file /opt/airflow/dags/user_processing.py for tasks to queue
[2021-08-28 00:22:13,668] {logging_mixin.py:104} INFO - [2021-08-28 00:22:13,668] {dagbag.py:496} INFO - Filling up the DagBag from /opt/airflow/dags/user_processing.py
[2021-08-28 00:22:14,117] {scheduler_job.py:642} INFO - DAG(s) dict_keys(['user_processing']) retrieved from /opt/airflow/dags/user_processing.py
[2021-08-28 00:22:14,138] {logging_mixin.py:104} INFO - [2021-08-28 00:22:14,138] {dag.py:1833} INFO - Sync 1 DAGs
[2021-08-28 00:22:14,161] {logging_mixin.py:104} INFO - [2021-08-28 00:22:14,160] {dag.py:2306} INFO - Setting next_dagrun for user_processing to 2021-08-27 00:00:00+00:00
[2021-08-28 00:22:14,170] {scheduler_job.py:189} INFO - Processing /opt/airflow/dags/user_processing.py took 0.506 seconds
[2021-08-28 00:22:44,252] {scheduler_job.py:181} INFO - Started process (PID=534030) to work on /opt/airflow/dags/user_processing.py
[2021-08-28 00:22:44,253] {scheduler_job.py:632} INFO - Processing file /opt/airflow/dags/user_processing.py for tasks to queue
[2021-08-28 00:22:44,254] {logging_mixin.py:104} INFO - [2021-08-28 00:22:44,254] {dagbag.py:496} INFO - Filling up the DagBag from /opt/airflow/dags/user_processing.py
[2021-08-28 00:22:44,700] {scheduler_job.py:642} INFO - DAG(s) dict_keys(['user_processing']) retrieved from /opt/airflow/dags/user_processing.py
[2021-08-28 00:22:44,727] {logging_mixin.py:104} INFO - [2021-08-28 00:22:44,727] {dag.py:1833} INFO - Sync 1 DAGs
[2021-08-28 00:22:44,747] {logging_mixin.py:104} INFO - [2021-08-28 00:22:44,747] {dag.py:2306} INFO - Setting next_dagrun for user_processing to 2021-08-27 00:00:00+00:00
[2021-08-28 00:22:44,758] {scheduler_job.py:189} INFO - Processing /opt/airflow/dags/user_processing.py took 0.511 seconds
[2021-08-28 00:23:14,866] {scheduler_job.py:181} INFO - Started process (PID=534067) to work on /opt/airflow/dags/user_processing.py
[2021-08-28 00:23:14,867] {scheduler_job.py:632} INFO - Processing file /opt/airflow/dags/user_processing.py for tasks to queue
[2021-08-28 00:23:14,867] {logging_mixin.py:104} INFO - [2021-08-28 00:23:14,867] {dagbag.py:496} INFO - Filling up the DagBag from /opt/airflow/dags/user_processing.py
[2021-08-28 00:23:15,343] {scheduler_job.py:642} INFO - DAG(s) dict_keys(['user_processing']) retrieved from /opt/airflow/dags/user_processing.py
[2021-08-28 00:23:15,365] {logging_mixin.py:104} INFO - [2021-08-28 00:23:15,365] {dag.py:1833} INFO - Sync 1 DAGs
[2021-08-28 00:23:15,384] {logging_mixin.py:104} INFO - [2021-08-28 00:23:15,384] {dag.py:2306} INFO - Setting next_dagrun for user_processing to 2021-08-27 00:00:00+00:00
[2021-08-28 00:23:15,393] {scheduler_job.py:189} INFO - Processing /opt/airflow/dags/user_processing.py took 0.531 seconds
[2021-08-28 00:23:45,466] {scheduler_job.py:181} INFO - Started process (PID=534113) to work on /opt/airflow/dags/user_processing.py
[2021-08-28 00:23:45,467] {scheduler_job.py:632} INFO - Processing file /opt/airflow/dags/user_processing.py for tasks to queue
[2021-08-28 00:23:45,468] {logging_mixin.py:104} INFO - [2021-08-28 00:23:45,468] {dagbag.py:496} INFO - Filling up the DagBag from /opt/airflow/dags/user_processing.py
[2021-08-28 00:23:45,930] {scheduler_job.py:642} INFO - DAG(s) dict_keys(['user_processing']) retrieved from /opt/airflow/dags/user_processing.py
[2021-08-28 00:23:45,954] {logging_mixin.py:104} INFO - [2021-08-28 00:23:45,954] {dag.py:1833} INFO - Sync 1 DAGs
[2021-08-28 00:23:45,973] {logging_mixin.py:104} INFO - [2021-08-28 00:23:45,972] {dag.py:2306} INFO - Setting next_dagrun for user_processing to 2021-08-27 00:00:00+00:00
[2021-08-28 00:23:45,982] {scheduler_job.py:189} INFO - Processing /opt/airflow/dags/user_processing.py took 0.518 seconds
[2021-08-28 00:24:16,039] {scheduler_job.py:181} INFO - Started process (PID=534149) to work on /opt/airflow/dags/user_processing.py
[2021-08-28 00:24:16,040] {scheduler_job.py:632} INFO - Processing file /opt/airflow/dags/user_processing.py for tasks to queue
[2021-08-28 00:24:16,041] {logging_mixin.py:104} INFO - [2021-08-28 00:24:16,041] {dagbag.py:496} INFO - Filling up the DagBag from /opt/airflow/dags/user_processing.py
[2021-08-28 00:24:16,524] {scheduler_job.py:642} INFO - DAG(s) dict_keys(['user_processing']) retrieved from /opt/airflow/dags/user_processing.py
[2021-08-28 00:24:16,551] {logging_mixin.py:104} INFO - [2021-08-28 00:24:16,551] {dag.py:1833} INFO - Sync 1 DAGs
[2021-08-28 00:24:16,567] {logging_mixin.py:104} INFO - [2021-08-28 00:24:16,567] {dag.py:2306} INFO - Setting next_dagrun for user_processing to 2021-08-27 00:00:00+00:00
[2021-08-28 00:24:16,575] {scheduler_job.py:189} INFO - Processing /opt/airflow/dags/user_processing.py took 0.540 seconds
[2021-08-28 00:24:46,657] {scheduler_job.py:181} INFO - Started process (PID=534195) to work on /opt/airflow/dags/user_processing.py
[2021-08-28 00:24:46,659] {scheduler_job.py:632} INFO - Processing file /opt/airflow/dags/user_processing.py for tasks to queue
[2021-08-28 00:24:46,660] {logging_mixin.py:104} INFO - [2021-08-28 00:24:46,659] {dagbag.py:496} INFO - Filling up the DagBag from /opt/airflow/dags/user_processing.py
[2021-08-28 00:24:47,118] {scheduler_job.py:642} INFO - DAG(s) dict_keys(['user_processing']) retrieved from /opt/airflow/dags/user_processing.py
[2021-08-28 00:24:47,139] {logging_mixin.py:104} INFO - [2021-08-28 00:24:47,138] {dag.py:1833} INFO - Sync 1 DAGs
[2021-08-28 00:24:47,161] {logging_mixin.py:104} INFO - [2021-08-28 00:24:47,161] {dag.py:2306} INFO - Setting next_dagrun for user_processing to 2021-08-27 00:00:00+00:00
[2021-08-28 00:24:47,171] {scheduler_job.py:189} INFO - Processing /opt/airflow/dags/user_processing.py took 0.517 seconds
[2021-08-28 00:25:17,217] {scheduler_job.py:181} INFO - Started process (PID=534241) to work on /opt/airflow/dags/user_processing.py
[2021-08-28 00:25:17,218] {scheduler_job.py:632} INFO - Processing file /opt/airflow/dags/user_processing.py for tasks to queue
[2021-08-28 00:25:17,219] {logging_mixin.py:104} INFO - [2021-08-28 00:25:17,219] {dagbag.py:496} INFO - Filling up the DagBag from /opt/airflow/dags/user_processing.py
[2021-08-28 00:25:17,733] {scheduler_job.py:642} INFO - DAG(s) dict_keys(['user_processing']) retrieved from /opt/airflow/dags/user_processing.py
[2021-08-28 00:25:17,758] {logging_mixin.py:104} INFO - [2021-08-28 00:25:17,758] {dag.py:1833} INFO - Sync 1 DAGs
[2021-08-28 00:25:17,779] {logging_mixin.py:104} INFO - [2021-08-28 00:25:17,779] {dag.py:2306} INFO - Setting next_dagrun for user_processing to 2021-08-27 00:00:00+00:00
[2021-08-28 00:25:17,787] {scheduler_job.py:189} INFO - Processing /opt/airflow/dags/user_processing.py took 0.574 seconds
[2021-08-28 00:25:47,868] {scheduler_job.py:181} INFO - Started process (PID=534277) to work on /opt/airflow/dags/user_processing.py
[2021-08-28 00:25:47,869] {scheduler_job.py:632} INFO - Processing file /opt/airflow/dags/user_processing.py for tasks to queue
[2021-08-28 00:25:47,870] {logging_mixin.py:104} INFO - [2021-08-28 00:25:47,869] {dagbag.py:496} INFO - Filling up the DagBag from /opt/airflow/dags/user_processing.py
[2021-08-28 00:25:48,314] {scheduler_job.py:642} INFO - DAG(s) dict_keys(['user_processing']) retrieved from /opt/airflow/dags/user_processing.py
[2021-08-28 00:25:48,339] {logging_mixin.py:104} INFO - [2021-08-28 00:25:48,339] {dag.py:1833} INFO - Sync 1 DAGs
[2021-08-28 00:25:48,357] {logging_mixin.py:104} INFO - [2021-08-28 00:25:48,357] {dag.py:2306} INFO - Setting next_dagrun for user_processing to 2021-08-27 00:00:00+00:00
[2021-08-28 00:25:48,365] {scheduler_job.py:189} INFO - Processing /opt/airflow/dags/user_processing.py took 0.502 seconds
[2021-08-28 00:26:18,404] {scheduler_job.py:181} INFO - Started process (PID=534324) to work on /opt/airflow/dags/user_processing.py
[2021-08-28 00:26:18,406] {scheduler_job.py:632} INFO - Processing file /opt/airflow/dags/user_processing.py for tasks to queue
[2021-08-28 00:26:18,407] {logging_mixin.py:104} INFO - [2021-08-28 00:26:18,407] {dagbag.py:496} INFO - Filling up the DagBag from /opt/airflow/dags/user_processing.py
[2021-08-28 00:26:18,853] {scheduler_job.py:642} INFO - DAG(s) dict_keys(['user_processing']) retrieved from /opt/airflow/dags/user_processing.py
[2021-08-28 00:26:18,875] {logging_mixin.py:104} INFO - [2021-08-28 00:26:18,875] {dag.py:1833} INFO - Sync 1 DAGs
[2021-08-28 00:26:18,892] {logging_mixin.py:104} INFO - [2021-08-28 00:26:18,892] {dag.py:2306} INFO - Setting next_dagrun for user_processing to 2021-08-27 00:00:00+00:00
[2021-08-28 00:26:18,900] {scheduler_job.py:189} INFO - Processing /opt/airflow/dags/user_processing.py took 0.503 seconds
[2021-08-28 00:26:48,974] {scheduler_job.py:181} INFO - Started process (PID=534360) to work on /opt/airflow/dags/user_processing.py
[2021-08-28 00:26:48,976] {scheduler_job.py:632} INFO - Processing file /opt/airflow/dags/user_processing.py for tasks to queue
[2021-08-28 00:26:48,978] {logging_mixin.py:104} INFO - [2021-08-28 00:26:48,977] {dagbag.py:496} INFO - Filling up the DagBag from /opt/airflow/dags/user_processing.py
[2021-08-28 00:26:49,498] {scheduler_job.py:642} INFO - DAG(s) dict_keys(['user_processing']) retrieved from /opt/airflow/dags/user_processing.py
[2021-08-28 00:26:49,522] {logging_mixin.py:104} INFO - [2021-08-28 00:26:49,522] {dag.py:1833} INFO - Sync 1 DAGs
[2021-08-28 00:26:49,542] {logging_mixin.py:104} INFO - [2021-08-28 00:26:49,542] {dag.py:2306} INFO - Setting next_dagrun for user_processing to 2021-08-27 00:00:00+00:00
[2021-08-28 00:26:49,550] {scheduler_job.py:189} INFO - Processing /opt/airflow/dags/user_processing.py took 0.579 seconds
[2021-08-28 00:27:19,610] {scheduler_job.py:181} INFO - Started process (PID=534406) to work on /opt/airflow/dags/user_processing.py
[2021-08-28 00:27:19,612] {scheduler_job.py:632} INFO - Processing file /opt/airflow/dags/user_processing.py for tasks to queue
[2021-08-28 00:27:19,613] {logging_mixin.py:104} INFO - [2021-08-28 00:27:19,613] {dagbag.py:496} INFO - Filling up the DagBag from /opt/airflow/dags/user_processing.py
[2021-08-28 00:27:20,041] {scheduler_job.py:642} INFO - DAG(s) dict_keys(['user_processing']) retrieved from /opt/airflow/dags/user_processing.py
[2021-08-28 00:27:20,061] {logging_mixin.py:104} INFO - [2021-08-28 00:27:20,061] {dag.py:1833} INFO - Sync 1 DAGs
[2021-08-28 00:27:20,089] {logging_mixin.py:104} INFO - [2021-08-28 00:27:20,089] {dag.py:2306} INFO - Setting next_dagrun for user_processing to 2021-08-27 00:00:00+00:00
[2021-08-28 00:27:20,098] {scheduler_job.py:189} INFO - Processing /opt/airflow/dags/user_processing.py took 0.493 seconds
[2021-08-28 00:27:50,176] {scheduler_job.py:181} INFO - Started process (PID=534442) to work on /opt/airflow/dags/user_processing.py
[2021-08-28 00:27:50,177] {scheduler_job.py:632} INFO - Processing file /opt/airflow/dags/user_processing.py for tasks to queue
[2021-08-28 00:27:50,178] {logging_mixin.py:104} INFO - [2021-08-28 00:27:50,178] {dagbag.py:496} INFO - Filling up the DagBag from /opt/airflow/dags/user_processing.py
[2021-08-28 00:27:50,679] {scheduler_job.py:642} INFO - DAG(s) dict_keys(['user_processing']) retrieved from /opt/airflow/dags/user_processing.py
[2021-08-28 00:27:50,702] {logging_mixin.py:104} INFO - [2021-08-28 00:27:50,702] {dag.py:1833} INFO - Sync 1 DAGs
[2021-08-28 00:27:50,719] {logging_mixin.py:104} INFO - [2021-08-28 00:27:50,719] {dag.py:2306} INFO - Setting next_dagrun for user_processing to 2021-08-27 00:00:00+00:00
[2021-08-28 00:27:50,728] {scheduler_job.py:189} INFO - Processing /opt/airflow/dags/user_processing.py took 0.555 seconds
[2021-08-28 00:28:20,792] {scheduler_job.py:181} INFO - Started process (PID=534488) to work on /opt/airflow/dags/user_processing.py
[2021-08-28 00:28:20,793] {scheduler_job.py:632} INFO - Processing file /opt/airflow/dags/user_processing.py for tasks to queue
[2021-08-28 00:28:20,794] {logging_mixin.py:104} INFO - [2021-08-28 00:28:20,794] {dagbag.py:496} INFO - Filling up the DagBag from /opt/airflow/dags/user_processing.py
[2021-08-28 00:28:21,249] {scheduler_job.py:642} INFO - DAG(s) dict_keys(['user_processing']) retrieved from /opt/airflow/dags/user_processing.py
[2021-08-28 00:28:21,272] {logging_mixin.py:104} INFO - [2021-08-28 00:28:21,272] {dag.py:1833} INFO - Sync 1 DAGs
[2021-08-28 00:28:21,297] {logging_mixin.py:104} INFO - [2021-08-28 00:28:21,297] {dag.py:2306} INFO - Setting next_dagrun for user_processing to 2021-08-27 00:00:00+00:00
[2021-08-28 00:28:21,306] {scheduler_job.py:189} INFO - Processing /opt/airflow/dags/user_processing.py took 0.518 seconds
[2021-08-28 00:28:51,384] {scheduler_job.py:181} INFO - Started process (PID=534536) to work on /opt/airflow/dags/user_processing.py
[2021-08-28 00:28:51,385] {scheduler_job.py:632} INFO - Processing file /opt/airflow/dags/user_processing.py for tasks to queue
[2021-08-28 00:28:51,386] {logging_mixin.py:104} INFO - [2021-08-28 00:28:51,386] {dagbag.py:496} INFO - Filling up the DagBag from /opt/airflow/dags/user_processing.py
[2021-08-28 00:28:51,852] {scheduler_job.py:642} INFO - DAG(s) dict_keys(['user_processing']) retrieved from /opt/airflow/dags/user_processing.py
[2021-08-28 00:28:51,876] {logging_mixin.py:104} INFO - [2021-08-28 00:28:51,876] {dag.py:1833} INFO - Sync 1 DAGs
[2021-08-28 00:28:51,899] {logging_mixin.py:104} INFO - [2021-08-28 00:28:51,898] {dag.py:2306} INFO - Setting next_dagrun for user_processing to 2021-08-27 00:00:00+00:00
[2021-08-28 00:28:51,908] {scheduler_job.py:189} INFO - Processing /opt/airflow/dags/user_processing.py took 0.528 seconds
[2021-08-28 00:29:21,968] {scheduler_job.py:181} INFO - Started process (PID=534572) to work on /opt/airflow/dags/user_processing.py
[2021-08-28 00:29:21,969] {scheduler_job.py:632} INFO - Processing file /opt/airflow/dags/user_processing.py for tasks to queue
[2021-08-28 00:29:21,969] {logging_mixin.py:104} INFO - [2021-08-28 00:29:21,969] {dagbag.py:496} INFO - Filling up the DagBag from /opt/airflow/dags/user_processing.py
[2021-08-28 00:29:22,423] {scheduler_job.py:642} INFO - DAG(s) dict_keys(['user_processing']) retrieved from /opt/airflow/dags/user_processing.py
[2021-08-28 00:29:22,444] {logging_mixin.py:104} INFO - [2021-08-28 00:29:22,443] {dag.py:1833} INFO - Sync 1 DAGs
[2021-08-28 00:29:22,464] {logging_mixin.py:104} INFO - [2021-08-28 00:29:22,464] {dag.py:2306} INFO - Setting next_dagrun for user_processing to 2021-08-27 00:00:00+00:00
[2021-08-28 00:29:22,472] {scheduler_job.py:189} INFO - Processing /opt/airflow/dags/user_processing.py took 0.507 seconds
[2021-08-28 00:29:52,543] {scheduler_job.py:181} INFO - Started process (PID=534618) to work on /opt/airflow/dags/user_processing.py
[2021-08-28 00:29:52,544] {scheduler_job.py:632} INFO - Processing file /opt/airflow/dags/user_processing.py for tasks to queue
[2021-08-28 00:29:52,545] {logging_mixin.py:104} INFO - [2021-08-28 00:29:52,545] {dagbag.py:496} INFO - Filling up the DagBag from /opt/airflow/dags/user_processing.py
[2021-08-28 00:29:53,020] {scheduler_job.py:642} INFO - DAG(s) dict_keys(['user_processing']) retrieved from /opt/airflow/dags/user_processing.py
[2021-08-28 00:29:53,043] {logging_mixin.py:104} INFO - [2021-08-28 00:29:53,043] {dag.py:1833} INFO - Sync 1 DAGs
[2021-08-28 00:29:53,061] {logging_mixin.py:104} INFO - [2021-08-28 00:29:53,061] {dag.py:2306} INFO - Setting next_dagrun for user_processing to 2021-08-27 00:00:00+00:00
[2021-08-28 00:29:53,070] {scheduler_job.py:189} INFO - Processing /opt/airflow/dags/user_processing.py took 0.529 seconds
[2021-08-28 00:30:23,135] {scheduler_job.py:181} INFO - Started process (PID=534654) to work on /opt/airflow/dags/user_processing.py
[2021-08-28 00:30:23,136] {scheduler_job.py:632} INFO - Processing file /opt/airflow/dags/user_processing.py for tasks to queue
[2021-08-28 00:30:23,137] {logging_mixin.py:104} INFO - [2021-08-28 00:30:23,137] {dagbag.py:496} INFO - Filling up the DagBag from /opt/airflow/dags/user_processing.py
[2021-08-28 00:30:23,606] {scheduler_job.py:642} INFO - DAG(s) dict_keys(['user_processing']) retrieved from /opt/airflow/dags/user_processing.py
[2021-08-28 00:30:23,633] {logging_mixin.py:104} INFO - [2021-08-28 00:30:23,632] {dag.py:1833} INFO - Sync 1 DAGs
[2021-08-28 00:30:23,657] {logging_mixin.py:104} INFO - [2021-08-28 00:30:23,656] {dag.py:2306} INFO - Setting next_dagrun for user_processing to 2021-08-27 00:00:00+00:00
[2021-08-28 00:30:23,668] {scheduler_job.py:189} INFO - Processing /opt/airflow/dags/user_processing.py took 0.536 seconds
[2021-08-28 00:30:53,746] {scheduler_job.py:181} INFO - Started process (PID=534700) to work on /opt/airflow/dags/user_processing.py
[2021-08-28 00:30:53,747] {scheduler_job.py:632} INFO - Processing file /opt/airflow/dags/user_processing.py for tasks to queue
[2021-08-28 00:30:53,748] {logging_mixin.py:104} INFO - [2021-08-28 00:30:53,747] {dagbag.py:496} INFO - Filling up the DagBag from /opt/airflow/dags/user_processing.py
[2021-08-28 00:30:54,166] {scheduler_job.py:642} INFO - DAG(s) dict_keys(['user_processing']) retrieved from /opt/airflow/dags/user_processing.py
[2021-08-28 00:30:54,192] {logging_mixin.py:104} INFO - [2021-08-28 00:30:54,192] {dag.py:1833} INFO - Sync 1 DAGs
[2021-08-28 00:30:54,211] {logging_mixin.py:104} INFO - [2021-08-28 00:30:54,211] {dag.py:2306} INFO - Setting next_dagrun for user_processing to 2021-08-27 00:00:00+00:00
[2021-08-28 00:30:54,220] {scheduler_job.py:189} INFO - Processing /opt/airflow/dags/user_processing.py took 0.477 seconds
[2021-08-28 00:31:24,313] {scheduler_job.py:181} INFO - Started process (PID=534744) to work on /opt/airflow/dags/user_processing.py
[2021-08-28 00:31:24,314] {scheduler_job.py:632} INFO - Processing file /opt/airflow/dags/user_processing.py for tasks to queue
[2021-08-28 00:31:24,315] {logging_mixin.py:104} INFO - [2021-08-28 00:31:24,315] {dagbag.py:496} INFO - Filling up the DagBag from /opt/airflow/dags/user_processing.py
[2021-08-28 00:31:24,810] {scheduler_job.py:642} INFO - DAG(s) dict_keys(['user_processing']) retrieved from /opt/airflow/dags/user_processing.py
[2021-08-28 00:31:24,834] {logging_mixin.py:104} INFO - [2021-08-28 00:31:24,834] {dag.py:1833} INFO - Sync 1 DAGs
[2021-08-28 00:31:24,856] {logging_mixin.py:104} INFO - [2021-08-28 00:31:24,856] {dag.py:2306} INFO - Setting next_dagrun for user_processing to 2021-08-27 00:00:00+00:00
[2021-08-28 00:31:24,864] {scheduler_job.py:189} INFO - Processing /opt/airflow/dags/user_processing.py took 0.554 seconds
[2021-08-28 00:31:54,947] {scheduler_job.py:181} INFO - Started process (PID=534783) to work on /opt/airflow/dags/user_processing.py
[2021-08-28 00:31:54,949] {scheduler_job.py:632} INFO - Processing file /opt/airflow/dags/user_processing.py for tasks to queue
[2021-08-28 00:31:54,949] {logging_mixin.py:104} INFO - [2021-08-28 00:31:54,949] {dagbag.py:496} INFO - Filling up the DagBag from /opt/airflow/dags/user_processing.py
[2021-08-28 00:31:55,416] {scheduler_job.py:642} INFO - DAG(s) dict_keys(['user_processing']) retrieved from /opt/airflow/dags/user_processing.py
[2021-08-28 00:31:55,437] {logging_mixin.py:104} INFO - [2021-08-28 00:31:55,437] {dag.py:1833} INFO - Sync 1 DAGs
[2021-08-28 00:31:55,453] {logging_mixin.py:104} INFO - [2021-08-28 00:31:55,453] {dag.py:2306} INFO - Setting next_dagrun for user_processing to 2021-08-27 00:00:00+00:00
[2021-08-28 00:31:55,461] {scheduler_job.py:189} INFO - Processing /opt/airflow/dags/user_processing.py took 0.520 seconds
[2021-08-28 00:32:25,519] {scheduler_job.py:181} INFO - Started process (PID=534829) to work on /opt/airflow/dags/user_processing.py
[2021-08-28 00:32:25,520] {scheduler_job.py:632} INFO - Processing file /opt/airflow/dags/user_processing.py for tasks to queue
[2021-08-28 00:32:25,521] {logging_mixin.py:104} INFO - [2021-08-28 00:32:25,520] {dagbag.py:496} INFO - Filling up the DagBag from /opt/airflow/dags/user_processing.py
[2021-08-28 00:32:25,963] {scheduler_job.py:642} INFO - DAG(s) dict_keys(['user_processing']) retrieved from /opt/airflow/dags/user_processing.py
[2021-08-28 00:32:25,991] {logging_mixin.py:104} INFO - [2021-08-28 00:32:25,991] {dag.py:1833} INFO - Sync 1 DAGs
[2021-08-28 00:32:26,009] {logging_mixin.py:104} INFO - [2021-08-28 00:32:26,009] {dag.py:2306} INFO - Setting next_dagrun for user_processing to 2021-08-27 00:00:00+00:00
[2021-08-28 00:32:26,017] {scheduler_job.py:189} INFO - Processing /opt/airflow/dags/user_processing.py took 0.502 seconds
[2021-08-28 00:32:56,098] {scheduler_job.py:181} INFO - Started process (PID=534865) to work on /opt/airflow/dags/user_processing.py
[2021-08-28 00:32:56,100] {scheduler_job.py:632} INFO - Processing file /opt/airflow/dags/user_processing.py for tasks to queue
[2021-08-28 00:32:56,100] {logging_mixin.py:104} INFO - [2021-08-28 00:32:56,100] {dagbag.py:496} INFO - Filling up the DagBag from /opt/airflow/dags/user_processing.py
[2021-08-28 00:32:56,533] {scheduler_job.py:642} INFO - DAG(s) dict_keys(['user_processing']) retrieved from /opt/airflow/dags/user_processing.py
[2021-08-28 00:32:56,555] {logging_mixin.py:104} INFO - [2021-08-28 00:32:56,555] {dag.py:1833} INFO - Sync 1 DAGs
[2021-08-28 00:32:56,577] {logging_mixin.py:104} INFO - [2021-08-28 00:32:56,577] {dag.py:2306} INFO - Setting next_dagrun for user_processing to 2021-08-27 00:00:00+00:00
[2021-08-28 00:32:56,596] {scheduler_job.py:189} INFO - Processing /opt/airflow/dags/user_processing.py took 0.502 seconds
[2021-08-28 00:33:26,700] {scheduler_job.py:181} INFO - Started process (PID=534911) to work on /opt/airflow/dags/user_processing.py
[2021-08-28 00:33:26,701] {scheduler_job.py:632} INFO - Processing file /opt/airflow/dags/user_processing.py for tasks to queue
[2021-08-28 00:33:26,702] {logging_mixin.py:104} INFO - [2021-08-28 00:33:26,702] {dagbag.py:496} INFO - Filling up the DagBag from /opt/airflow/dags/user_processing.py
[2021-08-28 00:33:27,135] {scheduler_job.py:642} INFO - DAG(s) dict_keys(['user_processing']) retrieved from /opt/airflow/dags/user_processing.py
[2021-08-28 00:33:27,156] {logging_mixin.py:104} INFO - [2021-08-28 00:33:27,156] {dag.py:1833} INFO - Sync 1 DAGs
[2021-08-28 00:33:27,174] {logging_mixin.py:104} INFO - [2021-08-28 00:33:27,174] {dag.py:2306} INFO - Setting next_dagrun for user_processing to 2021-08-27 00:00:00+00:00
[2021-08-28 00:33:27,183] {scheduler_job.py:189} INFO - Processing /opt/airflow/dags/user_processing.py took 0.485 seconds
[2021-08-28 00:33:57,262] {scheduler_job.py:181} INFO - Started process (PID=534947) to work on /opt/airflow/dags/user_processing.py
[2021-08-28 00:33:57,263] {scheduler_job.py:632} INFO - Processing file /opt/airflow/dags/user_processing.py for tasks to queue
[2021-08-28 00:33:57,264] {logging_mixin.py:104} INFO - [2021-08-28 00:33:57,264] {dagbag.py:496} INFO - Filling up the DagBag from /opt/airflow/dags/user_processing.py
[2021-08-28 00:33:57,694] {scheduler_job.py:642} INFO - DAG(s) dict_keys(['user_processing']) retrieved from /opt/airflow/dags/user_processing.py
[2021-08-28 00:33:57,722] {logging_mixin.py:104} INFO - [2021-08-28 00:33:57,722] {dag.py:1833} INFO - Sync 1 DAGs
[2021-08-28 00:33:57,742] {logging_mixin.py:104} INFO - [2021-08-28 00:33:57,742] {dag.py:2306} INFO - Setting next_dagrun for user_processing to 2021-08-27 00:00:00+00:00
[2021-08-28 00:33:57,752] {scheduler_job.py:189} INFO - Processing /opt/airflow/dags/user_processing.py took 0.493 seconds
[2021-08-28 00:34:27,862] {scheduler_job.py:181} INFO - Started process (PID=534994) to work on /opt/airflow/dags/user_processing.py
[2021-08-28 00:34:27,863] {scheduler_job.py:632} INFO - Processing file /opt/airflow/dags/user_processing.py for tasks to queue
[2021-08-28 00:34:27,864] {logging_mixin.py:104} INFO - [2021-08-28 00:34:27,864] {dagbag.py:496} INFO - Filling up the DagBag from /opt/airflow/dags/user_processing.py
[2021-08-28 00:34:28,335] {scheduler_job.py:642} INFO - DAG(s) dict_keys(['user_processing']) retrieved from /opt/airflow/dags/user_processing.py
[2021-08-28 00:34:28,354] {logging_mixin.py:104} INFO - [2021-08-28 00:34:28,354] {dag.py:1833} INFO - Sync 1 DAGs
[2021-08-28 00:34:28,372] {logging_mixin.py:104} INFO - [2021-08-28 00:34:28,372] {dag.py:2306} INFO - Setting next_dagrun for user_processing to 2021-08-27 00:00:00+00:00
[2021-08-28 00:34:28,381] {scheduler_job.py:189} INFO - Processing /opt/airflow/dags/user_processing.py took 0.521 seconds
[2021-08-28 00:34:58,410] {scheduler_job.py:181} INFO - Started process (PID=535040) to work on /opt/airflow/dags/user_processing.py
[2021-08-28 00:34:58,413] {scheduler_job.py:632} INFO - Processing file /opt/airflow/dags/user_processing.py for tasks to queue
[2021-08-28 00:34:58,414] {logging_mixin.py:104} INFO - [2021-08-28 00:34:58,414] {dagbag.py:496} INFO - Filling up the DagBag from /opt/airflow/dags/user_processing.py
[2021-08-28 00:34:58,941] {scheduler_job.py:642} INFO - DAG(s) dict_keys(['user_processing']) retrieved from /opt/airflow/dags/user_processing.py
[2021-08-28 00:34:58,963] {logging_mixin.py:104} INFO - [2021-08-28 00:34:58,963] {dag.py:1833} INFO - Sync 1 DAGs
[2021-08-28 00:34:58,978] {logging_mixin.py:104} INFO - [2021-08-28 00:34:58,978] {dag.py:2306} INFO - Setting next_dagrun for user_processing to 2021-08-27 00:00:00+00:00
[2021-08-28 00:34:58,986] {scheduler_job.py:189} INFO - Processing /opt/airflow/dags/user_processing.py took 0.578 seconds
[2021-08-28 00:35:29,063] {scheduler_job.py:181} INFO - Started process (PID=535076) to work on /opt/airflow/dags/user_processing.py
[2021-08-28 00:35:29,064] {scheduler_job.py:632} INFO - Processing file /opt/airflow/dags/user_processing.py for tasks to queue
[2021-08-28 00:35:29,064] {logging_mixin.py:104} INFO - [2021-08-28 00:35:29,064] {dagbag.py:496} INFO - Filling up the DagBag from /opt/airflow/dags/user_processing.py
[2021-08-28 00:35:29,497] {scheduler_job.py:642} INFO - DAG(s) dict_keys(['user_processing']) retrieved from /opt/airflow/dags/user_processing.py
[2021-08-28 00:35:29,519] {logging_mixin.py:104} INFO - [2021-08-28 00:35:29,519] {dag.py:1833} INFO - Sync 1 DAGs
[2021-08-28 00:35:29,537] {logging_mixin.py:104} INFO - [2021-08-28 00:35:29,537] {dag.py:2306} INFO - Setting next_dagrun for user_processing to 2021-08-27 00:00:00+00:00
[2021-08-28 00:35:29,545] {scheduler_job.py:189} INFO - Processing /opt/airflow/dags/user_processing.py took 0.485 seconds
[2021-08-28 00:35:59,625] {scheduler_job.py:181} INFO - Started process (PID=535122) to work on /opt/airflow/dags/user_processing.py
[2021-08-28 00:35:59,626] {scheduler_job.py:632} INFO - Processing file /opt/airflow/dags/user_processing.py for tasks to queue
[2021-08-28 00:35:59,627] {logging_mixin.py:104} INFO - [2021-08-28 00:35:59,626] {dagbag.py:496} INFO - Filling up the DagBag from /opt/airflow/dags/user_processing.py
[2021-08-28 00:36:00,084] {scheduler_job.py:642} INFO - DAG(s) dict_keys(['user_processing']) retrieved from /opt/airflow/dags/user_processing.py
[2021-08-28 00:36:00,120] {logging_mixin.py:104} INFO - [2021-08-28 00:36:00,120] {dag.py:1833} INFO - Sync 1 DAGs
[2021-08-28 00:36:00,143] {logging_mixin.py:104} INFO - [2021-08-28 00:36:00,143] {dag.py:2306} INFO - Setting next_dagrun for user_processing to 2021-08-27 00:00:00+00:00
[2021-08-28 00:36:00,153] {scheduler_job.py:189} INFO - Processing /opt/airflow/dags/user_processing.py took 0.532 seconds
[2021-08-28 00:36:30,233] {scheduler_job.py:181} INFO - Started process (PID=535158) to work on /opt/airflow/dags/user_processing.py
[2021-08-28 00:36:30,235] {scheduler_job.py:632} INFO - Processing file /opt/airflow/dags/user_processing.py for tasks to queue
[2021-08-28 00:36:30,236] {logging_mixin.py:104} INFO - [2021-08-28 00:36:30,236] {dagbag.py:496} INFO - Filling up the DagBag from /opt/airflow/dags/user_processing.py
[2021-08-28 00:36:30,673] {scheduler_job.py:642} INFO - DAG(s) dict_keys(['user_processing']) retrieved from /opt/airflow/dags/user_processing.py
[2021-08-28 00:36:30,700] {logging_mixin.py:104} INFO - [2021-08-28 00:36:30,700] {dag.py:1833} INFO - Sync 1 DAGs
[2021-08-28 00:36:30,725] {logging_mixin.py:104} INFO - [2021-08-28 00:36:30,725] {dag.py:2306} INFO - Setting next_dagrun for user_processing to 2021-08-27 00:00:00+00:00
[2021-08-28 00:36:30,734] {scheduler_job.py:189} INFO - Processing /opt/airflow/dags/user_processing.py took 0.507 seconds
[2021-08-28 00:37:00,796] {scheduler_job.py:181} INFO - Started process (PID=535205) to work on /opt/airflow/dags/user_processing.py
[2021-08-28 00:37:00,796] {scheduler_job.py:632} INFO - Processing file /opt/airflow/dags/user_processing.py for tasks to queue
[2021-08-28 00:37:00,797] {logging_mixin.py:104} INFO - [2021-08-28 00:37:00,797] {dagbag.py:496} INFO - Filling up the DagBag from /opt/airflow/dags/user_processing.py
[2021-08-28 00:37:01,308] {scheduler_job.py:642} INFO - DAG(s) dict_keys(['user_processing']) retrieved from /opt/airflow/dags/user_processing.py
[2021-08-28 00:37:01,331] {logging_mixin.py:104} INFO - [2021-08-28 00:37:01,330] {dag.py:1833} INFO - Sync 1 DAGs
[2021-08-28 00:37:01,349] {logging_mixin.py:104} INFO - [2021-08-28 00:37:01,349] {dag.py:2306} INFO - Setting next_dagrun for user_processing to 2021-08-27 00:00:00+00:00
[2021-08-28 00:37:01,358] {scheduler_job.py:189} INFO - Processing /opt/airflow/dags/user_processing.py took 0.565 seconds
[2021-08-28 00:37:31,437] {scheduler_job.py:181} INFO - Started process (PID=535251) to work on /opt/airflow/dags/user_processing.py
[2021-08-28 00:37:31,438] {scheduler_job.py:632} INFO - Processing file /opt/airflow/dags/user_processing.py for tasks to queue
[2021-08-28 00:37:31,439] {logging_mixin.py:104} INFO - [2021-08-28 00:37:31,439] {dagbag.py:496} INFO - Filling up the DagBag from /opt/airflow/dags/user_processing.py
[2021-08-28 00:37:31,919] {scheduler_job.py:642} INFO - DAG(s) dict_keys(['user_processing']) retrieved from /opt/airflow/dags/user_processing.py
[2021-08-28 00:37:31,943] {logging_mixin.py:104} INFO - [2021-08-28 00:37:31,943] {dag.py:1833} INFO - Sync 1 DAGs
[2021-08-28 00:37:31,963] {logging_mixin.py:104} INFO - [2021-08-28 00:37:31,963] {dag.py:2306} INFO - Setting next_dagrun for user_processing to 2021-08-27 00:00:00+00:00
[2021-08-28 00:37:31,972] {scheduler_job.py:189} INFO - Processing /opt/airflow/dags/user_processing.py took 0.537 seconds
[2021-08-28 00:38:01,996] {scheduler_job.py:181} INFO - Started process (PID=535288) to work on /opt/airflow/dags/user_processing.py
[2021-08-28 00:38:01,997] {scheduler_job.py:632} INFO - Processing file /opt/airflow/dags/user_processing.py for tasks to queue
[2021-08-28 00:38:01,997] {logging_mixin.py:104} INFO - [2021-08-28 00:38:01,997] {dagbag.py:496} INFO - Filling up the DagBag from /opt/airflow/dags/user_processing.py
[2021-08-28 00:38:02,432] {scheduler_job.py:642} INFO - DAG(s) dict_keys(['user_processing']) retrieved from /opt/airflow/dags/user_processing.py
[2021-08-28 00:38:02,455] {logging_mixin.py:104} INFO - [2021-08-28 00:38:02,455] {dag.py:1833} INFO - Sync 1 DAGs
[2021-08-28 00:38:02,476] {logging_mixin.py:104} INFO - [2021-08-28 00:38:02,476] {dag.py:2306} INFO - Setting next_dagrun for user_processing to 2021-08-27 00:00:00+00:00
[2021-08-28 00:38:02,487] {scheduler_job.py:189} INFO - Processing /opt/airflow/dags/user_processing.py took 0.494 seconds
[2021-08-28 00:38:32,566] {scheduler_job.py:181} INFO - Started process (PID=535336) to work on /opt/airflow/dags/user_processing.py
[2021-08-28 00:38:32,567] {scheduler_job.py:632} INFO - Processing file /opt/airflow/dags/user_processing.py for tasks to queue
[2021-08-28 00:38:32,568] {logging_mixin.py:104} INFO - [2021-08-28 00:38:32,568] {dagbag.py:496} INFO - Filling up the DagBag from /opt/airflow/dags/user_processing.py
[2021-08-28 00:38:33,037] {scheduler_job.py:642} INFO - DAG(s) dict_keys(['user_processing']) retrieved from /opt/airflow/dags/user_processing.py
[2021-08-28 00:38:33,059] {logging_mixin.py:104} INFO - [2021-08-28 00:38:33,059] {dag.py:1833} INFO - Sync 1 DAGs
[2021-08-28 00:38:33,081] {logging_mixin.py:104} INFO - [2021-08-28 00:38:33,081] {dag.py:2306} INFO - Setting next_dagrun for user_processing to 2021-08-27 00:00:00+00:00
[2021-08-28 00:38:33,090] {scheduler_job.py:189} INFO - Processing /opt/airflow/dags/user_processing.py took 0.527 seconds
[2021-08-28 00:39:03,192] {scheduler_job.py:181} INFO - Started process (PID=535372) to work on /opt/airflow/dags/user_processing.py
[2021-08-28 00:39:03,193] {scheduler_job.py:632} INFO - Processing file /opt/airflow/dags/user_processing.py for tasks to queue
[2021-08-28 00:39:03,193] {logging_mixin.py:104} INFO - [2021-08-28 00:39:03,193] {dagbag.py:496} INFO - Filling up the DagBag from /opt/airflow/dags/user_processing.py
[2021-08-28 00:39:03,675] {scheduler_job.py:642} INFO - DAG(s) dict_keys(['user_processing']) retrieved from /opt/airflow/dags/user_processing.py
[2021-08-28 00:39:03,699] {logging_mixin.py:104} INFO - [2021-08-28 00:39:03,699] {dag.py:1833} INFO - Sync 1 DAGs
[2021-08-28 00:39:03,718] {logging_mixin.py:104} INFO - [2021-08-28 00:39:03,718] {dag.py:2306} INFO - Setting next_dagrun for user_processing to 2021-08-27 00:00:00+00:00
[2021-08-28 00:39:03,728] {scheduler_job.py:189} INFO - Processing /opt/airflow/dags/user_processing.py took 0.539 seconds
[2021-08-28 00:39:33,797] {scheduler_job.py:181} INFO - Started process (PID=535418) to work on /opt/airflow/dags/user_processing.py
[2021-08-28 00:39:33,799] {scheduler_job.py:632} INFO - Processing file /opt/airflow/dags/user_processing.py for tasks to queue
[2021-08-28 00:39:33,799] {logging_mixin.py:104} INFO - [2021-08-28 00:39:33,799] {dagbag.py:496} INFO - Filling up the DagBag from /opt/airflow/dags/user_processing.py
[2021-08-28 00:39:34,292] {scheduler_job.py:642} INFO - DAG(s) dict_keys(['user_processing']) retrieved from /opt/airflow/dags/user_processing.py
[2021-08-28 00:39:34,313] {logging_mixin.py:104} INFO - [2021-08-28 00:39:34,313] {dag.py:1833} INFO - Sync 1 DAGs
[2021-08-28 00:39:34,333] {logging_mixin.py:104} INFO - [2021-08-28 00:39:34,333] {dag.py:2306} INFO - Setting next_dagrun for user_processing to 2021-08-27 00:00:00+00:00
[2021-08-28 00:39:34,342] {scheduler_job.py:189} INFO - Processing /opt/airflow/dags/user_processing.py took 0.548 seconds
[2021-08-28 00:40:04,418] {scheduler_job.py:181} INFO - Started process (PID=535454) to work on /opt/airflow/dags/user_processing.py
[2021-08-28 00:40:04,420] {scheduler_job.py:632} INFO - Processing file /opt/airflow/dags/user_processing.py for tasks to queue
[2021-08-28 00:40:04,420] {logging_mixin.py:104} INFO - [2021-08-28 00:40:04,420] {dagbag.py:496} INFO - Filling up the DagBag from /opt/airflow/dags/user_processing.py
[2021-08-28 00:40:04,878] {scheduler_job.py:642} INFO - DAG(s) dict_keys(['user_processing']) retrieved from /opt/airflow/dags/user_processing.py
[2021-08-28 00:40:04,897] {logging_mixin.py:104} INFO - [2021-08-28 00:40:04,897] {dag.py:1833} INFO - Sync 1 DAGs
[2021-08-28 00:40:04,915] {logging_mixin.py:104} INFO - [2021-08-28 00:40:04,915] {dag.py:2306} INFO - Setting next_dagrun for user_processing to 2021-08-27 00:00:00+00:00
[2021-08-28 00:40:04,924] {scheduler_job.py:189} INFO - Processing /opt/airflow/dags/user_processing.py took 0.508 seconds
[2021-08-28 00:40:34,976] {scheduler_job.py:181} INFO - Started process (PID=535500) to work on /opt/airflow/dags/user_processing.py
[2021-08-28 00:40:34,977] {scheduler_job.py:632} INFO - Processing file /opt/airflow/dags/user_processing.py for tasks to queue
[2021-08-28 00:40:34,977] {logging_mixin.py:104} INFO - [2021-08-28 00:40:34,977] {dagbag.py:496} INFO - Filling up the DagBag from /opt/airflow/dags/user_processing.py
[2021-08-28 00:40:35,455] {scheduler_job.py:642} INFO - DAG(s) dict_keys(['user_processing']) retrieved from /opt/airflow/dags/user_processing.py
[2021-08-28 00:40:35,480] {logging_mixin.py:104} INFO - [2021-08-28 00:40:35,479] {dag.py:1833} INFO - Sync 1 DAGs
[2021-08-28 00:40:35,503] {logging_mixin.py:104} INFO - [2021-08-28 00:40:35,503] {dag.py:2306} INFO - Setting next_dagrun for user_processing to 2021-08-27 00:00:00+00:00
[2021-08-28 00:40:35,526] {scheduler_job.py:189} INFO - Processing /opt/airflow/dags/user_processing.py took 0.554 seconds
[2021-08-28 00:41:05,607] {scheduler_job.py:181} INFO - Started process (PID=535547) to work on /opt/airflow/dags/user_processing.py
[2021-08-28 00:41:05,609] {scheduler_job.py:632} INFO - Processing file /opt/airflow/dags/user_processing.py for tasks to queue
[2021-08-28 00:41:05,609] {logging_mixin.py:104} INFO - [2021-08-28 00:41:05,609] {dagbag.py:496} INFO - Filling up the DagBag from /opt/airflow/dags/user_processing.py
[2021-08-28 00:41:06,091] {scheduler_job.py:642} INFO - DAG(s) dict_keys(['user_processing']) retrieved from /opt/airflow/dags/user_processing.py
[2021-08-28 00:41:06,118] {logging_mixin.py:104} INFO - [2021-08-28 00:41:06,117] {dag.py:1833} INFO - Sync 1 DAGs
[2021-08-28 00:41:06,138] {logging_mixin.py:104} INFO - [2021-08-28 00:41:06,138] {dag.py:2306} INFO - Setting next_dagrun for user_processing to 2021-08-27 00:00:00+00:00
[2021-08-28 00:41:06,147] {scheduler_job.py:189} INFO - Processing /opt/airflow/dags/user_processing.py took 0.544 seconds
[2021-08-28 00:41:36,219] {scheduler_job.py:181} INFO - Started process (PID=535583) to work on /opt/airflow/dags/user_processing.py
[2021-08-28 00:41:36,221] {scheduler_job.py:632} INFO - Processing file /opt/airflow/dags/user_processing.py for tasks to queue
[2021-08-28 00:41:36,222] {logging_mixin.py:104} INFO - [2021-08-28 00:41:36,222] {dagbag.py:496} INFO - Filling up the DagBag from /opt/airflow/dags/user_processing.py
[2021-08-28 00:41:36,680] {scheduler_job.py:642} INFO - DAG(s) dict_keys(['user_processing']) retrieved from /opt/airflow/dags/user_processing.py
[2021-08-28 00:41:36,703] {logging_mixin.py:104} INFO - [2021-08-28 00:41:36,702] {dag.py:1833} INFO - Sync 1 DAGs
[2021-08-28 00:41:36,723] {logging_mixin.py:104} INFO - [2021-08-28 00:41:36,723] {dag.py:2306} INFO - Setting next_dagrun for user_processing to 2021-08-27 00:00:00+00:00
[2021-08-28 00:41:36,730] {scheduler_job.py:189} INFO - Processing /opt/airflow/dags/user_processing.py took 0.516 seconds
[2021-08-28 00:42:06,808] {scheduler_job.py:181} INFO - Started process (PID=535630) to work on /opt/airflow/dags/user_processing.py
[2021-08-28 00:42:06,810] {scheduler_job.py:632} INFO - Processing file /opt/airflow/dags/user_processing.py for tasks to queue
[2021-08-28 00:42:06,811] {logging_mixin.py:104} INFO - [2021-08-28 00:42:06,810] {dagbag.py:496} INFO - Filling up the DagBag from /opt/airflow/dags/user_processing.py
[2021-08-28 00:42:07,279] {scheduler_job.py:642} INFO - DAG(s) dict_keys(['user_processing']) retrieved from /opt/airflow/dags/user_processing.py
[2021-08-28 00:42:07,298] {logging_mixin.py:104} INFO - [2021-08-28 00:42:07,298] {dag.py:1833} INFO - Sync 1 DAGs
[2021-08-28 00:42:07,317] {logging_mixin.py:104} INFO - [2021-08-28 00:42:07,317] {dag.py:2306} INFO - Setting next_dagrun for user_processing to 2021-08-27 00:00:00+00:00
[2021-08-28 00:42:07,326] {scheduler_job.py:189} INFO - Processing /opt/airflow/dags/user_processing.py took 0.521 seconds
[2021-08-28 00:42:37,420] {scheduler_job.py:181} INFO - Started process (PID=535667) to work on /opt/airflow/dags/user_processing.py
[2021-08-28 00:42:37,421] {scheduler_job.py:632} INFO - Processing file /opt/airflow/dags/user_processing.py for tasks to queue
[2021-08-28 00:42:37,421] {logging_mixin.py:104} INFO - [2021-08-28 00:42:37,421] {dagbag.py:496} INFO - Filling up the DagBag from /opt/airflow/dags/user_processing.py
[2021-08-28 00:42:37,830] {scheduler_job.py:642} INFO - DAG(s) dict_keys(['user_processing']) retrieved from /opt/airflow/dags/user_processing.py
[2021-08-28 00:42:37,854] {logging_mixin.py:104} INFO - [2021-08-28 00:42:37,854] {dag.py:1833} INFO - Sync 1 DAGs
[2021-08-28 00:42:37,873] {logging_mixin.py:104} INFO - [2021-08-28 00:42:37,873] {dag.py:2306} INFO - Setting next_dagrun for user_processing to 2021-08-27 00:00:00+00:00
[2021-08-28 00:42:37,880] {scheduler_job.py:189} INFO - Processing /opt/airflow/dags/user_processing.py took 0.463 seconds
[2021-08-28 00:43:07,959] {scheduler_job.py:181} INFO - Started process (PID=535713) to work on /opt/airflow/dags/user_processing.py
[2021-08-28 00:43:07,960] {scheduler_job.py:632} INFO - Processing file /opt/airflow/dags/user_processing.py for tasks to queue
[2021-08-28 00:43:07,960] {logging_mixin.py:104} INFO - [2021-08-28 00:43:07,960] {dagbag.py:496} INFO - Filling up the DagBag from /opt/airflow/dags/user_processing.py
[2021-08-28 00:43:08,454] {scheduler_job.py:642} INFO - DAG(s) dict_keys(['user_processing']) retrieved from /opt/airflow/dags/user_processing.py
[2021-08-28 00:43:08,481] {logging_mixin.py:104} INFO - [2021-08-28 00:43:08,481] {dag.py:1833} INFO - Sync 1 DAGs
[2021-08-28 00:43:08,501] {logging_mixin.py:104} INFO - [2021-08-28 00:43:08,501] {dag.py:2306} INFO - Setting next_dagrun for user_processing to 2021-08-27 00:00:00+00:00
[2021-08-28 00:43:08,509] {scheduler_job.py:189} INFO - Processing /opt/airflow/dags/user_processing.py took 0.553 seconds
[2021-08-28 00:43:38,607] {scheduler_job.py:181} INFO - Started process (PID=535759) to work on /opt/airflow/dags/user_processing.py
[2021-08-28 00:43:38,608] {scheduler_job.py:632} INFO - Processing file /opt/airflow/dags/user_processing.py for tasks to queue
[2021-08-28 00:43:38,608] {logging_mixin.py:104} INFO - [2021-08-28 00:43:38,608] {dagbag.py:496} INFO - Filling up the DagBag from /opt/airflow/dags/user_processing.py
[2021-08-28 00:43:39,102] {scheduler_job.py:642} INFO - DAG(s) dict_keys(['user_processing']) retrieved from /opt/airflow/dags/user_processing.py
[2021-08-28 00:43:39,127] {logging_mixin.py:104} INFO - [2021-08-28 00:43:39,127] {dag.py:1833} INFO - Sync 1 DAGs
[2021-08-28 00:43:39,144] {logging_mixin.py:104} INFO - [2021-08-28 00:43:39,144] {dag.py:2306} INFO - Setting next_dagrun for user_processing to 2021-08-27 00:00:00+00:00
[2021-08-28 00:43:39,157] {scheduler_job.py:189} INFO - Processing /opt/airflow/dags/user_processing.py took 0.554 seconds
[2021-08-28 00:44:09,240] {scheduler_job.py:181} INFO - Started process (PID=535797) to work on /opt/airflow/dags/user_processing.py
[2021-08-28 00:44:09,241] {scheduler_job.py:632} INFO - Processing file /opt/airflow/dags/user_processing.py for tasks to queue
[2021-08-28 00:44:09,242] {logging_mixin.py:104} INFO - [2021-08-28 00:44:09,242] {dagbag.py:496} INFO - Filling up the DagBag from /opt/airflow/dags/user_processing.py
[2021-08-28 00:44:09,692] {scheduler_job.py:642} INFO - DAG(s) dict_keys(['user_processing']) retrieved from /opt/airflow/dags/user_processing.py
[2021-08-28 00:44:09,713] {logging_mixin.py:104} INFO - [2021-08-28 00:44:09,713] {dag.py:1833} INFO - Sync 1 DAGs
[2021-08-28 00:44:09,739] {logging_mixin.py:104} INFO - [2021-08-28 00:44:09,739] {dag.py:2306} INFO - Setting next_dagrun for user_processing to 2021-08-27 00:00:00+00:00
[2021-08-28 00:44:09,749] {scheduler_job.py:189} INFO - Processing /opt/airflow/dags/user_processing.py took 0.512 seconds
[2021-08-28 00:44:39,784] {scheduler_job.py:181} INFO - Started process (PID=535843) to work on /opt/airflow/dags/user_processing.py
[2021-08-28 00:44:39,785] {scheduler_job.py:632} INFO - Processing file /opt/airflow/dags/user_processing.py for tasks to queue
[2021-08-28 00:44:39,786] {logging_mixin.py:104} INFO - [2021-08-28 00:44:39,786] {dagbag.py:496} INFO - Filling up the DagBag from /opt/airflow/dags/user_processing.py
[2021-08-28 00:44:40,258] {scheduler_job.py:642} INFO - DAG(s) dict_keys(['user_processing']) retrieved from /opt/airflow/dags/user_processing.py
[2021-08-28 00:44:40,283] {logging_mixin.py:104} INFO - [2021-08-28 00:44:40,282] {dag.py:1833} INFO - Sync 1 DAGs
[2021-08-28 00:44:40,304] {logging_mixin.py:104} INFO - [2021-08-28 00:44:40,304] {dag.py:2306} INFO - Setting next_dagrun for user_processing to 2021-08-27 00:00:00+00:00
[2021-08-28 00:44:40,313] {scheduler_job.py:189} INFO - Processing /opt/airflow/dags/user_processing.py took 0.534 seconds
[2021-08-28 00:45:10,411] {scheduler_job.py:181} INFO - Started process (PID=535879) to work on /opt/airflow/dags/user_processing.py
[2021-08-28 00:45:10,413] {scheduler_job.py:632} INFO - Processing file /opt/airflow/dags/user_processing.py for tasks to queue
[2021-08-28 00:45:10,414] {logging_mixin.py:104} INFO - [2021-08-28 00:45:10,414] {dagbag.py:496} INFO - Filling up the DagBag from /opt/airflow/dags/user_processing.py
[2021-08-28 00:45:10,867] {scheduler_job.py:642} INFO - DAG(s) dict_keys(['user_processing']) retrieved from /opt/airflow/dags/user_processing.py
[2021-08-28 00:45:10,884] {logging_mixin.py:104} INFO - [2021-08-28 00:45:10,884] {dag.py:1833} INFO - Sync 1 DAGs
[2021-08-28 00:45:10,902] {logging_mixin.py:104} INFO - [2021-08-28 00:45:10,902] {dag.py:2306} INFO - Setting next_dagrun for user_processing to 2021-08-27 00:00:00+00:00
[2021-08-28 00:45:10,910] {scheduler_job.py:189} INFO - Processing /opt/airflow/dags/user_processing.py took 0.503 seconds
[2021-08-28 00:45:40,991] {scheduler_job.py:181} INFO - Started process (PID=535926) to work on /opt/airflow/dags/user_processing.py
[2021-08-28 00:45:40,993] {scheduler_job.py:632} INFO - Processing file /opt/airflow/dags/user_processing.py for tasks to queue
[2021-08-28 00:45:40,993] {logging_mixin.py:104} INFO - [2021-08-28 00:45:40,993] {dagbag.py:496} INFO - Filling up the DagBag from /opt/airflow/dags/user_processing.py
[2021-08-28 00:45:41,460] {scheduler_job.py:642} INFO - DAG(s) dict_keys(['user_processing']) retrieved from /opt/airflow/dags/user_processing.py
[2021-08-28 00:45:41,484] {logging_mixin.py:104} INFO - [2021-08-28 00:45:41,483] {dag.py:1833} INFO - Sync 1 DAGs
[2021-08-28 00:45:41,501] {logging_mixin.py:104} INFO - [2021-08-28 00:45:41,501] {dag.py:2306} INFO - Setting next_dagrun for user_processing to 2021-08-27 00:00:00+00:00
[2021-08-28 00:45:41,508] {scheduler_job.py:189} INFO - Processing /opt/airflow/dags/user_processing.py took 0.522 seconds
[2021-08-28 00:46:11,590] {scheduler_job.py:181} INFO - Started process (PID=535963) to work on /opt/airflow/dags/user_processing.py
[2021-08-28 00:46:11,591] {scheduler_job.py:632} INFO - Processing file /opt/airflow/dags/user_processing.py for tasks to queue
[2021-08-28 00:46:11,591] {logging_mixin.py:104} INFO - [2021-08-28 00:46:11,591] {dagbag.py:496} INFO - Filling up the DagBag from /opt/airflow/dags/user_processing.py
[2021-08-28 00:46:12,069] {scheduler_job.py:642} INFO - DAG(s) dict_keys(['user_processing']) retrieved from /opt/airflow/dags/user_processing.py
[2021-08-28 00:46:12,087] {logging_mixin.py:104} INFO - [2021-08-28 00:46:12,087] {dag.py:1833} INFO - Sync 1 DAGs
[2021-08-28 00:46:12,110] {logging_mixin.py:104} INFO - [2021-08-28 00:46:12,110] {dag.py:2306} INFO - Setting next_dagrun for user_processing to 2021-08-27 00:00:00+00:00
[2021-08-28 00:46:12,119] {scheduler_job.py:189} INFO - Processing /opt/airflow/dags/user_processing.py took 0.533 seconds
[2021-08-28 00:46:42,162] {scheduler_job.py:181} INFO - Started process (PID=536010) to work on /opt/airflow/dags/user_processing.py
[2021-08-28 00:46:42,163] {scheduler_job.py:632} INFO - Processing file /opt/airflow/dags/user_processing.py for tasks to queue
[2021-08-28 00:46:42,164] {logging_mixin.py:104} INFO - [2021-08-28 00:46:42,164] {dagbag.py:496} INFO - Filling up the DagBag from /opt/airflow/dags/user_processing.py
[2021-08-28 00:46:42,647] {scheduler_job.py:642} INFO - DAG(s) dict_keys(['user_processing']) retrieved from /opt/airflow/dags/user_processing.py
[2021-08-28 00:46:42,670] {logging_mixin.py:104} INFO - [2021-08-28 00:46:42,670] {dag.py:1833} INFO - Sync 1 DAGs
[2021-08-28 00:46:42,691] {logging_mixin.py:104} INFO - [2021-08-28 00:46:42,691] {dag.py:2306} INFO - Setting next_dagrun for user_processing to 2021-08-27 00:00:00+00:00
[2021-08-28 00:46:42,699] {scheduler_job.py:189} INFO - Processing /opt/airflow/dags/user_processing.py took 0.540 seconds
[2021-08-28 00:47:12,773] {scheduler_job.py:181} INFO - Started process (PID=536056) to work on /opt/airflow/dags/user_processing.py
[2021-08-28 00:47:12,774] {scheduler_job.py:632} INFO - Processing file /opt/airflow/dags/user_processing.py for tasks to queue
[2021-08-28 00:47:12,775] {logging_mixin.py:104} INFO - [2021-08-28 00:47:12,775] {dagbag.py:496} INFO - Filling up the DagBag from /opt/airflow/dags/user_processing.py
[2021-08-28 00:47:13,254] {scheduler_job.py:642} INFO - DAG(s) dict_keys(['user_processing']) retrieved from /opt/airflow/dags/user_processing.py
[2021-08-28 00:47:13,272] {logging_mixin.py:104} INFO - [2021-08-28 00:47:13,272] {dag.py:1833} INFO - Sync 1 DAGs
[2021-08-28 00:47:13,292] {logging_mixin.py:104} INFO - [2021-08-28 00:47:13,292] {dag.py:2306} INFO - Setting next_dagrun for user_processing to 2021-08-27 00:00:00+00:00
[2021-08-28 00:47:13,300] {scheduler_job.py:189} INFO - Processing /opt/airflow/dags/user_processing.py took 0.531 seconds
[2021-08-28 00:47:43,378] {scheduler_job.py:181} INFO - Started process (PID=536092) to work on /opt/airflow/dags/user_processing.py
[2021-08-28 00:47:43,379] {scheduler_job.py:632} INFO - Processing file /opt/airflow/dags/user_processing.py for tasks to queue
[2021-08-28 00:47:43,380] {logging_mixin.py:104} INFO - [2021-08-28 00:47:43,380] {dagbag.py:496} INFO - Filling up the DagBag from /opt/airflow/dags/user_processing.py
[2021-08-28 00:47:43,862] {scheduler_job.py:642} INFO - DAG(s) dict_keys(['user_processing']) retrieved from /opt/airflow/dags/user_processing.py
[2021-08-28 00:47:43,884] {logging_mixin.py:104} INFO - [2021-08-28 00:47:43,883] {dag.py:1833} INFO - Sync 1 DAGs
[2021-08-28 00:47:43,910] {logging_mixin.py:104} INFO - [2021-08-28 00:47:43,910] {dag.py:2306} INFO - Setting next_dagrun for user_processing to 2021-08-27 00:00:00+00:00
[2021-08-28 00:47:43,920] {scheduler_job.py:189} INFO - Processing /opt/airflow/dags/user_processing.py took 0.546 seconds
[2021-08-28 00:48:14,011] {scheduler_job.py:181} INFO - Started process (PID=536138) to work on /opt/airflow/dags/user_processing.py
[2021-08-28 00:48:14,012] {scheduler_job.py:632} INFO - Processing file /opt/airflow/dags/user_processing.py for tasks to queue
[2021-08-28 00:48:14,013] {logging_mixin.py:104} INFO - [2021-08-28 00:48:14,013] {dagbag.py:496} INFO - Filling up the DagBag from /opt/airflow/dags/user_processing.py
[2021-08-28 00:48:14,494] {scheduler_job.py:642} INFO - DAG(s) dict_keys(['user_processing']) retrieved from /opt/airflow/dags/user_processing.py
[2021-08-28 00:48:14,517] {logging_mixin.py:104} INFO - [2021-08-28 00:48:14,517] {dag.py:1833} INFO - Sync 1 DAGs
[2021-08-28 00:48:14,537] {logging_mixin.py:104} INFO - [2021-08-28 00:48:14,537] {dag.py:2306} INFO - Setting next_dagrun for user_processing to 2021-08-27 00:00:00+00:00
[2021-08-28 00:48:14,546] {scheduler_job.py:189} INFO - Processing /opt/airflow/dags/user_processing.py took 0.539 seconds
[2021-08-28 00:48:44,619] {scheduler_job.py:181} INFO - Started process (PID=536174) to work on /opt/airflow/dags/user_processing.py
[2021-08-28 00:48:44,619] {scheduler_job.py:632} INFO - Processing file /opt/airflow/dags/user_processing.py for tasks to queue
[2021-08-28 00:48:44,620] {logging_mixin.py:104} INFO - [2021-08-28 00:48:44,620] {dagbag.py:496} INFO - Filling up the DagBag from /opt/airflow/dags/user_processing.py
[2021-08-28 00:48:45,106] {scheduler_job.py:642} INFO - DAG(s) dict_keys(['user_processing']) retrieved from /opt/airflow/dags/user_processing.py
[2021-08-28 00:48:45,128] {logging_mixin.py:104} INFO - [2021-08-28 00:48:45,128] {dag.py:1833} INFO - Sync 1 DAGs
[2021-08-28 00:48:45,145] {logging_mixin.py:104} INFO - [2021-08-28 00:48:45,145] {dag.py:2306} INFO - Setting next_dagrun for user_processing to 2021-08-27 00:00:00+00:00
[2021-08-28 00:48:45,162] {scheduler_job.py:189} INFO - Processing /opt/airflow/dags/user_processing.py took 0.549 seconds
[2021-08-28 00:49:15,242] {scheduler_job.py:181} INFO - Started process (PID=536221) to work on /opt/airflow/dags/user_processing.py
[2021-08-28 00:49:15,243] {scheduler_job.py:632} INFO - Processing file /opt/airflow/dags/user_processing.py for tasks to queue
[2021-08-28 00:49:15,244] {logging_mixin.py:104} INFO - [2021-08-28 00:49:15,244] {dagbag.py:496} INFO - Filling up the DagBag from /opt/airflow/dags/user_processing.py
[2021-08-28 00:49:15,724] {scheduler_job.py:642} INFO - DAG(s) dict_keys(['user_processing']) retrieved from /opt/airflow/dags/user_processing.py
[2021-08-28 00:49:15,750] {logging_mixin.py:104} INFO - [2021-08-28 00:49:15,750] {dag.py:1833} INFO - Sync 1 DAGs
[2021-08-28 00:49:15,770] {logging_mixin.py:104} INFO - [2021-08-28 00:49:15,770] {dag.py:2306} INFO - Setting next_dagrun for user_processing to 2021-08-27 00:00:00+00:00
[2021-08-28 00:49:15,780] {scheduler_job.py:189} INFO - Processing /opt/airflow/dags/user_processing.py took 0.540 seconds
[2021-08-28 00:49:45,847] {scheduler_job.py:181} INFO - Started process (PID=536269) to work on /opt/airflow/dags/user_processing.py
[2021-08-28 00:49:45,848] {scheduler_job.py:632} INFO - Processing file /opt/airflow/dags/user_processing.py for tasks to queue
[2021-08-28 00:49:45,849] {logging_mixin.py:104} INFO - [2021-08-28 00:49:45,849] {dagbag.py:496} INFO - Filling up the DagBag from /opt/airflow/dags/user_processing.py
[2021-08-28 00:49:46,333] {scheduler_job.py:642} INFO - DAG(s) dict_keys(['user_processing']) retrieved from /opt/airflow/dags/user_processing.py
[2021-08-28 00:49:46,358] {logging_mixin.py:104} INFO - [2021-08-28 00:49:46,358] {dag.py:1833} INFO - Sync 1 DAGs
[2021-08-28 00:49:46,380] {logging_mixin.py:104} INFO - [2021-08-28 00:49:46,380] {dag.py:2306} INFO - Setting next_dagrun for user_processing to 2021-08-27 00:00:00+00:00
[2021-08-28 00:49:46,397] {scheduler_job.py:189} INFO - Processing /opt/airflow/dags/user_processing.py took 0.553 seconds
[2021-08-28 00:50:16,477] {scheduler_job.py:181} INFO - Started process (PID=536305) to work on /opt/airflow/dags/user_processing.py
[2021-08-28 00:50:16,479] {scheduler_job.py:632} INFO - Processing file /opt/airflow/dags/user_processing.py for tasks to queue
[2021-08-28 00:50:16,480] {logging_mixin.py:104} INFO - [2021-08-28 00:50:16,479] {dagbag.py:496} INFO - Filling up the DagBag from /opt/airflow/dags/user_processing.py
[2021-08-28 00:50:17,022] {scheduler_job.py:642} INFO - DAG(s) dict_keys(['user_processing']) retrieved from /opt/airflow/dags/user_processing.py
[2021-08-28 00:50:17,041] {logging_mixin.py:104} INFO - [2021-08-28 00:50:17,041] {dag.py:1833} INFO - Sync 1 DAGs
[2021-08-28 00:50:17,066] {logging_mixin.py:104} INFO - [2021-08-28 00:50:17,065] {dag.py:2306} INFO - Setting next_dagrun for user_processing to 2021-08-27 00:00:00+00:00
[2021-08-28 00:50:17,074] {scheduler_job.py:189} INFO - Processing /opt/airflow/dags/user_processing.py took 0.600 seconds
