[2021-08-21 01:21:42,691] {taskinstance.py:896} INFO - Dependencies all met for <TaskInstance: user_processing.storing_user 2021-08-21T01:21:36.225045+00:00 [queued]>
[2021-08-21 01:21:42,712] {taskinstance.py:896} INFO - Dependencies all met for <TaskInstance: user_processing.storing_user 2021-08-21T01:21:36.225045+00:00 [queued]>
[2021-08-21 01:21:42,713] {taskinstance.py:1087} INFO - 
--------------------------------------------------------------------------------
[2021-08-21 01:21:42,713] {taskinstance.py:1088} INFO - Starting attempt 1 of 1
[2021-08-21 01:21:42,713] {taskinstance.py:1089} INFO - 
--------------------------------------------------------------------------------
[2021-08-21 01:21:42,727] {taskinstance.py:1107} INFO - Executing <Task(BashOperator): storing_user> on 2021-08-21T01:21:36.225045+00:00
[2021-08-21 01:21:42,732] {standard_task_runner.py:52} INFO - Started process 11390 to run task
[2021-08-21 01:21:42,737] {standard_task_runner.py:76} INFO - Running: ['***', 'tasks', 'run', 'user_processing', 'storing_user', '2021-08-21T01:21:36.225045+00:00', '--job-id', '27', '--pool', 'default_pool', '--raw', '--subdir', 'DAGS_FOLDER/user_processing.py', '--cfg-path', '/tmp/tmplosye67a', '--error-file', '/tmp/tmp412up76b']
[2021-08-21 01:21:42,738] {standard_task_runner.py:77} INFO - Job 27: Subtask storing_user
[2021-08-21 01:21:42,790] {logging_mixin.py:104} INFO - Running <TaskInstance: user_processing.storing_user 2021-08-21T01:21:36.225045+00:00 [running]> on host 07cd8e03eca8
[2021-08-21 01:21:42,851] {taskinstance.py:1302} INFO - Exporting the following env vars:
AIRFLOW_CTX_DAG_OWNER=***
AIRFLOW_CTX_DAG_ID=user_processing
AIRFLOW_CTX_TASK_ID=storing_user
AIRFLOW_CTX_EXECUTION_DATE=2021-08-21T01:21:36.225045+00:00
AIRFLOW_CTX_DAG_RUN_ID=manual__2021-08-21T01:21:36.225045+00:00
[2021-08-21 01:21:42,853] {subprocess.py:52} INFO - Tmp dir root location: 
 /tmp
[2021-08-21 01:21:42,854] {subprocess.py:63} INFO - Running command: ['bash', '-c', 'psql postgresql://***:***@postgres/*** -c "\\copy users FROM \'/tmp/processed_user.csv\' delimiter \',\' csv"']
[2021-08-21 01:21:42,870] {subprocess.py:74} INFO - Output:
[2021-08-21 01:21:42,926] {subprocess.py:78} INFO - COPY 2
[2021-08-21 01:21:42,927] {subprocess.py:82} INFO - Command exited with return code 0
[2021-08-21 01:21:42,964] {taskinstance.py:1211} INFO - Marking task as SUCCESS. dag_id=user_processing, task_id=storing_user, execution_date=20210821T012136, start_date=20210821T012142, end_date=20210821T012142
[2021-08-21 01:21:43,001] {taskinstance.py:1265} INFO - 0 downstream tasks scheduled from follow-on schedule check
[2021-08-21 01:21:43,027] {local_task_job.py:149} INFO - Task exited with return code 0
