[2021-08-21 01:20:33,390] {taskinstance.py:896} INFO - Dependencies all met for <TaskInstance: user_processing.processing_user 2021-08-20T00:00:00+00:00 [queued]>
[2021-08-21 01:20:33,409] {taskinstance.py:896} INFO - Dependencies all met for <TaskInstance: user_processing.processing_user 2021-08-20T00:00:00+00:00 [queued]>
[2021-08-21 01:20:33,410] {taskinstance.py:1087} INFO - 
--------------------------------------------------------------------------------
[2021-08-21 01:20:33,410] {taskinstance.py:1088} INFO - Starting attempt 1 of 1
[2021-08-21 01:20:33,410] {taskinstance.py:1089} INFO - 
--------------------------------------------------------------------------------
[2021-08-21 01:20:33,421] {taskinstance.py:1107} INFO - Executing <Task(PythonOperator): processing_user> on 2021-08-20T00:00:00+00:00
[2021-08-21 01:20:33,427] {standard_task_runner.py:52} INFO - Started process 11191 to run task
[2021-08-21 01:20:33,433] {standard_task_runner.py:76} INFO - Running: ['***', 'tasks', 'run', 'user_processing', 'processing_user', '2021-08-20T00:00:00+00:00', '--job-id', '14', '--pool', 'default_pool', '--raw', '--subdir', 'DAGS_FOLDER/user_processing.py', '--cfg-path', '/tmp/tmpulojw572', '--error-file', '/tmp/tmpqjfyxqrh']
[2021-08-21 01:20:33,434] {standard_task_runner.py:77} INFO - Job 14: Subtask processing_user
[2021-08-21 01:20:33,487] {logging_mixin.py:104} INFO - Running <TaskInstance: user_processing.processing_user 2021-08-20T00:00:00+00:00 [running]> on host 07cd8e03eca8
[2021-08-21 01:20:33,567] {taskinstance.py:1302} INFO - Exporting the following env vars:
AIRFLOW_CTX_DAG_OWNER=***
AIRFLOW_CTX_DAG_ID=user_processing
AIRFLOW_CTX_TASK_ID=processing_user
AIRFLOW_CTX_EXECUTION_DATE=2021-08-20T00:00:00+00:00
AIRFLOW_CTX_DAG_RUN_ID=scheduled__2021-08-20T00:00:00+00:00
[2021-08-21 01:20:33,588] {python.py:151} INFO - Done. Returned value was: None
[2021-08-21 01:20:33,600] {taskinstance.py:1211} INFO - Marking task as SUCCESS. dag_id=user_processing, task_id=processing_user, execution_date=20210820T000000, start_date=20210821T012033, end_date=20210821T012033
[2021-08-21 01:20:33,640] {taskinstance.py:1265} INFO - 1 downstream tasks scheduled from follow-on schedule check
[2021-08-21 01:20:33,682] {local_task_job.py:149} INFO - Task exited with return code 0
