[2021-08-16 23:25:20,055] {taskinstance.py:896} INFO - Dependencies all met for <TaskInstance: example_bash_operator.runme_0 2021-08-14T00:00:00+00:00 [queued]>
[2021-08-16 23:25:20,090] {taskinstance.py:896} INFO - Dependencies all met for <TaskInstance: example_bash_operator.runme_0 2021-08-14T00:00:00+00:00 [queued]>
[2021-08-16 23:25:20,091] {taskinstance.py:1087} INFO - 
--------------------------------------------------------------------------------
[2021-08-16 23:25:20,091] {taskinstance.py:1088} INFO - Starting attempt 1 of 1
[2021-08-16 23:25:20,091] {taskinstance.py:1089} INFO - 
--------------------------------------------------------------------------------
[2021-08-16 23:25:20,113] {taskinstance.py:1107} INFO - Executing <Task(BashOperator): runme_0> on 2021-08-14T00:00:00+00:00
[2021-08-16 23:25:20,120] {standard_task_runner.py:52} INFO - Started process 4713 to run task
[2021-08-16 23:25:20,124] {standard_task_runner.py:76} INFO - Running: ['***', 'tasks', 'run', 'example_bash_operator', 'runme_0', '2021-08-14T00:00:00+00:00', '--job-id', '5', '--pool', 'default_pool', '--raw', '--subdir', '/home/***/.local/lib/python3.6/site-packages/***/example_dags/example_bash_operator.py', '--cfg-path', '/tmp/tmp7bqi_rng', '--error-file', '/tmp/tmp0rdkv1bo']
[2021-08-16 23:25:20,125] {standard_task_runner.py:77} INFO - Job 5: Subtask runme_0
[2021-08-16 23:25:20,192] {logging_mixin.py:104} INFO - Running <TaskInstance: example_bash_operator.runme_0 2021-08-14T00:00:00+00:00 [running]> on host eae9e873ba11
[2021-08-16 23:25:20,284] {taskinstance.py:1302} INFO - Exporting the following env vars:
AIRFLOW_CTX_DAG_OWNER=***
AIRFLOW_CTX_DAG_ID=example_bash_operator
AIRFLOW_CTX_TASK_ID=runme_0
AIRFLOW_CTX_EXECUTION_DATE=2021-08-14T00:00:00+00:00
AIRFLOW_CTX_DAG_RUN_ID=scheduled__2021-08-14T00:00:00+00:00
[2021-08-16 23:25:20,286] {subprocess.py:52} INFO - Tmp dir root location: 
 /tmp
[2021-08-16 23:25:20,286] {subprocess.py:63} INFO - Running command: ['bash', '-c', 'echo "example_bash_operator__runme_0__20210814" && sleep 1']
[2021-08-16 23:25:20,300] {subprocess.py:74} INFO - Output:
[2021-08-16 23:25:20,301] {subprocess.py:78} INFO - example_bash_operator__runme_0__20210814
[2021-08-16 23:25:21,302] {subprocess.py:82} INFO - Command exited with return code 0
[2021-08-16 23:25:21,338] {taskinstance.py:1211} INFO - Marking task as SUCCESS. dag_id=example_bash_operator, task_id=runme_0, execution_date=20210814T000000, start_date=20210816T232520, end_date=20210816T232521
[2021-08-16 23:25:21,378] {taskinstance.py:1265} INFO - 1 downstream tasks scheduled from follow-on schedule check
[2021-08-16 23:25:21,425] {local_task_job.py:149} INFO - Task exited with return code 0
