[2021-08-16 23:25:20,462] {taskinstance.py:896} INFO - Dependencies all met for <TaskInstance: example_bash_operator.this_will_skip 2021-08-15T00:00:00+00:00 [queued]>
[2021-08-16 23:25:20,482] {taskinstance.py:896} INFO - Dependencies all met for <TaskInstance: example_bash_operator.this_will_skip 2021-08-15T00:00:00+00:00 [queued]>
[2021-08-16 23:25:20,482] {taskinstance.py:1087} INFO - 
--------------------------------------------------------------------------------
[2021-08-16 23:25:20,482] {taskinstance.py:1088} INFO - Starting attempt 1 of 1
[2021-08-16 23:25:20,482] {taskinstance.py:1089} INFO - 
--------------------------------------------------------------------------------
[2021-08-16 23:25:20,495] {taskinstance.py:1107} INFO - Executing <Task(BashOperator): this_will_skip> on 2021-08-15T00:00:00+00:00
[2021-08-16 23:25:20,501] {standard_task_runner.py:52} INFO - Started process 4719 to run task
[2021-08-16 23:25:20,504] {standard_task_runner.py:76} INFO - Running: ['***', 'tasks', 'run', 'example_bash_operator', 'this_will_skip', '2021-08-15T00:00:00+00:00', '--job-id', '7', '--pool', 'default_pool', '--raw', '--subdir', '/home/***/.local/lib/python3.6/site-packages/***/example_dags/example_bash_operator.py', '--cfg-path', '/tmp/tmpdlieiqkn', '--error-file', '/tmp/tmp4e8ni1z0']
[2021-08-16 23:25:20,505] {standard_task_runner.py:77} INFO - Job 7: Subtask this_will_skip
[2021-08-16 23:25:20,565] {logging_mixin.py:104} INFO - Running <TaskInstance: example_bash_operator.this_will_skip 2021-08-15T00:00:00+00:00 [running]> on host eae9e873ba11
[2021-08-16 23:25:20,630] {taskinstance.py:1302} INFO - Exporting the following env vars:
AIRFLOW_CTX_DAG_OWNER=***
AIRFLOW_CTX_DAG_ID=example_bash_operator
AIRFLOW_CTX_TASK_ID=this_will_skip
AIRFLOW_CTX_EXECUTION_DATE=2021-08-15T00:00:00+00:00
AIRFLOW_CTX_DAG_RUN_ID=scheduled__2021-08-15T00:00:00+00:00
[2021-08-16 23:25:20,631] {subprocess.py:52} INFO - Tmp dir root location: 
 /tmp
[2021-08-16 23:25:20,631] {subprocess.py:63} INFO - Running command: ['bash', '-c', 'echo "hello world"; exit 99;']
[2021-08-16 23:25:20,646] {subprocess.py:74} INFO - Output:
[2021-08-16 23:25:20,647] {subprocess.py:78} INFO - hello world
[2021-08-16 23:25:20,648] {subprocess.py:82} INFO - Command exited with return code 99
[2021-08-16 23:25:20,650] {taskinstance.py:1167} INFO - Bash command returned exit code 99. Skipping.
[2021-08-16 23:25:20,663] {taskinstance.py:1177} INFO - Marking task as SKIPPED. dag_id=example_bash_operator, task_id=this_will_skip, execution_date=20210815T000000, start_date=20210816T232520, end_date=
[2021-08-16 23:25:20,663] {taskinstance.py:1211} INFO - Marking task as SUCCESS. dag_id=example_bash_operator, task_id=this_will_skip, execution_date=20210815T000000, start_date=20210816T232520, end_date=20210816T232520
[2021-08-16 23:25:20,706] {taskinstance.py:1265} INFO - 0 downstream tasks scheduled from follow-on schedule check
[2021-08-16 23:25:20,717] {local_task_job.py:149} INFO - Task exited with return code 0
