[2021-08-16 23:25:23,008] {taskinstance.py:896} INFO - Dependencies all met for <TaskInstance: example_bash_operator.run_after_loop 2021-08-15T00:00:00+00:00 [queued]>
[2021-08-16 23:25:23,030] {taskinstance.py:896} INFO - Dependencies all met for <TaskInstance: example_bash_operator.run_after_loop 2021-08-15T00:00:00+00:00 [queued]>
[2021-08-16 23:25:23,031] {taskinstance.py:1087} INFO - 
--------------------------------------------------------------------------------
[2021-08-16 23:25:23,031] {taskinstance.py:1088} INFO - Starting attempt 1 of 1
[2021-08-16 23:25:23,031] {taskinstance.py:1089} INFO - 
--------------------------------------------------------------------------------
[2021-08-16 23:25:23,041] {taskinstance.py:1107} INFO - Executing <Task(BashOperator): run_after_loop> on 2021-08-15T00:00:00+00:00
[2021-08-16 23:25:23,047] {standard_task_runner.py:52} INFO - Started process 4733 to run task
[2021-08-16 23:25:23,052] {standard_task_runner.py:76} INFO - Running: ['***', 'tasks', 'run', 'example_bash_operator', 'run_after_loop', '2021-08-15T00:00:00+00:00', '--job-id', '13', '--pool', 'default_pool', '--raw', '--subdir', '/home/***/.local/lib/python3.6/site-packages/***/example_dags/example_bash_operator.py', '--cfg-path', '/tmp/tmpa0x83n4d', '--error-file', '/tmp/tmprm9jt5y8']
[2021-08-16 23:25:23,052] {standard_task_runner.py:77} INFO - Job 13: Subtask run_after_loop
[2021-08-16 23:25:23,103] {logging_mixin.py:104} INFO - Running <TaskInstance: example_bash_operator.run_after_loop 2021-08-15T00:00:00+00:00 [running]> on host eae9e873ba11
[2021-08-16 23:25:23,165] {taskinstance.py:1302} INFO - Exporting the following env vars:
AIRFLOW_CTX_DAG_OWNER=***
AIRFLOW_CTX_DAG_ID=example_bash_operator
AIRFLOW_CTX_TASK_ID=run_after_loop
AIRFLOW_CTX_EXECUTION_DATE=2021-08-15T00:00:00+00:00
AIRFLOW_CTX_DAG_RUN_ID=scheduled__2021-08-15T00:00:00+00:00
[2021-08-16 23:25:23,166] {subprocess.py:52} INFO - Tmp dir root location: 
 /tmp
[2021-08-16 23:25:23,166] {subprocess.py:63} INFO - Running command: ['bash', '-c', 'echo 1']
[2021-08-16 23:25:23,180] {subprocess.py:74} INFO - Output:
[2021-08-16 23:25:23,181] {subprocess.py:78} INFO - 1
[2021-08-16 23:25:23,182] {subprocess.py:82} INFO - Command exited with return code 0
[2021-08-16 23:25:23,224] {taskinstance.py:1211} INFO - Marking task as SUCCESS. dag_id=example_bash_operator, task_id=run_after_loop, execution_date=20210815T000000, start_date=20210816T232523, end_date=20210816T232523
[2021-08-16 23:25:23,264] {taskinstance.py:1265} INFO - 0 downstream tasks scheduled from follow-on schedule check
[2021-08-16 23:25:23,304] {local_task_job.py:149} INFO - Task exited with return code 0
