[2021-08-21 01:20:33,393] {taskinstance.py:896} INFO - Dependencies all met for <TaskInstance: user_processing.processing_user 2021-08-21T01:19:27.502763+00:00 [queued]>
[2021-08-21 01:20:33,416] {taskinstance.py:896} INFO - Dependencies all met for <TaskInstance: user_processing.processing_user 2021-08-21T01:19:27.502763+00:00 [queued]>
[2021-08-21 01:20:33,416] {taskinstance.py:1087} INFO - 
--------------------------------------------------------------------------------
[2021-08-21 01:20:33,416] {taskinstance.py:1088} INFO - Starting attempt 1 of 1
[2021-08-21 01:20:33,416] {taskinstance.py:1089} INFO - 
--------------------------------------------------------------------------------
[2021-08-21 01:20:33,425] {taskinstance.py:1107} INFO - Executing <Task(PythonOperator): processing_user> on 2021-08-21T01:19:27.502763+00:00
[2021-08-21 01:20:33,433] {standard_task_runner.py:52} INFO - Started process 11192 to run task
[2021-08-21 01:20:33,438] {standard_task_runner.py:76} INFO - Running: ['***', 'tasks', 'run', 'user_processing', 'processing_user', '2021-08-21T01:19:27.502763+00:00', '--job-id', '15', '--pool', 'default_pool', '--raw', '--subdir', 'DAGS_FOLDER/user_processing.py', '--cfg-path', '/tmp/tmpcepunvhi', '--error-file', '/tmp/tmputokulrd']
[2021-08-21 01:20:33,438] {standard_task_runner.py:77} INFO - Job 15: Subtask processing_user
[2021-08-21 01:20:33,493] {logging_mixin.py:104} INFO - Running <TaskInstance: user_processing.processing_user 2021-08-21T01:19:27.502763+00:00 [running]> on host 07cd8e03eca8
[2021-08-21 01:20:33,559] {taskinstance.py:1302} INFO - Exporting the following env vars:
AIRFLOW_CTX_DAG_OWNER=***
AIRFLOW_CTX_DAG_ID=user_processing
AIRFLOW_CTX_TASK_ID=processing_user
AIRFLOW_CTX_EXECUTION_DATE=2021-08-21T01:19:27.502763+00:00
AIRFLOW_CTX_DAG_RUN_ID=manual__2021-08-21T01:19:27.502763+00:00
[2021-08-21 01:20:33,584] {python.py:151} INFO - Done. Returned value was: None
[2021-08-21 01:20:33,594] {taskinstance.py:1211} INFO - Marking task as SUCCESS. dag_id=user_processing, task_id=processing_user, execution_date=20210821T011927, start_date=20210821T012033, end_date=20210821T012033
[2021-08-21 01:20:33,637] {taskinstance.py:1265} INFO - 1 downstream tasks scheduled from follow-on schedule check
[2021-08-21 01:20:33,687] {local_task_job.py:149} INFO - Task exited with return code 0
