[2021-08-21 01:25:34,122] {taskinstance.py:896} INFO - Dependencies all met for <TaskInstance: user_processing.delete_csv 2021-08-21T01:25:26.638183+00:00 [queued]>
[2021-08-21 01:25:34,145] {taskinstance.py:896} INFO - Dependencies all met for <TaskInstance: user_processing.delete_csv 2021-08-21T01:25:26.638183+00:00 [queued]>
[2021-08-21 01:25:34,146] {taskinstance.py:1087} INFO - 
--------------------------------------------------------------------------------
[2021-08-21 01:25:34,146] {taskinstance.py:1088} INFO - Starting attempt 1 of 1
[2021-08-21 01:25:34,146] {taskinstance.py:1089} INFO - 
--------------------------------------------------------------------------------
[2021-08-21 01:25:34,159] {taskinstance.py:1107} INFO - Executing <Task(BashOperator): delete_csv> on 2021-08-21T01:25:26.638183+00:00
[2021-08-21 01:25:34,164] {standard_task_runner.py:52} INFO - Started process 11880 to run task
[2021-08-21 01:25:34,167] {standard_task_runner.py:76} INFO - Running: ['***', 'tasks', 'run', 'user_processing', 'delete_csv', '2021-08-21T01:25:26.638183+00:00', '--job-id', '33', '--pool', 'default_pool', '--raw', '--subdir', 'DAGS_FOLDER/user_processing.py', '--cfg-path', '/tmp/tmpj9gg4k2r', '--error-file', '/tmp/tmphfp_y40q']
[2021-08-21 01:25:34,168] {standard_task_runner.py:77} INFO - Job 33: Subtask delete_csv
[2021-08-21 01:25:34,221] {logging_mixin.py:104} INFO - Running <TaskInstance: user_processing.delete_csv 2021-08-21T01:25:26.638183+00:00 [running]> on host 07cd8e03eca8
[2021-08-21 01:25:34,283] {taskinstance.py:1302} INFO - Exporting the following env vars:
AIRFLOW_CTX_DAG_OWNER=***
AIRFLOW_CTX_DAG_ID=user_processing
AIRFLOW_CTX_TASK_ID=delete_csv
AIRFLOW_CTX_EXECUTION_DATE=2021-08-21T01:25:26.638183+00:00
AIRFLOW_CTX_DAG_RUN_ID=manual__2021-08-21T01:25:26.638183+00:00
[2021-08-21 01:25:34,284] {subprocess.py:52} INFO - Tmp dir root location: 
 /tmp
[2021-08-21 01:25:34,285] {subprocess.py:63} INFO - Running command: ['bash', '-c', 'rm /tmp/processed_user.csv']
[2021-08-21 01:25:34,299] {subprocess.py:74} INFO - Output:
[2021-08-21 01:25:34,303] {subprocess.py:82} INFO - Command exited with return code 0
[2021-08-21 01:25:34,335] {taskinstance.py:1211} INFO - Marking task as SUCCESS. dag_id=user_processing, task_id=delete_csv, execution_date=20210821T012526, start_date=20210821T012534, end_date=20210821T012534
[2021-08-21 01:25:34,372] {taskinstance.py:1265} INFO - 0 downstream tasks scheduled from follow-on schedule check
[2021-08-21 01:25:34,418] {local_task_job.py:149} INFO - Task exited with return code 0
