[2021-08-21 01:21:40,005] {taskinstance.py:896} INFO - Dependencies all met for <TaskInstance: user_processing.extracting_user 2021-08-21T01:21:36.225045+00:00 [queued]>
[2021-08-21 01:21:40,059] {taskinstance.py:896} INFO - Dependencies all met for <TaskInstance: user_processing.extracting_user 2021-08-21T01:21:36.225045+00:00 [queued]>
[2021-08-21 01:21:40,060] {taskinstance.py:1087} INFO - 
--------------------------------------------------------------------------------
[2021-08-21 01:21:40,060] {taskinstance.py:1088} INFO - Starting attempt 1 of 1
[2021-08-21 01:21:40,060] {taskinstance.py:1089} INFO - 
--------------------------------------------------------------------------------
[2021-08-21 01:21:40,070] {taskinstance.py:1107} INFO - Executing <Task(SimpleHttpOperator): extracting_user> on 2021-08-21T01:21:36.225045+00:00
[2021-08-21 01:21:40,078] {standard_task_runner.py:52} INFO - Started process 11368 to run task
[2021-08-21 01:21:40,083] {standard_task_runner.py:76} INFO - Running: ['***', 'tasks', 'run', 'user_processing', 'extracting_user', '2021-08-21T01:21:36.225045+00:00', '--job-id', '25', '--pool', 'default_pool', '--raw', '--subdir', 'DAGS_FOLDER/user_processing.py', '--cfg-path', '/tmp/tmpv607h0vw', '--error-file', '/tmp/tmpkvj5wjal']
[2021-08-21 01:21:40,084] {standard_task_runner.py:77} INFO - Job 25: Subtask extracting_user
[2021-08-21 01:21:40,137] {logging_mixin.py:104} INFO - Running <TaskInstance: user_processing.extracting_user 2021-08-21T01:21:36.225045+00:00 [running]> on host 07cd8e03eca8
[2021-08-21 01:21:40,209] {taskinstance.py:1302} INFO - Exporting the following env vars:
AIRFLOW_CTX_DAG_OWNER=***
AIRFLOW_CTX_DAG_ID=user_processing
AIRFLOW_CTX_TASK_ID=extracting_user
AIRFLOW_CTX_EXECUTION_DATE=2021-08-21T01:21:36.225045+00:00
AIRFLOW_CTX_DAG_RUN_ID=manual__2021-08-21T01:21:36.225045+00:00
[2021-08-21 01:21:40,210] {http.py:111} INFO - Calling HTTP method
[2021-08-21 01:21:40,224] {base.py:78} INFO - Using connection to: id: user_api. Host: https://randomuser.me/, Port: None, Schema: , Login: , Password: None, extra: {}
[2021-08-21 01:21:40,227] {http.py:140} INFO - Sending 'GET' to url: https://randomuser.me/api/?nat=us,gb
[2021-08-21 01:21:40,661] {http.py:115} INFO - {"results":[{"gender":"male","name":{"title":"Mr","first":"Jamie","last":"Ross"},"location":{"street":{"number":5514,"name":"York Road"},"city":"Lisburn","state":"Tyne and Wear","country":"United Kingdom","postcode":"E66 2QF","coordinates":{"latitude":"77.3892","longitude":"-104.4269"},"timezone":{"offset":"+9:30","description":"Adelaide, Darwin"}},"email":"jamie.ross@example.com","login":{"uuid":"7ce8f7e0-e31b-4c04-becf-4509a12956a5","username":"silverwolf362","password":"usnavy","salt":"4pgRVbrC","md5":"d0f492bb70bab6a4703b1ddd9523c225","sha1":"bd85cb3001aa66903b5c8cef7d4909e661cf40f1","sha256":"955288bd4295d6b94984347deaf877f541410210216bc2793e77b512571399ce"},"dob":{"date":"1964-06-24T16:19:34.196Z","age":57},"registered":{"date":"2002-07-19T15:15:35.873Z","age":19},"phone":"015395 03172","cell":"0793-244-019","id":{"name":"NINO","value":"BT 78 98 35 W"},"picture":{"large":"https://randomuser.me/api/portraits/men/60.jpg","medium":"https://randomuser.me/api/portraits/med/men/60.jpg","thumbnail":"https://randomuser.me/api/portraits/thumb/men/60.jpg"},"nat":"GB"}],"info":{"seed":"10751a9baf65083b","results":1,"page":1,"version":"1.3"}}
[2021-08-21 01:21:40,696] {taskinstance.py:1211} INFO - Marking task as SUCCESS. dag_id=user_processing, task_id=extracting_user, execution_date=20210821T012136, start_date=20210821T012140, end_date=20210821T012140
[2021-08-21 01:21:40,750] {taskinstance.py:1265} INFO - 0 downstream tasks scheduled from follow-on schedule check
[2021-08-21 01:21:40,774] {local_task_job.py:149} INFO - Task exited with return code 0
